[2.082s] Invoking command in '/home/bbhanda/scoutbot_ws/src/arm_controller': PYTHONPATH=/home/bbhanda/scoutbot_ws/build/arm_controller/prefix_override:/usr/lib/python3/dist-packages/colcon_core/task/python/colcon_distutils_commands:/home/bbhanda/scoutbot_ws/install/arm_controller/lib/python3.10/site-packages:${PYTHONPATH} /usr/bin/python3 -W ignore:setup.py install is deprecated -W ignore:easy_install command is deprecated setup.py egg_info --egg-base ../../build/arm_controller build --build-base /home/bbhanda/scoutbot_ws/build/arm_controller/build install --record /home/bbhanda/scoutbot_ws/build/arm_controller/install.log --single-version-externally-managed install_data
[2.530s] running egg_info
[2.533s] writing ../../build/arm_controller/arm_controller.egg-info/PKG-INFO
[2.533s] writing dependency_links to ../../build/arm_controller/arm_controller.egg-info/dependency_links.txt
[2.533s] writing entry points to ../../build/arm_controller/arm_controller.egg-info/entry_points.txt
[2.534s] writing requirements to ../../build/arm_controller/arm_controller.egg-info/requires.txt
[2.534s] writing top-level names to ../../build/arm_controller/arm_controller.egg-info/top_level.txt
[2.545s] reading manifest file '../../build/arm_controller/arm_controller.egg-info/SOURCES.txt'
[2.546s] writing manifest file '../../build/arm_controller/arm_controller.egg-info/SOURCES.txt'
[2.571s] running build
[2.573s] running build_py
[2.573s] running install
[2.573s] running install_lib
[2.573s] running install_data
[2.573s] running install_egg_info
[2.580s] removing '/home/bbhanda/scoutbot_ws/install/arm_controller/lib/python3.10/site-packages/arm_controller-0.0.0-py3.10.egg-info' (and everything under it)
[2.586s] Copying ../../build/arm_controller/arm_controller.egg-info to /home/bbhanda/scoutbot_ws/install/arm_controller/lib/python3.10/site-packages/arm_controller-0.0.0-py3.10.egg-info
[2.590s] running install_scripts
[2.656s] Installing joint_publisher script to /home/bbhanda/scoutbot_ws/install/arm_controller/lib/arm_controller
[2.656s] Installing joint_subscriber script to /home/bbhanda/scoutbot_ws/install/arm_controller/lib/arm_controller
[2.657s] writing list of installed files to '/home/bbhanda/scoutbot_ws/build/arm_controller/install.log'
[2.746s] Invoked command in '/home/bbhanda/scoutbot_ws/src/arm_controller' returned '0': PYTHONPATH=/home/bbhanda/scoutbot_ws/build/arm_controller/prefix_override:/usr/lib/python3/dist-packages/colcon_core/task/python/colcon_distutils_commands:/home/bbhanda/scoutbot_ws/install/arm_controller/lib/python3.10/site-packages:${PYTHONPATH} /usr/bin/python3 -W ignore:setup.py install is deprecated -W ignore:easy_install command is deprecated setup.py egg_info --egg-base ../../build/arm_controller build --build-base /home/bbhanda/scoutbot_ws/build/arm_controller/build install --record /home/bbhanda/scoutbot_ws/build/arm_controller/install.log --single-version-externally-managed install_data
