[0.024s] Invoking command in '/home/bbhanda/scoutbot_ws/src/build/scoutbot_sim': CMAKE_PREFIX_PATH=${CMAKE_PREFIX_PATH}:/home/bbhanda/install/scoutbot_description:/opt/ros/humble /usr/bin/cmake --build /home/bbhanda/scoutbot_ws/src/build/scoutbot_sim -- -j8 -l8
[0.123s] -- Found ament_cmake: 1.3.11 (/opt/ros/humble/share/ament_cmake/cmake)
[0.279s] -- Found gazebo_ros: 3.9.0 (/opt/ros/humble/share/gazebo_ros/cmake)
[0.305s] -- Found rosidl_generator_c: 3.1.6 (/opt/ros/humble/share/rosidl_generator_c/cmake)
[0.307s] -- Found rosidl_adapter: 3.1.6 (/opt/ros/humble/share/rosidl_adapter/cmake)
[0.314s] -- Found rosidl_generator_cpp: 3.1.6 (/opt/ros/humble/share/rosidl_generator_cpp/cmake)
[0.329s] -- Using all available rosidl_typesupport_c: rosidl_typesupport_fastrtps_c;rosidl_typesupport_introspection_c
[0.364s] -- Using all available rosidl_typesupport_cpp: rosidl_typesupport_fastrtps_cpp;rosidl_typesupport_introspection_cpp
[0.395s] -- Found rmw_implementation_cmake: 6.1.2 (/opt/ros/humble/share/rmw_implementation_cmake/cmake)
[0.396s] -- Found rmw_fastrtps_cpp: 6.2.7 (/opt/ros/humble/share/rmw_fastrtps_cpp/cmake)
[0.534s] -- Using RMW implementation 'rmw_fastrtps_cpp' as default
[0.621s] -- Found DART: /usr/include (Required is at least version "6.6") found components: dart 
[0.654s] -- Found Protobuf: /usr/lib/x86_64-linux-gnu/libprotobuf.so (found version "3.12.4") 
[0.657s] -- Looking for ignition-math6 -- found version 6.15.1
[0.661s] -- Searching for dependencies of ignition-math6
[0.661s] -- Looking for OGRE...
[0.688s] -- Found Ogre Ghadamon (1.9.0)
[0.688s] -- Found OGRE: optimized;/usr/lib/x86_64-linux-gnu/libOgreMain.so;debug;/usr/lib/x86_64-linux-gnu/libOgreMain.so
[0.702s] -- Looking for OGRE_Paging...
[0.702s] -- Found OGRE_Paging: optimized;/usr/lib/x86_64-linux-gnu/libOgrePaging.so;debug;/usr/lib/x86_64-linux-gnu/libOgrePaging.so
[0.702s] -- Looking for OGRE_Terrain...
[0.702s] -- Found OGRE_Terrain: optimized;/usr/lib/x86_64-linux-gnu/libOgreTerrain.so;debug;/usr/lib/x86_64-linux-gnu/libOgreTerrain.so
[0.702s] -- Looking for OGRE_Property...
[0.702s] -- Found OGRE_Property: optimized;/usr/lib/x86_64-linux-gnu/libOgreProperty.so;debug;/usr/lib/x86_64-linux-gnu/libOgreProperty.so
[0.702s] -- Looking for OGRE_RTShaderSystem...
[0.702s] -- Found OGRE_RTShaderSystem: optimized;/usr/lib/x86_64-linux-gnu/libOgreRTShaderSystem.so;debug;/usr/lib/x86_64-linux-gnu/libOgreRTShaderSystem.so
[0.702s] -- Looking for OGRE_Volume...
[0.702s] -- Found OGRE_Volume: optimized;/usr/lib/x86_64-linux-gnu/libOgreVolume.so;debug;/usr/lib/x86_64-linux-gnu/libOgreVolume.so
[0.702s] -- Looking for OGRE_Overlay...
[0.702s] -- Found OGRE_Overlay: optimized;/usr/lib/x86_64-linux-gnu/libOgreOverlay.so;debug;/usr/lib/x86_64-linux-gnu/libOgreOverlay.so
[0.772s] -- Looking for ignition-math6 -- found version 6.15.1
[0.772s] -- Looking for ignition-transport8 -- found version 8.2.1
[0.773s] -- Searching for dependencies of ignition-transport8
[0.793s] -- Found Protobuf: /usr/lib/x86_64-linux-gnu/libprotobuf.so (found suitable version "3.12.4", minimum required is "3") 
[0.801s] -- Config-file not installed for ZeroMQ -- checking for pkg-config
[0.808s] -- Checking for module 'libzmq >= 4'
[0.831s] --   Found libzmq , version 4.3.4
[0.917s] -- Checking for module 'uuid'
[0.953s] --   Found uuid, version 2.37.2
[1.017s] -- Looking for ignition-msgs5 -- found version 5.8.1
[1.018s] -- Searching for dependencies of ignition-msgs5
[1.046s] -- Looking for ignition-math6 -- found version 6.15.1
[1.052s] -- Checking for module 'tinyxml2'
[1.070s] --   Found tinyxml2, version 9.0.0
[1.160s] -- Looking for ignition-msgs5 -- found version 5.8.1
[1.160s] -- Looking for ignition-common3 -- found version 3.14.0
[1.160s] -- Searching for dependencies of ignition-common3
[1.161s] -- Looking for dlfcn.h - found
[1.161s] -- Looking for libdl - found
[1.172s] -- Searching for <ignition-common3> component [graphics]
[1.172s] -- Looking for ignition-common3-graphics -- found version 3.14.0
[1.172s] -- Searching for dependencies of ignition-common3-graphics
[1.173s] -- Looking for ignition-math6 -- found version 6.15.1
[1.174s] -- Looking for ignition-fuel_tools4 -- found version 4.4.0
[1.174s] -- Searching for dependencies of ignition-fuel_tools4
[1.230s] -- Checking for module 'jsoncpp'
[1.252s] --   Found jsoncpp, version 1.9.5
[1.323s] -- Checking for module 'libzip'
[1.341s] --   Found libzip, version 1.7.3
[1.407s] -- Looking for ignition-common3 -- found version 3.14.0
[1.407s] -- Looking for ignition-math6 -- found version 6.15.1
[1.407s] -- Looking for ignition-msgs5 -- found version 5.8.1
[1.409s] -- Gazebo version: 11.10
[1.490s] -- Configuring done
[1.507s] -- Generating done
[1.512s] -- Build files have been written to: /home/bbhanda/scoutbot_ws/src/build/scoutbot_sim
[1.554s] Invoked command in '/home/bbhanda/scoutbot_ws/src/build/scoutbot_sim' returned '0': CMAKE_PREFIX_PATH=${CMAKE_PREFIX_PATH}:/home/bbhanda/install/scoutbot_description:/opt/ros/humble /usr/bin/cmake --build /home/bbhanda/scoutbot_ws/src/build/scoutbot_sim -- -j8 -l8
[1.599s] Invoking command in '/home/bbhanda/scoutbot_ws/src/build/scoutbot_sim': CMAKE_PREFIX_PATH=${CMAKE_PREFIX_PATH}:/home/bbhanda/install/scoutbot_description:/opt/ros/humble /usr/bin/cmake --install /home/bbhanda/scoutbot_ws/src/build/scoutbot_sim
[1.608s] -- Install configuration: ""
[1.608s] -- Installing: /home/bbhanda/scoutbot_ws/src/install/scoutbot_sim/share/$(PROJECT_NAME)/launch
[1.608s] -- Installing: /home/bbhanda/scoutbot_ws/src/install/scoutbot_sim/share/$(PROJECT_NAME)/launch/gazebo.launch.py
[1.608s] -- Installing: /home/bbhanda/scoutbot_ws/src/install/scoutbot_sim/share/$(PROJECT_NAME)/worlds
[1.609s] -- Installing: /home/bbhanda/scoutbot_ws/src/install/scoutbot_sim/share/$(PROJECT_NAME)/worlds/basic_world.world
[1.615s] -- Installing: /home/bbhanda/scoutbot_ws/src/install/scoutbot_sim/share/$(PROJECT_NAME)/worlds/empty_worlds.world
[1.616s] -- Up-to-date: /home/bbhanda/scoutbot_ws/src/install/scoutbot_sim/share/ament_index/resource_index/package_run_dependencies/scoutbot_sim
[1.616s] -- Installing: /home/bbhanda/scoutbot_ws/src/install/scoutbot_sim/share/ament_index/resource_index/parent_prefix_path/scoutbot_sim
[1.616s] -- Up-to-date: /home/bbhanda/scoutbot_ws/src/install/scoutbot_sim/share/scoutbot_sim/environment/ament_prefix_path.sh
[1.616s] -- Installing: /home/bbhanda/scoutbot_ws/src/install/scoutbot_sim/share/scoutbot_sim/environment/ament_prefix_path.dsv
[1.617s] -- Up-to-date: /home/bbhanda/scoutbot_ws/src/install/scoutbot_sim/share/scoutbot_sim/environment/path.sh
[1.617s] -- Installing: /home/bbhanda/scoutbot_ws/src/install/scoutbot_sim/share/scoutbot_sim/environment/path.dsv
[1.617s] -- Up-to-date: /home/bbhanda/scoutbot_ws/src/install/scoutbot_sim/share/scoutbot_sim/local_setup.bash
[1.617s] -- Up-to-date: /home/bbhanda/scoutbot_ws/src/install/scoutbot_sim/share/scoutbot_sim/local_setup.sh
[1.617s] -- Up-to-date: /home/bbhanda/scoutbot_ws/src/install/scoutbot_sim/share/scoutbot_sim/local_setup.zsh
[1.618s] -- Installing: /home/bbhanda/scoutbot_ws/src/install/scoutbot_sim/share/scoutbot_sim/local_setup.dsv
[1.618s] -- Installing: /home/bbhanda/scoutbot_ws/src/install/scoutbot_sim/share/scoutbot_sim/package.dsv
[1.618s] -- Up-to-date: /home/bbhanda/scoutbot_ws/src/install/scoutbot_sim/share/ament_index/resource_index/packages/scoutbot_sim
[1.618s] -- Up-to-date: /home/bbhanda/scoutbot_ws/src/install/scoutbot_sim/share/scoutbot_sim/cmake/scoutbot_simConfig.cmake
[1.619s] -- Up-to-date: /home/bbhanda/scoutbot_ws/src/install/scoutbot_sim/share/scoutbot_sim/cmake/scoutbot_simConfig-version.cmake
[1.619s] -- Up-to-date: /home/bbhanda/scoutbot_ws/src/install/scoutbot_sim/share/scoutbot_sim/package.xml
[1.622s] Invoked command in '/home/bbhanda/scoutbot_ws/src/build/scoutbot_sim' returned '0': CMAKE_PREFIX_PATH=${CMAKE_PREFIX_PATH}:/home/bbhanda/install/scoutbot_description:/opt/ros/humble /usr/bin/cmake --install /home/bbhanda/scoutbot_ws/src/build/scoutbot_sim
