[1.264s] Invoking command in '/home/bbhanda/scoutbot_ws/src/scoutbot_description': PYTHONPATH=/home/bbhanda/scoutbot_ws/build/scoutbot_description/prefix_override:/usr/lib/python3/dist-packages/colcon_core/task/python/colcon_distutils_commands:/home/bbhanda/scoutbot_ws/install/scoutbot_description/lib/python3.10/site-packages:${PYTHONPATH} /usr/bin/python3 -W ignore:setup.py install is deprecated -W ignore:easy_install command is deprecated setup.py egg_info --egg-base ../../build/scoutbot_description build --build-base /home/bbhanda/scoutbot_ws/build/scoutbot_description/build install --record /home/bbhanda/scoutbot_ws/build/scoutbot_description/install.log --single-version-externally-managed install_data
[1.485s] running egg_info
[1.486s] writing ../../build/scoutbot_description/scoutbot_description.egg-info/PKG-INFO
[1.488s] writing dependency_links to ../../build/scoutbot_description/scoutbot_description.egg-info/dependency_links.txt
[1.489s] writing entry points to ../../build/scoutbot_description/scoutbot_description.egg-info/entry_points.txt
[1.489s] writing requirements to ../../build/scoutbot_description/scoutbot_description.egg-info/requires.txt
[1.490s] writing top-level names to ../../build/scoutbot_description/scoutbot_description.egg-info/top_level.txt
[1.492s] reading manifest file '../../build/scoutbot_description/scoutbot_description.egg-info/SOURCES.txt'
[1.493s] writing manifest file '../../build/scoutbot_description/scoutbot_description.egg-info/SOURCES.txt'
[1.496s] running build
[1.496s] running build_py
[1.496s] running install
[1.496s] running install_lib
[1.496s] running install_data
[1.496s] copying launch/gazebo.launch.py -> /home/bbhanda/scoutbot_ws/install/scoutbot_description/share/scoutbot_description/launch
[1.500s] running install_egg_info
[1.500s] removing '/home/bbhanda/scoutbot_ws/install/scoutbot_description/lib/python3.10/site-packages/scoutbot_description-0.0.0-py3.10.egg-info' (and everything under it)
[1.500s] Copying ../../build/scoutbot_description/scoutbot_description.egg-info to /home/bbhanda/scoutbot_ws/install/scoutbot_description/lib/python3.10/site-packages/scoutbot_description-0.0.0-py3.10.egg-info
[1.501s] running install_scripts
[1.524s] Installing joint_sim script to /home/bbhanda/scoutbot_ws/install/scoutbot_description/lib/scoutbot_description
[1.525s] writing list of installed files to '/home/bbhanda/scoutbot_ws/build/scoutbot_description/install.log'
[1.576s] Invoked command in '/home/bbhanda/scoutbot_ws/src/scoutbot_description' returned '0': PYTHONPATH=/home/bbhanda/scoutbot_ws/build/scoutbot_description/prefix_override:/usr/lib/python3/dist-packages/colcon_core/task/python/colcon_distutils_commands:/home/bbhanda/scoutbot_ws/install/scoutbot_description/lib/python3.10/site-packages:${PYTHONPATH} /usr/bin/python3 -W ignore:setup.py install is deprecated -W ignore:easy_install command is deprecated setup.py egg_info --egg-base ../../build/scoutbot_description build --build-base /home/bbhanda/scoutbot_ws/build/scoutbot_description/build install --record /home/bbhanda/scoutbot_ws/build/scoutbot_description/install.log --single-version-externally-managed install_data
