[0.751s] Invoking command in '/home/bbhanda/scoutbot_ws/build/scoutbot_sim': CMAKE_PREFIX_PATH=${CMAKE_PREFIX_PATH}:/home/bbhanda/scoutbot_ws/install/scoutbot_description:/home/bbhanda/scoutbot_ws/install/arm_controller:/home/bbhanda/install/scoutbot_description:/home/bbhanda/install/arm_controller:/opt/ros/humble /usr/bin/cmake /home/bbhanda/scoutbot_ws/src/scoutbot_sim -DCMAKE_INSTALL_PREFIX=/home/bbhanda/scoutbot_ws/install/scoutbot_sim
[1.718s] -- Found ament_cmake: 1.3.11 (/opt/ros/humble/share/ament_cmake/cmake)
[1.999s] -- Override CMake install command with custom implementation using symlinks instead of copying resources
[2.032s] -- Found gazebo_ros: 3.9.0 (/opt/ros/humble/share/gazebo_ros/cmake)
[2.115s] -- Found rosidl_generator_c: 3.1.6 (/opt/ros/humble/share/rosidl_generator_c/cmake)
[2.117s] -- Found rosidl_adapter: 3.1.6 (/opt/ros/humble/share/rosidl_adapter/cmake)
[2.128s] -- Found rosidl_generator_cpp: 3.1.6 (/opt/ros/humble/share/rosidl_generator_cpp/cmake)
[2.151s] -- Using all available rosidl_typesupport_c: rosidl_typesupport_fastrtps_c;rosidl_typesupport_introspection_c
[2.178s] -- Using all available rosidl_typesupport_cpp: rosidl_typesupport_fastrtps_cpp;rosidl_typesupport_introspection_cpp
[2.220s] -- Found rmw_implementation_cmake: 6.1.2 (/opt/ros/humble/share/rmw_implementation_cmake/cmake)
[2.223s] -- Found rmw_fastrtps_cpp: 6.2.7 (/opt/ros/humble/share/rmw_fastrtps_cpp/cmake)
[2.360s] -- Using RMW implementation 'rmw_fastrtps_cpp' as default
[2.524s] -- Found DART: /usr/include (Required is at least version "6.6") found components: dart 
[2.651s] -- Found Protobuf: /usr/lib/x86_64-linux-gnu/libprotobuf.so (found version "3.12.4") 
[2.660s] -- Looking for ignition-math6 -- found version 6.15.1
[2.679s] -- Searching for dependencies of ignition-math6
[2.679s] -- Looking for OGRE...
[2.692s] -- Found Ogre Ghadamon (1.9.0)
[2.693s] -- Found OGRE: optimized;/usr/lib/x86_64-linux-gnu/libOgreMain.so;debug;/usr/lib/x86_64-linux-gnu/libOgreMain.so
[2.704s] -- Looking for OGRE_Paging...
[2.704s] -- Found OGRE_Paging: optimized;/usr/lib/x86_64-linux-gnu/libOgrePaging.so;debug;/usr/lib/x86_64-linux-gnu/libOgrePaging.so
[2.704s] -- Looking for OGRE_Terrain...
[2.705s] -- Found OGRE_Terrain: optimized;/usr/lib/x86_64-linux-gnu/libOgreTerrain.so;debug;/usr/lib/x86_64-linux-gnu/libOgreTerrain.so
[2.705s] -- Looking for OGRE_Property...
[2.705s] -- Found OGRE_Property: optimized;/usr/lib/x86_64-linux-gnu/libOgreProperty.so;debug;/usr/lib/x86_64-linux-gnu/libOgreProperty.so
[2.705s] -- Looking for OGRE_RTShaderSystem...
[2.705s] -- Found OGRE_RTShaderSystem: optimized;/usr/lib/x86_64-linux-gnu/libOgreRTShaderSystem.so;debug;/usr/lib/x86_64-linux-gnu/libOgreRTShaderSystem.so
[2.705s] -- Looking for OGRE_Volume...
[2.705s] -- Found OGRE_Volume: optimized;/usr/lib/x86_64-linux-gnu/libOgreVolume.so;debug;/usr/lib/x86_64-linux-gnu/libOgreVolume.so
[2.706s] -- Looking for OGRE_Overlay...
[2.706s] -- Found OGRE_Overlay: optimized;/usr/lib/x86_64-linux-gnu/libOgreOverlay.so;debug;/usr/lib/x86_64-linux-gnu/libOgreOverlay.so
[2.786s] -- Looking for ignition-math6 -- found version 6.15.1
[2.787s] -- Looking for ignition-transport8 -- found version 8.2.1
[2.788s] -- Searching for dependencies of ignition-transport8
[2.848s] -- Found Protobuf: /usr/lib/x86_64-linux-gnu/libprotobuf.so (found suitable version "3.12.4", minimum required is "3") 
[2.856s] -- Config-file not installed for ZeroMQ -- checking for pkg-config
[2.863s] -- Checking for module 'libzmq >= 4'
[2.908s] --   Found libzmq , version 4.3.4
[2.997s] -- Checking for module 'uuid'
[3.025s] --   Found uuid, version 2.37.2
[3.106s] -- Looking for ignition-msgs5 -- found version 5.8.1
[3.107s] -- Searching for dependencies of ignition-msgs5
[3.124s] -- Looking for ignition-math6 -- found version 6.15.1
[3.131s] -- Checking for module 'tinyxml2'
[3.163s] --   Found tinyxml2, version 9.0.0
[3.241s] -- Looking for ignition-msgs5 -- found version 5.8.1
[3.241s] -- Looking for ignition-common3 -- found version 3.14.0
[3.242s] -- Searching for dependencies of ignition-common3
[3.242s] -- Looking for dlfcn.h - found
[3.242s] -- Looking for libdl - found
[3.256s] -- Searching for <ignition-common3> component [graphics]
[3.256s] -- Looking for ignition-common3-graphics -- found version 3.14.0
[3.265s] -- Searching for dependencies of ignition-common3-graphics
[3.265s] -- Looking for ignition-math6 -- found version 6.15.1
[3.265s] -- Looking for ignition-fuel_tools4 -- found version 4.4.0
[3.265s] -- Searching for dependencies of ignition-fuel_tools4
[3.352s] -- Checking for module 'jsoncpp'
[3.391s] --   Found jsoncpp, version 1.9.5
[3.473s] -- Checking for module 'libzip'
[3.507s] --   Found libzip, version 1.7.3
[3.606s] -- Looking for ignition-common3 -- found version 3.14.0
[3.608s] -- Looking for ignition-math6 -- found version 6.15.1
[3.608s] -- Looking for ignition-msgs5 -- found version 5.8.1
[3.631s] -- Gazebo version: 11.10
[3.779s] -- Configuring done
[3.841s] -- Generating done
[3.858s] -- Build files have been written to: /home/bbhanda/scoutbot_ws/build/scoutbot_sim
[3.872s] Invoked command in '/home/bbhanda/scoutbot_ws/build/scoutbot_sim' returned '0': CMAKE_PREFIX_PATH=${CMAKE_PREFIX_PATH}:/home/bbhanda/scoutbot_ws/install/scoutbot_description:/home/bbhanda/scoutbot_ws/install/arm_controller:/home/bbhanda/install/scoutbot_description:/home/bbhanda/install/arm_controller:/opt/ros/humble /usr/bin/cmake /home/bbhanda/scoutbot_ws/src/scoutbot_sim -DCMAKE_INSTALL_PREFIX=/home/bbhanda/scoutbot_ws/install/scoutbot_sim
[3.872s] Invoking command in '/home/bbhanda/scoutbot_ws/build/scoutbot_sim': CMAKE_PREFIX_PATH=${CMAKE_PREFIX_PATH}:/home/bbhanda/scoutbot_ws/install/scoutbot_description:/home/bbhanda/scoutbot_ws/install/arm_controller:/home/bbhanda/install/scoutbot_description:/home/bbhanda/install/arm_controller:/opt/ros/humble /usr/bin/cmake --build /home/bbhanda/scoutbot_ws/build/scoutbot_sim -- -j8 -l8
[3.958s] Invoked command in '/home/bbhanda/scoutbot_ws/build/scoutbot_sim' returned '0': CMAKE_PREFIX_PATH=${CMAKE_PREFIX_PATH}:/home/bbhanda/scoutbot_ws/install/scoutbot_description:/home/bbhanda/scoutbot_ws/install/arm_controller:/home/bbhanda/install/scoutbot_description:/home/bbhanda/install/arm_controller:/opt/ros/humble /usr/bin/cmake --build /home/bbhanda/scoutbot_ws/build/scoutbot_sim -- -j8 -l8
[3.985s] Invoking command in '/home/bbhanda/scoutbot_ws/build/scoutbot_sim': CMAKE_PREFIX_PATH=${CMAKE_PREFIX_PATH}:/home/bbhanda/scoutbot_ws/install/scoutbot_description:/home/bbhanda/scoutbot_ws/install/arm_controller:/home/bbhanda/install/scoutbot_description:/home/bbhanda/install/arm_controller:/opt/ros/humble /usr/bin/cmake --install /home/bbhanda/scoutbot_ws/build/scoutbot_sim
[4.087s] -- Install configuration: ""
[4.094s] -- Execute custom install script
[4.097s] -- Up-to-date symlink: /home/bbhanda/scoutbot_ws/install/scoutbot_sim/share/scoutbot_sim/launch/gazebo.launch.py
[4.097s] -- Up-to-date symlink: /home/bbhanda/scoutbot_ws/install/scoutbot_sim/share/scoutbot_sim/launch/spawn_arm.launch.py
[4.097s] -- Up-to-date symlink: /home/bbhanda/scoutbot_ws/install/scoutbot_sim/share/scoutbot_sim/worlds/basic_world.world
[4.097s] -- Up-to-date symlink: /home/bbhanda/scoutbot_ws/install/scoutbot_sim/share/scoutbot_sim/worlds/empty_worlds.world
[4.097s] -- Up-to-date symlink: /home/bbhanda/scoutbot_ws/install/scoutbot_sim/share/ament_index/resource_index/package_run_dependencies/scoutbot_sim
[4.097s] -- Up-to-date symlink: /home/bbhanda/scoutbot_ws/install/scoutbot_sim/share/ament_index/resource_index/parent_prefix_path/scoutbot_sim
[4.097s] -- Up-to-date symlink: /home/bbhanda/scoutbot_ws/install/scoutbot_sim/share/scoutbot_sim/environment/ament_prefix_path.sh
[4.097s] -- Up-to-date symlink: /home/bbhanda/scoutbot_ws/install/scoutbot_sim/share/scoutbot_sim/environment/ament_prefix_path.dsv
[4.099s] -- Up-to-date symlink: /home/bbhanda/scoutbot_ws/install/scoutbot_sim/share/scoutbot_sim/environment/path.sh
[4.099s] -- Up-to-date symlink: /home/bbhanda/scoutbot_ws/install/scoutbot_sim/share/scoutbot_sim/environment/path.dsv
[4.099s] -- Up-to-date symlink: /home/bbhanda/scoutbot_ws/install/scoutbot_sim/share/scoutbot_sim/local_setup.bash
[4.099s] -- Up-to-date symlink: /home/bbhanda/scoutbot_ws/install/scoutbot_sim/share/scoutbot_sim/local_setup.sh
[4.099s] -- Up-to-date symlink: /home/bbhanda/scoutbot_ws/install/scoutbot_sim/share/scoutbot_sim/local_setup.zsh
[4.099s] -- Up-to-date symlink: /home/bbhanda/scoutbot_ws/install/scoutbot_sim/share/scoutbot_sim/local_setup.dsv
[4.099s] -- Symlinking: /home/bbhanda/scoutbot_ws/install/scoutbot_sim/share/scoutbot_sim/package.dsv
[4.099s] -- Up-to-date symlink: /home/bbhanda/scoutbot_ws/install/scoutbot_sim/share/ament_index/resource_index/packages/scoutbot_sim
[4.101s] -- Up-to-date symlink: /home/bbhanda/scoutbot_ws/install/scoutbot_sim/share/scoutbot_sim/cmake/scoutbot_simConfig.cmake
[4.101s] -- Up-to-date symlink: /home/bbhanda/scoutbot_ws/install/scoutbot_sim/share/scoutbot_sim/cmake/scoutbot_simConfig-version.cmake
[4.101s] -- Up-to-date symlink: /home/bbhanda/scoutbot_ws/install/scoutbot_sim/share/scoutbot_sim/package.xml
[4.102s] Invoked command in '/home/bbhanda/scoutbot_ws/build/scoutbot_sim' returned '0': CMAKE_PREFIX_PATH=${CMAKE_PREFIX_PATH}:/home/bbhanda/scoutbot_ws/install/scoutbot_description:/home/bbhanda/scoutbot_ws/install/arm_controller:/home/bbhanda/install/scoutbot_description:/home/bbhanda/install/arm_controller:/opt/ros/humble /usr/bin/cmake --install /home/bbhanda/scoutbot_ws/build/scoutbot_sim
