[0.845s] Invoking command in '/home/bbhanda/scoutbot_ws/src/scoutbot_description': PYTHONPATH=/home/bbhanda/scoutbot_ws/src/scoutbot_description/build/scoutbot_description/prefix_override:/usr/lib/python3/dist-packages/colcon_core/task/python/colcon_distutils_commands:/home/bbhanda/scoutbot_ws/src/scoutbot_description/install/scoutbot_description/lib/python3.10/site-packages:${PYTHONPATH} /usr/bin/python3 -W ignore:setup.py install is deprecated -W ignore:easy_install command is deprecated setup.py egg_info --egg-base build/scoutbot_description build --build-base /home/bbhanda/scoutbot_ws/src/scoutbot_description/build/scoutbot_description/build install --record /home/bbhanda/scoutbot_ws/src/scoutbot_description/build/scoutbot_description/install.log --single-version-externally-managed install_data
[1.110s] running egg_info
[1.110s] creating build/scoutbot_description/scoutbot_description.egg-info
[1.110s] writing build/scoutbot_description/scoutbot_description.egg-info/PKG-INFO
[1.110s] writing dependency_links to build/scoutbot_description/scoutbot_description.egg-info/dependency_links.txt
[1.110s] writing entry points to build/scoutbot_description/scoutbot_description.egg-info/entry_points.txt
[1.110s] writing requirements to build/scoutbot_description/scoutbot_description.egg-info/requires.txt
[1.110s] writing top-level names to build/scoutbot_description/scoutbot_description.egg-info/top_level.txt
[1.111s] writing manifest file 'build/scoutbot_description/scoutbot_description.egg-info/SOURCES.txt'
[1.111s] reading manifest file 'build/scoutbot_description/scoutbot_description.egg-info/SOURCES.txt'
[1.112s] writing manifest file 'build/scoutbot_description/scoutbot_description.egg-info/SOURCES.txt'
[1.112s] running build
[1.112s] running build_py
[1.112s] creating /home/bbhanda/scoutbot_ws/src/scoutbot_description/build/scoutbot_description/build
[1.112s] creating /home/bbhanda/scoutbot_ws/src/scoutbot_description/build/scoutbot_description/build/lib
[1.112s] creating /home/bbhanda/scoutbot_ws/src/scoutbot_description/build/scoutbot_description/build/lib/scoutbot_description
[1.112s] copying scoutbot_description/__init__.py -> /home/bbhanda/scoutbot_ws/src/scoutbot_description/build/scoutbot_description/build/lib/scoutbot_description
[1.113s] copying scoutbot_description/joint_sim.py -> /home/bbhanda/scoutbot_ws/src/scoutbot_description/build/scoutbot_description/build/lib/scoutbot_description
[1.113s] running install
[1.114s] running install_lib
[1.114s] creating /home/bbhanda/scoutbot_ws/src/scoutbot_description/install/scoutbot_description/lib/python3.10/site-packages/scoutbot_description
[1.114s] copying /home/bbhanda/scoutbot_ws/src/scoutbot_description/build/scoutbot_description/build/lib/scoutbot_description/__init__.py -> /home/bbhanda/scoutbot_ws/src/scoutbot_description/install/scoutbot_description/lib/python3.10/site-packages/scoutbot_description
[1.114s] copying /home/bbhanda/scoutbot_ws/src/scoutbot_description/build/scoutbot_description/build/lib/scoutbot_description/joint_sim.py -> /home/bbhanda/scoutbot_ws/src/scoutbot_description/install/scoutbot_description/lib/python3.10/site-packages/scoutbot_description
[1.116s] byte-compiling /home/bbhanda/scoutbot_ws/src/scoutbot_description/install/scoutbot_description/lib/python3.10/site-packages/scoutbot_description/__init__.py to __init__.cpython-310.pyc
[1.116s] byte-compiling /home/bbhanda/scoutbot_ws/src/scoutbot_description/install/scoutbot_description/lib/python3.10/site-packages/scoutbot_description/joint_sim.py to joint_sim.cpython-310.pyc
[1.117s] running install_data
[1.117s] creating /home/bbhanda/scoutbot_ws/src/scoutbot_description/install/scoutbot_description/share/ament_index
[1.117s] creating /home/bbhanda/scoutbot_ws/src/scoutbot_description/install/scoutbot_description/share/ament_index/resource_index
[1.117s] creating /home/bbhanda/scoutbot_ws/src/scoutbot_description/install/scoutbot_description/share/ament_index/resource_index/packages
[1.117s] copying resource/scoutbot_description -> /home/bbhanda/scoutbot_ws/src/scoutbot_description/install/scoutbot_description/share/ament_index/resource_index/packages
[1.117s] copying package.xml -> /home/bbhanda/scoutbot_ws/src/scoutbot_description/install/scoutbot_description/share/scoutbot_description
[1.117s] creating /home/bbhanda/scoutbot_ws/src/scoutbot_description/install/scoutbot_description/share/scoutbot_description/launch
[1.117s] copying launch/display.launch.py -> /home/bbhanda/scoutbot_ws/src/scoutbot_description/install/scoutbot_description/share/scoutbot_description/launch
[1.117s] copying launch/gazebo.launch.py -> /home/bbhanda/scoutbot_ws/src/scoutbot_description/install/scoutbot_description/share/scoutbot_description/launch
[1.117s] creating /home/bbhanda/scoutbot_ws/src/scoutbot_description/install/scoutbot_description/share/scoutbot_description/urdf
[1.117s] copying urdf/arm.urdf.xacro -> /home/bbhanda/scoutbot_ws/src/scoutbot_description/install/scoutbot_description/share/scoutbot_description/urdf
[1.117s] creating /home/bbhanda/scoutbot_ws/src/scoutbot_description/install/scoutbot_description/share/scoutbot_description/meshes
[1.117s] copying meshes/Joint_1.stl -> /home/bbhanda/scoutbot_ws/src/scoutbot_description/install/scoutbot_description/share/scoutbot_description/meshes
[1.124s] copying meshes/Base_Cover.stl -> /home/bbhanda/scoutbot_ws/src/scoutbot_description/install/scoutbot_description/share/scoutbot_description/meshes
[1.144s] copying meshes/Base.stl -> /home/bbhanda/scoutbot_ws/src/scoutbot_description/install/scoutbot_description/share/scoutbot_description/meshes
[1.170s] copying meshes/Link_4-Joint_5.stl -> /home/bbhanda/scoutbot_ws/src/scoutbot_description/install/scoutbot_description/share/scoutbot_description/meshes
[1.211s] copying meshes/Link_2-Joint_3.stl -> /home/bbhanda/scoutbot_ws/src/scoutbot_description/install/scoutbot_description/share/scoutbot_description/meshes
[1.234s] copying meshes/Link_1-Joint_2.stl -> /home/bbhanda/scoutbot_ws/src/scoutbot_description/install/scoutbot_description/share/scoutbot_description/meshes
[1.275s] copying meshes/Link_3-Joint_4.stl -> /home/bbhanda/scoutbot_ws/src/scoutbot_description/install/scoutbot_description/share/scoutbot_description/meshes
[1.305s] copying meshes/Link_5-Joint_6.stl -> /home/bbhanda/scoutbot_ws/src/scoutbot_description/install/scoutbot_description/share/scoutbot_description/meshes
[1.365s] creating /home/bbhanda/scoutbot_ws/src/scoutbot_description/install/scoutbot_description/share/scoutbot_description/config
[1.366s] copying config/controller.yaml -> /home/bbhanda/scoutbot_ws/src/scoutbot_description/install/scoutbot_description/share/scoutbot_description/config
[1.366s] running install_egg_info
[1.367s] Copying build/scoutbot_description/scoutbot_description.egg-info to /home/bbhanda/scoutbot_ws/src/scoutbot_description/install/scoutbot_description/lib/python3.10/site-packages/scoutbot_description-0.0.0-py3.10.egg-info
[1.369s] running install_scripts
[1.398s] Installing joint_sim script to /home/bbhanda/scoutbot_ws/src/scoutbot_description/install/scoutbot_description/lib/scoutbot_description
[1.399s] writing list of installed files to '/home/bbhanda/scoutbot_ws/src/scoutbot_description/build/scoutbot_description/install.log'
[1.495s] Invoked command in '/home/bbhanda/scoutbot_ws/src/scoutbot_description' returned '0': PYTHONPATH=/home/bbhanda/scoutbot_ws/src/scoutbot_description/build/scoutbot_description/prefix_override:/usr/lib/python3/dist-packages/colcon_core/task/python/colcon_distutils_commands:/home/bbhanda/scoutbot_ws/src/scoutbot_description/install/scoutbot_description/lib/python3.10/site-packages:${PYTHONPATH} /usr/bin/python3 -W ignore:setup.py install is deprecated -W ignore:easy_install command is deprecated setup.py egg_info --egg-base build/scoutbot_description build --build-base /home/bbhanda/scoutbot_ws/src/scoutbot_description/build/scoutbot_description/build install --record /home/bbhanda/scoutbot_ws/src/scoutbot_description/build/scoutbot_description/install.log --single-version-externally-managed install_data
