[1.467s] Invoking command in '/home/bbhanda/scoutbot_ws/build/arm_controller': PYTHONPATH=/home/bbhanda/scoutbot_ws/build/arm_controller/prefix_override:/usr/lib/python3/dist-packages/colcon_core/task/python/colcon_distutils_commands:/home/bbhanda/scoutbot_ws/install/arm_controller/lib/python3.10/site-packages:${PYTHONPATH} /usr/bin/python3 -W ignore:setup.py install is deprecated -W ignore:easy_install command is deprecated setup.py develop --uninstall --editable --build-directory /home/bbhanda/scoutbot_ws/build/arm_controller/build
[2.193s] running develop
[2.395s] Removing /home/bbhanda/scoutbot_ws/install/arm_controller/lib/python3.10/site-packages/arm-controller.egg-link (link to .)
[2.421s] Invoked command in '/home/bbhanda/scoutbot_ws/build/arm_controller' returned '0': PYTHONPATH=/home/bbhanda/scoutbot_ws/build/arm_controller/prefix_override:/usr/lib/python3/dist-packages/colcon_core/task/python/colcon_distutils_commands:/home/bbhanda/scoutbot_ws/install/arm_controller/lib/python3.10/site-packages:${PYTHONPATH} /usr/bin/python3 -W ignore:setup.py install is deprecated -W ignore:easy_install command is deprecated setup.py develop --uninstall --editable --build-directory /home/bbhanda/scoutbot_ws/build/arm_controller/build
[2.423s] Invoking command in '/home/bbhanda/scoutbot_ws/src/arm_controller': PYTHONPATH=/home/bbhanda/scoutbot_ws/build/arm_controller/prefix_override:/usr/lib/python3/dist-packages/colcon_core/task/python/colcon_distutils_commands:/home/bbhanda/scoutbot_ws/install/arm_controller/lib/python3.10/site-packages:${PYTHONPATH} /usr/bin/python3 -W ignore:setup.py install is deprecated -W ignore:easy_install command is deprecated setup.py egg_info --egg-base ../../build/arm_controller build --build-base /home/bbhanda/scoutbot_ws/build/arm_controller/build install --record /home/bbhanda/scoutbot_ws/build/arm_controller/install.log --single-version-externally-managed install_data --force
[2.674s] running egg_info
[2.674s] writing ../../build/arm_controller/arm_controller.egg-info/PKG-INFO
[2.675s] writing dependency_links to ../../build/arm_controller/arm_controller.egg-info/dependency_links.txt
[2.675s] writing entry points to ../../build/arm_controller/arm_controller.egg-info/entry_points.txt
[2.675s] writing requirements to ../../build/arm_controller/arm_controller.egg-info/requires.txt
[2.675s] writing top-level names to ../../build/arm_controller/arm_controller.egg-info/top_level.txt
[2.675s] reading manifest file '../../build/arm_controller/arm_controller.egg-info/SOURCES.txt'
[2.675s] writing manifest file '../../build/arm_controller/arm_controller.egg-info/SOURCES.txt'
[2.675s] running build
[2.675s] running build_py
[2.675s] running install
[2.676s] running install_lib
[2.676s] creating /home/bbhanda/scoutbot_ws/install/arm_controller/lib/python3.10/site-packages/arm_controller
[2.676s] copying /home/bbhanda/scoutbot_ws/build/arm_controller/build/lib/arm_controller/joint_subscriber.py -> /home/bbhanda/scoutbot_ws/install/arm_controller/lib/python3.10/site-packages/arm_controller
[2.676s] copying /home/bbhanda/scoutbot_ws/build/arm_controller/build/lib/arm_controller/__init__.py -> /home/bbhanda/scoutbot_ws/install/arm_controller/lib/python3.10/site-packages/arm_controller
[2.676s] copying /home/bbhanda/scoutbot_ws/build/arm_controller/build/lib/arm_controller/joint_publisher.py -> /home/bbhanda/scoutbot_ws/install/arm_controller/lib/python3.10/site-packages/arm_controller
[2.676s] byte-compiling /home/bbhanda/scoutbot_ws/install/arm_controller/lib/python3.10/site-packages/arm_controller/joint_subscriber.py to joint_subscriber.cpython-310.pyc
[2.681s] byte-compiling /home/bbhanda/scoutbot_ws/install/arm_controller/lib/python3.10/site-packages/arm_controller/__init__.py to __init__.cpython-310.pyc
[2.681s] byte-compiling /home/bbhanda/scoutbot_ws/install/arm_controller/lib/python3.10/site-packages/arm_controller/joint_publisher.py to joint_publisher.cpython-310.pyc
[2.682s] running install_data
[2.682s] copying resource/arm_controller -> /home/bbhanda/scoutbot_ws/install/arm_controller/share/ament_index/resource_index/packages
[2.682s] copying package.xml -> /home/bbhanda/scoutbot_ws/install/arm_controller/share/arm_controller
[2.683s] running install_egg_info
[2.686s] Copying ../../build/arm_controller/arm_controller.egg-info to /home/bbhanda/scoutbot_ws/install/arm_controller/lib/python3.10/site-packages/arm_controller-0.0.0-py3.10.egg-info
[2.687s] running install_scripts
[2.712s] Installing joint_publisher script to /home/bbhanda/scoutbot_ws/install/arm_controller/lib/arm_controller
[2.738s] Installing joint_subscriber script to /home/bbhanda/scoutbot_ws/install/arm_controller/lib/arm_controller
[2.738s] writing list of installed files to '/home/bbhanda/scoutbot_ws/build/arm_controller/install.log'
[2.759s] Invoked command in '/home/bbhanda/scoutbot_ws/src/arm_controller' returned '0': PYTHONPATH=/home/bbhanda/scoutbot_ws/build/arm_controller/prefix_override:/usr/lib/python3/dist-packages/colcon_core/task/python/colcon_distutils_commands:/home/bbhanda/scoutbot_ws/install/arm_controller/lib/python3.10/site-packages:${PYTHONPATH} /usr/bin/python3 -W ignore:setup.py install is deprecated -W ignore:easy_install command is deprecated setup.py egg_info --egg-base ../../build/arm_controller build --build-base /home/bbhanda/scoutbot_ws/build/arm_controller/build install --record /home/bbhanda/scoutbot_ws/build/arm_controller/install.log --single-version-externally-managed install_data --force
