[0.680s] Invoking command in '/home/bbhanda/scoutbot_ws/build/scoutbot_sim': CMAKE_PREFIX_PATH=${CMAKE_PREFIX_PATH}:/home/bbhanda/scoutbot_ws/install/scoutbot_description:/home/bbhanda/scoutbot_ws/install/arm_controller:/home/bbhanda/install/scoutbot_description:/home/bbhanda/install/arm_controller:/opt/ros/humble /usr/bin/cmake /home/bbhanda/scoutbot_ws/src/scoutbot_sim -DAMENT_CMAKE_SYMLINK_INSTALL=1 -DCMAKE_INSTALL_PREFIX=/home/bbhanda/scoutbot_ws/install/scoutbot_sim
[0.849s] -- Found ament_cmake: 1.3.11 (/opt/ros/humble/share/ament_cmake/cmake)
[1.139s] -- Override CMake install command with custom implementation using symlinks instead of copying resources
[1.327s] -- Found gazebo_ros: 3.9.0 (/opt/ros/humble/share/gazebo_ros/cmake)
[1.698s] -- Found rosidl_generator_c: 3.1.6 (/opt/ros/humble/share/rosidl_generator_c/cmake)
[1.748s] -- Found rosidl_adapter: 3.1.6 (/opt/ros/humble/share/rosidl_adapter/cmake)
[1.807s] -- Found rosidl_generator_cpp: 3.1.6 (/opt/ros/humble/share/rosidl_generator_cpp/cmake)
[1.958s] -- Using all available rosidl_typesupport_c: rosidl_typesupport_fastrtps_c;rosidl_typesupport_introspection_c
[2.057s] -- Using all available rosidl_typesupport_cpp: rosidl_typesupport_fastrtps_cpp;rosidl_typesupport_introspection_cpp
[2.765s] -- Found rmw_implementation_cmake: 6.1.2 (/opt/ros/humble/share/rmw_implementation_cmake/cmake)
[2.819s] -- Found rmw_fastrtps_cpp: 6.2.7 (/opt/ros/humble/share/rmw_fastrtps_cpp/cmake)
[3.621s] -- Using RMW implementation 'rmw_fastrtps_cpp' as default
[5.131s] -- Found DART: /usr/include (Required is at least version "6.6") found components: dart 
[5.699s] -- Found Protobuf: /usr/lib/x86_64-linux-gnu/libprotobuf.so (found version "3.12.4") 
[5.764s] -- Looking for ignition-math6 -- found version 6.15.1
[5.844s] -- Searching for dependencies of ignition-math6
[5.860s] -- Looking for OGRE...
[5.891s] -- Found Ogre Ghadamon (1.9.0)
[5.921s] -- Found OGRE: optimized;/usr/lib/x86_64-linux-gnu/libOgreMain.so;debug;/usr/lib/x86_64-linux-gnu/libOgreMain.so
[5.933s] -- Looking for OGRE_Paging...
[5.933s] -- Found OGRE_Paging: optimized;/usr/lib/x86_64-linux-gnu/libOgrePaging.so;debug;/usr/lib/x86_64-linux-gnu/libOgrePaging.so
[5.933s] -- Looking for OGRE_Terrain...
[5.933s] -- Found OGRE_Terrain: optimized;/usr/lib/x86_64-linux-gnu/libOgreTerrain.so;debug;/usr/lib/x86_64-linux-gnu/libOgreTerrain.so
[5.933s] -- Looking for OGRE_Property...
[5.933s] -- Found OGRE_Property: optimized;/usr/lib/x86_64-linux-gnu/libOgreProperty.so;debug;/usr/lib/x86_64-linux-gnu/libOgreProperty.so
[5.933s] -- Looking for OGRE_RTShaderSystem...
[5.933s] -- Found OGRE_RTShaderSystem: optimized;/usr/lib/x86_64-linux-gnu/libOgreRTShaderSystem.so;debug;/usr/lib/x86_64-linux-gnu/libOgreRTShaderSystem.so
[5.933s] -- Looking for OGRE_Volume...
[5.933s] -- Found OGRE_Volume: optimized;/usr/lib/x86_64-linux-gnu/libOgreVolume.so;debug;/usr/lib/x86_64-linux-gnu/libOgreVolume.so
[5.934s] -- Looking for OGRE_Overlay...
[5.934s] -- Found OGRE_Overlay: optimized;/usr/lib/x86_64-linux-gnu/libOgreOverlay.so;debug;/usr/lib/x86_64-linux-gnu/libOgreOverlay.so
[6.138s] -- Looking for ignition-math6 -- found version 6.15.1
[6.140s] -- Looking for ignition-transport8 -- found version 8.2.1
[6.141s] -- Searching for dependencies of ignition-transport8
[6.184s] -- Found Protobuf: /usr/lib/x86_64-linux-gnu/libprotobuf.so (found suitable version "3.12.4", minimum required is "3") 
[6.215s] -- Config-file not installed for ZeroMQ -- checking for pkg-config
[6.222s] -- Checking for module 'libzmq >= 4'
[6.340s] --   Found libzmq , version 4.3.4
[6.491s] -- Checking for module 'uuid'
[6.530s] --   Found uuid, version 2.37.2
[6.659s] -- Looking for ignition-msgs5 -- found version 5.8.1
[6.659s] -- Searching for dependencies of ignition-msgs5
[6.666s] -- Looking for ignition-math6 -- found version 6.15.1
[6.673s] -- Checking for module 'tinyxml2'
[6.729s] --   Found tinyxml2, version 9.0.0
[6.799s] -- Looking for ignition-msgs5 -- found version 5.8.1
[6.813s] -- Looking for ignition-common3 -- found version 3.14.0
[6.813s] -- Searching for dependencies of ignition-common3
[6.815s] -- Looking for dlfcn.h - found
[6.815s] -- Looking for libdl - found
[6.842s] -- Searching for <ignition-common3> component [graphics]
[6.846s] -- Looking for ignition-common3-graphics -- found version 3.14.0
[6.847s] -- Searching for dependencies of ignition-common3-graphics
[6.847s] -- Looking for ignition-math6 -- found version 6.15.1
[6.854s] -- Looking for ignition-fuel_tools4 -- found version 4.4.0
[6.854s] -- Searching for dependencies of ignition-fuel_tools4
[6.950s] -- Checking for module 'jsoncpp'
[7.012s] --   Found jsoncpp, version 1.9.5
[7.114s] -- Checking for module 'libzip'
[7.139s] --   Found libzip, version 1.7.3
[7.244s] -- Looking for ignition-common3 -- found version 3.14.0
[7.245s] -- Looking for ignition-math6 -- found version 6.15.1
[7.245s] -- Looking for ignition-msgs5 -- found version 5.8.1
[7.292s] -- Gazebo version: 11.10
[7.432s] -- Configuring done
[7.464s] -- Generating done
[7.471s] -- Build files have been written to: /home/bbhanda/scoutbot_ws/build/scoutbot_sim
[7.513s] Invoked command in '/home/bbhanda/scoutbot_ws/build/scoutbot_sim' returned '0': CMAKE_PREFIX_PATH=${CMAKE_PREFIX_PATH}:/home/bbhanda/scoutbot_ws/install/scoutbot_description:/home/bbhanda/scoutbot_ws/install/arm_controller:/home/bbhanda/install/scoutbot_description:/home/bbhanda/install/arm_controller:/opt/ros/humble /usr/bin/cmake /home/bbhanda/scoutbot_ws/src/scoutbot_sim -DAMENT_CMAKE_SYMLINK_INSTALL=1 -DCMAKE_INSTALL_PREFIX=/home/bbhanda/scoutbot_ws/install/scoutbot_sim
[7.515s] Invoking command in '/home/bbhanda/scoutbot_ws/build/scoutbot_sim': CMAKE_PREFIX_PATH=${CMAKE_PREFIX_PATH}:/home/bbhanda/scoutbot_ws/install/scoutbot_description:/home/bbhanda/scoutbot_ws/install/arm_controller:/home/bbhanda/install/scoutbot_description:/home/bbhanda/install/arm_controller:/opt/ros/humble /usr/bin/cmake --build /home/bbhanda/scoutbot_ws/build/scoutbot_sim -- -j8 -l8
[7.585s] Invoked command in '/home/bbhanda/scoutbot_ws/build/scoutbot_sim' returned '0': CMAKE_PREFIX_PATH=${CMAKE_PREFIX_PATH}:/home/bbhanda/scoutbot_ws/install/scoutbot_description:/home/bbhanda/scoutbot_ws/install/arm_controller:/home/bbhanda/install/scoutbot_description:/home/bbhanda/install/arm_controller:/opt/ros/humble /usr/bin/cmake --build /home/bbhanda/scoutbot_ws/build/scoutbot_sim -- -j8 -l8
[7.614s] Invoking command in '/home/bbhanda/scoutbot_ws/build/scoutbot_sim': CMAKE_PREFIX_PATH=${CMAKE_PREFIX_PATH}:/home/bbhanda/scoutbot_ws/install/scoutbot_description:/home/bbhanda/scoutbot_ws/install/arm_controller:/home/bbhanda/install/scoutbot_description:/home/bbhanda/install/arm_controller:/opt/ros/humble /usr/bin/cmake --install /home/bbhanda/scoutbot_ws/build/scoutbot_sim
[7.624s] -- Install configuration: ""
[7.624s] -- Execute custom install script
[7.624s] -- Symlinking: /home/bbhanda/scoutbot_ws/install/scoutbot_sim/share/scoutbot_sim/launch/gazebo.launch.py
[7.636s] -- Symlinking: /home/bbhanda/scoutbot_ws/install/scoutbot_sim/share/scoutbot_sim/launch/spawn_arm.launch.py
[7.648s] -- Symlinking: /home/bbhanda/scoutbot_ws/install/scoutbot_sim/share/scoutbot_sim/worlds/basic_world.world
[7.661s] -- Symlinking: /home/bbhanda/scoutbot_ws/install/scoutbot_sim/share/scoutbot_sim/worlds/empty_worlds.world
[7.672s] -- Symlinking: /home/bbhanda/scoutbot_ws/install/scoutbot_sim/share/ament_index/resource_index/package_run_dependencies/scoutbot_sim
[7.697s] -- Symlinking: /home/bbhanda/scoutbot_ws/install/scoutbot_sim/share/ament_index/resource_index/parent_prefix_path/scoutbot_sim
[7.714s] -- Symlinking: /home/bbhanda/scoutbot_ws/install/scoutbot_sim/share/scoutbot_sim/environment/ament_prefix_path.sh
[7.728s] -- Symlinking: /home/bbhanda/scoutbot_ws/install/scoutbot_sim/share/scoutbot_sim/environment/ament_prefix_path.dsv
[7.740s] -- Symlinking: /home/bbhanda/scoutbot_ws/install/scoutbot_sim/share/scoutbot_sim/environment/path.sh
[7.751s] -- Symlinking: /home/bbhanda/scoutbot_ws/install/scoutbot_sim/share/scoutbot_sim/environment/path.dsv
[7.763s] -- Symlinking: /home/bbhanda/scoutbot_ws/install/scoutbot_sim/share/scoutbot_sim/local_setup.bash
[7.792s] -- Symlinking: /home/bbhanda/scoutbot_ws/install/scoutbot_sim/share/scoutbot_sim/local_setup.sh
[7.792s] -- Symlinking: /home/bbhanda/scoutbot_ws/install/scoutbot_sim/share/scoutbot_sim/local_setup.zsh
[7.816s] -- Symlinking: /home/bbhanda/scoutbot_ws/install/scoutbot_sim/share/scoutbot_sim/local_setup.dsv
[7.827s] -- Symlinking: /home/bbhanda/scoutbot_ws/install/scoutbot_sim/share/scoutbot_sim/package.dsv
[7.845s] -- Symlinking: /home/bbhanda/scoutbot_ws/install/scoutbot_sim/share/ament_index/resource_index/packages/scoutbot_sim
[7.864s] -- Symlinking: /home/bbhanda/scoutbot_ws/install/scoutbot_sim/share/scoutbot_sim/cmake/scoutbot_simConfig.cmake
[7.883s] -- Symlinking: /home/bbhanda/scoutbot_ws/install/scoutbot_sim/share/scoutbot_sim/cmake/scoutbot_simConfig-version.cmake
[7.895s] -- Symlinking: /home/bbhanda/scoutbot_ws/install/scoutbot_sim/share/scoutbot_sim/package.xml
[7.927s] Invoked command in '/home/bbhanda/scoutbot_ws/build/scoutbot_sim' returned '0': CMAKE_PREFIX_PATH=${CMAKE_PREFIX_PATH}:/home/bbhanda/scoutbot_ws/install/scoutbot_description:/home/bbhanda/scoutbot_ws/install/arm_controller:/home/bbhanda/install/scoutbot_description:/home/bbhanda/install/arm_controller:/opt/ros/humble /usr/bin/cmake --install /home/bbhanda/scoutbot_ws/build/scoutbot_sim
