running egg_info
writing ../../build/arm_controller/arm_controller.egg-info/PKG-INFO
writing dependency_links to ../../build/arm_controller/arm_controller.egg-info/dependency_links.txt
writing entry points to ../../build/arm_controller/arm_controller.egg-info/entry_points.txt
writing requirements to ../../build/arm_controller/arm_controller.egg-info/requires.txt
writing top-level names to ../../build/arm_controller/arm_controller.egg-info/top_level.txt
reading manifest file '../../build/arm_controller/arm_controller.egg-info/SOURCES.txt'
writing manifest file '../../build/arm_controller/arm_controller.egg-info/SOURCES.txt'
running build
running build_py
running install
running install_lib
running install_data
running install_egg_info
removing '/home/bbhanda/scoutbot_ws/install/arm_controller/lib/python3.10/site-packages/arm_controller-0.0.0-py3.10.egg-info' (and everything under it)
Copying ../../build/arm_controller/arm_controller.egg-info to /home/bbhanda/scoutbot_ws/install/arm_controller/lib/python3.10/site-packages/arm_controller-0.0.0-py3.10.egg-info
running install_scripts
Installing joint_publisher script to /home/bbhanda/scoutbot_ws/install/arm_controller/lib/arm_controller
Installing joint_subscriber script to /home/bbhanda/scoutbot_ws/install/arm_controller/lib/arm_controller
writing list of installed files to '/home/bbhanda/scoutbot_ws/build/arm_controller/install.log'
