[0.090s] DEBUG:colcon:Command line arguments: ['/usr/bin/colcon', 'build', '--packages-select', 'scoutbot_description']
[0.090s] DEBUG:colcon:Parsed command line arguments: Namespace(log_base=None, log_level=None, verb_name='build', build_base='build', install_base='install', merge_install=False, symlink_install=False, test_result_base=None, continue_on_error=False, executor='parallel', parallel_workers=8, event_handlers=None, ignore_user_meta=False, metas=['./colcon.meta'], base_paths=['.'], packages_ignore=None, packages_ignore_regex=None, paths=None, packages_up_to=None, packages_up_to_regex=None, packages_above=None, packages_above_and_dependencies=None, packages_above_depth=None, packages_select_by_dep=None, packages_skip_by_dep=None, packages_skip_up_to=None, packages_select_build_failed=False, packages_skip_build_finished=False, packages_select_test_failures=False, packages_skip_test_passed=False, packages_select=['scoutbot_description'], packages_skip=None, packages_select_regex=None, packages_skip_regex=None, packages_start=None, packages_end=None, allow_overriding=[], cmake_args=None, cmake_target=None, cmake_target_skip_unavailable=False, cmake_clean_cache=False, cmake_clean_first=False, cmake_force_configure=False, ament_cmake_args=None, catkin_cmake_args=None, catkin_skip_building_tests=False, verb_parser=<colcon_defaults.argument_parser.defaults.DefaultArgumentsDecorator object at 0x706d29d7c100>, verb_extension=<colcon_core.verb.build.BuildVerb object at 0x706d29ee0e20>, main=<bound method BuildVerb.main of <colcon_core.verb.build.BuildVerb object at 0x706d29ee0e20>>)
[0.261s] Level 1:colcon.colcon_core.package_discovery:discover_packages(colcon_meta) check parameters
[0.261s] Level 1:colcon.colcon_core.package_discovery:discover_packages(recursive) check parameters
[0.261s] Level 1:colcon.colcon_core.package_discovery:discover_packages(ignore) check parameters
[0.261s] Level 1:colcon.colcon_core.package_discovery:discover_packages(path) check parameters
[0.261s] Level 1:colcon.colcon_core.package_discovery:discover_packages(colcon_meta) discover
[0.261s] Level 1:colcon.colcon_core.package_discovery:discover_packages(recursive) discover
[0.261s] INFO:colcon.colcon_core.package_discovery:Crawling recursively for packages in '/home/bbhanda/scoutbot_ws'
[0.261s] Level 1:colcon.colcon_core.package_identification:_identify(.) by extensions ['ignore', 'ignore_ament_install']
[0.261s] Level 1:colcon.colcon_core.package_identification:_identify(.) by extension 'ignore'
[0.261s] Level 1:colcon.colcon_core.package_identification:_identify(.) by extension 'ignore_ament_install'
[0.261s] Level 1:colcon.colcon_core.package_identification:_identify(.) by extensions ['colcon_pkg']
[0.261s] Level 1:colcon.colcon_core.package_identification:_identify(.) by extension 'colcon_pkg'
[0.261s] Level 1:colcon.colcon_core.package_identification:_identify(.) by extensions ['colcon_meta']
[0.262s] Level 1:colcon.colcon_core.package_identification:_identify(.) by extension 'colcon_meta'
[0.262s] Level 1:colcon.colcon_core.package_identification:_identify(.) by extensions ['ros']
[0.262s] Level 1:colcon.colcon_core.package_identification:_identify(.) by extension 'ros'
[0.338s] Level 1:colcon.colcon_core.package_identification:_identify(.) by extensions ['cmake', 'python']
[0.338s] Level 1:colcon.colcon_core.package_identification:_identify(.) by extension 'cmake'
[0.338s] Level 1:colcon.colcon_core.package_identification:_identify(.) by extension 'python'
[0.339s] Level 1:colcon.colcon_core.package_identification:_identify(.) by extensions ['python_setup_py']
[0.339s] Level 1:colcon.colcon_core.package_identification:_identify(.) by extension 'python_setup_py'
[0.339s] Level 1:colcon.colcon_core.package_identification:_identify(build) by extensions ['ignore', 'ignore_ament_install']
[0.340s] Level 1:colcon.colcon_core.package_identification:_identify(build) by extension 'ignore'
[0.340s] Level 1:colcon.colcon_core.package_identification:_identify(build) ignored
[0.340s] Level 1:colcon.colcon_core.package_identification:_identify(install) by extensions ['ignore', 'ignore_ament_install']
[0.340s] Level 1:colcon.colcon_core.package_identification:_identify(install) by extension 'ignore'
[0.340s] Level 1:colcon.colcon_core.package_identification:_identify(install) ignored
[0.341s] Level 1:colcon.colcon_core.package_identification:_identify(log) by extensions ['ignore', 'ignore_ament_install']
[0.341s] Level 1:colcon.colcon_core.package_identification:_identify(log) by extension 'ignore'
[0.341s] Level 1:colcon.colcon_core.package_identification:_identify(log) ignored
[0.341s] Level 1:colcon.colcon_core.package_identification:_identify(src) by extensions ['ignore', 'ignore_ament_install']
[0.342s] Level 1:colcon.colcon_core.package_identification:_identify(src) by extension 'ignore'
[0.342s] Level 1:colcon.colcon_core.package_identification:_identify(src) by extension 'ignore_ament_install'
[0.342s] Level 1:colcon.colcon_core.package_identification:_identify(src) by extensions ['colcon_pkg']
[0.342s] Level 1:colcon.colcon_core.package_identification:_identify(src) by extension 'colcon_pkg'
[0.342s] Level 1:colcon.colcon_core.package_identification:_identify(src) by extensions ['colcon_meta']
[0.342s] Level 1:colcon.colcon_core.package_identification:_identify(src) by extension 'colcon_meta'
[0.342s] Level 1:colcon.colcon_core.package_identification:_identify(src) by extensions ['ros']
[0.343s] Level 1:colcon.colcon_core.package_identification:_identify(src) by extension 'ros'
[0.343s] Level 1:colcon.colcon_core.package_identification:_identify(src) by extensions ['cmake', 'python']
[0.343s] Level 1:colcon.colcon_core.package_identification:_identify(src) by extension 'cmake'
[0.343s] Level 1:colcon.colcon_core.package_identification:_identify(src) by extension 'python'
[0.343s] Level 1:colcon.colcon_core.package_identification:_identify(src) by extensions ['python_setup_py']
[0.343s] Level 1:colcon.colcon_core.package_identification:_identify(src) by extension 'python_setup_py'
[0.343s] Level 1:colcon.colcon_core.package_identification:_identify(src/arm_controller) by extensions ['ignore', 'ignore_ament_install']
[0.343s] Level 1:colcon.colcon_core.package_identification:_identify(src/arm_controller) by extension 'ignore'
[0.343s] Level 1:colcon.colcon_core.package_identification:_identify(src/arm_controller) by extension 'ignore_ament_install'
[0.343s] Level 1:colcon.colcon_core.package_identification:_identify(src/arm_controller) by extensions ['colcon_pkg']
[0.343s] Level 1:colcon.colcon_core.package_identification:_identify(src/arm_controller) by extension 'colcon_pkg'
[0.343s] Level 1:colcon.colcon_core.package_identification:_identify(src/arm_controller) by extensions ['colcon_meta']
[0.343s] Level 1:colcon.colcon_core.package_identification:_identify(src/arm_controller) by extension 'colcon_meta'
[0.343s] Level 1:colcon.colcon_core.package_identification:_identify(src/arm_controller) by extensions ['ros']
[0.343s] Level 1:colcon.colcon_core.package_identification:_identify(src/arm_controller) by extension 'ros'
[0.347s] DEBUG:colcon.colcon_core.package_identification:Package 'src/arm_controller' with type 'ros.ament_python' and name 'arm_controller'
[0.347s] Level 1:colcon.colcon_core.package_identification:_identify(src/build) by extensions ['ignore', 'ignore_ament_install']
[0.347s] Level 1:colcon.colcon_core.package_identification:_identify(src/build) by extension 'ignore'
[0.347s] Level 1:colcon.colcon_core.package_identification:_identify(src/build) ignored
[0.347s] Level 1:colcon.colcon_core.package_identification:_identify(src/install) by extensions ['ignore', 'ignore_ament_install']
[0.348s] Level 1:colcon.colcon_core.package_identification:_identify(src/install) by extension 'ignore'
[0.348s] Level 1:colcon.colcon_core.package_identification:_identify(src/install) ignored
[0.348s] Level 1:colcon.colcon_core.package_identification:_identify(src/log) by extensions ['ignore', 'ignore_ament_install']
[0.348s] Level 1:colcon.colcon_core.package_identification:_identify(src/log) by extension 'ignore'
[0.348s] Level 1:colcon.colcon_core.package_identification:_identify(src/log) ignored
[0.348s] Level 1:colcon.colcon_core.package_identification:_identify(src/scoutbot_description) by extensions ['ignore', 'ignore_ament_install']
[0.348s] Level 1:colcon.colcon_core.package_identification:_identify(src/scoutbot_description) by extension 'ignore'
[0.348s] Level 1:colcon.colcon_core.package_identification:_identify(src/scoutbot_description) by extension 'ignore_ament_install'
[0.348s] Level 1:colcon.colcon_core.package_identification:_identify(src/scoutbot_description) by extensions ['colcon_pkg']
[0.348s] Level 1:colcon.colcon_core.package_identification:_identify(src/scoutbot_description) by extension 'colcon_pkg'
[0.348s] Level 1:colcon.colcon_core.package_identification:_identify(src/scoutbot_description) by extensions ['colcon_meta']
[0.348s] Level 1:colcon.colcon_core.package_identification:_identify(src/scoutbot_description) by extension 'colcon_meta'
[0.348s] Level 1:colcon.colcon_core.package_identification:_identify(src/scoutbot_description) by extensions ['ros']
[0.348s] Level 1:colcon.colcon_core.package_identification:_identify(src/scoutbot_description) by extension 'ros'
[0.349s] DEBUG:colcon.colcon_core.package_identification:Package 'src/scoutbot_description' with type 'ros.ament_python' and name 'scoutbot_description'
[0.349s] Level 1:colcon.colcon_core.package_identification:_identify(src/scoutbot_sim) by extensions ['ignore', 'ignore_ament_install']
[0.349s] Level 1:colcon.colcon_core.package_identification:_identify(src/scoutbot_sim) by extension 'ignore'
[0.349s] Level 1:colcon.colcon_core.package_identification:_identify(src/scoutbot_sim) by extension 'ignore_ament_install'
[0.349s] Level 1:colcon.colcon_core.package_identification:_identify(src/scoutbot_sim) by extensions ['colcon_pkg']
[0.349s] Level 1:colcon.colcon_core.package_identification:_identify(src/scoutbot_sim) by extension 'colcon_pkg'
[0.349s] Level 1:colcon.colcon_core.package_identification:_identify(src/scoutbot_sim) by extensions ['colcon_meta']
[0.349s] Level 1:colcon.colcon_core.package_identification:_identify(src/scoutbot_sim) by extension 'colcon_meta'
[0.349s] Level 1:colcon.colcon_core.package_identification:_identify(src/scoutbot_sim) by extensions ['ros']
[0.349s] Level 1:colcon.colcon_core.package_identification:_identify(src/scoutbot_sim) by extension 'ros'
[0.350s] DEBUG:colcon.colcon_core.package_identification:Package 'src/scoutbot_sim' with type 'ros.ament_cmake' and name 'scoutbot_sim'
[0.350s] Level 1:colcon.colcon_core.package_discovery:discover_packages(recursive) using defaults
[0.350s] Level 1:colcon.colcon_core.package_discovery:discover_packages(ignore) discover
[0.350s] Level 1:colcon.colcon_core.package_discovery:discover_packages(ignore) using defaults
[0.350s] Level 1:colcon.colcon_core.package_discovery:discover_packages(path) discover
[0.350s] Level 1:colcon.colcon_core.package_discovery:discover_packages(path) using defaults
[0.368s] INFO:colcon.colcon_core.package_selection:Skipping not selected package 'arm_controller' in 'src/arm_controller'
[0.368s] INFO:colcon.colcon_core.package_selection:Skipping not selected package 'scoutbot_sim' in 'src/scoutbot_sim'
[0.369s] Level 1:colcon.colcon_core.package_discovery:discover_packages(prefix_path) check parameters
[0.369s] Level 1:colcon.colcon_core.package_discovery:discover_packages(prefix_path) discover
[0.370s] DEBUG:colcon.colcon_installed_package_information.package_discovery:Found 1 installed packages in /home/bbhanda/scoutbot_ws/install
[0.371s] DEBUG:colcon.colcon_installed_package_information.package_discovery:Found 304 installed packages in /opt/ros/humble
[0.380s] Level 1:colcon.colcon_core.package_discovery:discover_packages(prefix_path) using defaults
[0.416s] Level 5:colcon.colcon_core.verb:set package 'scoutbot_description' build argument 'cmake_args' from command line to 'None'
[0.416s] Level 5:colcon.colcon_core.verb:set package 'scoutbot_description' build argument 'cmake_target' from command line to 'None'
[0.416s] Level 5:colcon.colcon_core.verb:set package 'scoutbot_description' build argument 'cmake_target_skip_unavailable' from command line to 'False'
[0.416s] Level 5:colcon.colcon_core.verb:set package 'scoutbot_description' build argument 'cmake_clean_cache' from command line to 'False'
[0.417s] Level 5:colcon.colcon_core.verb:set package 'scoutbot_description' build argument 'cmake_clean_first' from command line to 'False'
[0.417s] Level 5:colcon.colcon_core.verb:set package 'scoutbot_description' build argument 'cmake_force_configure' from command line to 'False'
[0.417s] Level 5:colcon.colcon_core.verb:set package 'scoutbot_description' build argument 'ament_cmake_args' from command line to 'None'
[0.417s] Level 5:colcon.colcon_core.verb:set package 'scoutbot_description' build argument 'catkin_cmake_args' from command line to 'None'
[0.417s] Level 5:colcon.colcon_core.verb:set package 'scoutbot_description' build argument 'catkin_skip_building_tests' from command line to 'False'
[0.417s] DEBUG:colcon.colcon_core.verb:Building package 'scoutbot_description' with the following arguments: {'ament_cmake_args': None, 'build_base': '/home/bbhanda/scoutbot_ws/build/scoutbot_description', 'catkin_cmake_args': None, 'catkin_skip_building_tests': False, 'cmake_args': None, 'cmake_clean_cache': False, 'cmake_clean_first': False, 'cmake_force_configure': False, 'cmake_target': None, 'cmake_target_skip_unavailable': False, 'install_base': '/home/bbhanda/scoutbot_ws/install/scoutbot_description', 'merge_install': False, 'path': '/home/bbhanda/scoutbot_ws/src/scoutbot_description', 'symlink_install': False, 'test_result_base': None}
[0.417s] INFO:colcon.colcon_core.executor:Executing jobs using 'parallel' executor
[0.418s] DEBUG:colcon.colcon_parallel_executor.executor.parallel:run_until_complete
[0.419s] INFO:colcon.colcon_ros.task.ament_python.build:Building ROS package in '/home/bbhanda/scoutbot_ws/src/scoutbot_description' with build type 'ament_python'
[0.419s] Level 1:colcon.colcon_core.shell:create_environment_hook('scoutbot_description', 'ament_prefix_path')
[0.423s] INFO:colcon.colcon_core.plugin_system:Skipping extension 'colcon_core.shell.bat': Not used on non-Windows systems
[0.423s] INFO:colcon.colcon_core.shell:Creating environment hook '/home/bbhanda/scoutbot_ws/install/scoutbot_description/share/scoutbot_description/hook/ament_prefix_path.ps1'
[0.424s] INFO:colcon.colcon_core.shell:Creating environment descriptor '/home/bbhanda/scoutbot_ws/install/scoutbot_description/share/scoutbot_description/hook/ament_prefix_path.dsv'
[0.424s] INFO:colcon.colcon_core.shell:Creating environment hook '/home/bbhanda/scoutbot_ws/install/scoutbot_description/share/scoutbot_description/hook/ament_prefix_path.sh'
[0.425s] INFO:colcon.colcon_core.shell:Skip shell extension 'powershell' for command environment: Not usable outside of PowerShell
[0.425s] DEBUG:colcon.colcon_core.shell:Skip shell extension 'dsv' for command environment
[0.671s] INFO:colcon.colcon_core.task.python.build:Building Python package in '/home/bbhanda/scoutbot_ws/src/scoutbot_description'
[0.672s] INFO:colcon.colcon_core.shell:Skip shell extension 'powershell' for command environment: Not usable outside of PowerShell
[0.672s] DEBUG:colcon.colcon_core.shell:Skip shell extension 'dsv' for command environment
[1.198s] DEBUG:colcon.colcon_core.event_handler.log_command:Invoking command in '/home/bbhanda/scoutbot_ws/src/scoutbot_description': PYTHONPATH=/home/bbhanda/scoutbot_ws/build/scoutbot_description/prefix_override:/usr/lib/python3/dist-packages/colcon_core/task/python/colcon_distutils_commands:/home/bbhanda/scoutbot_ws/install/scoutbot_description/lib/python3.10/site-packages:${PYTHONPATH} /usr/bin/python3 -W ignore:setup.py install is deprecated -W ignore:easy_install command is deprecated setup.py egg_info --egg-base ../../build/scoutbot_description build --build-base /home/bbhanda/scoutbot_ws/build/scoutbot_description/build install --record /home/bbhanda/scoutbot_ws/build/scoutbot_description/install.log --single-version-externally-managed install_data
[1.462s] DEBUG:colcon.colcon_core.event_handler.log_command:Invoked command in '/home/bbhanda/scoutbot_ws/src/scoutbot_description' returned '0': PYTHONPATH=/home/bbhanda/scoutbot_ws/build/scoutbot_description/prefix_override:/usr/lib/python3/dist-packages/colcon_core/task/python/colcon_distutils_commands:/home/bbhanda/scoutbot_ws/install/scoutbot_description/lib/python3.10/site-packages:${PYTHONPATH} /usr/bin/python3 -W ignore:setup.py install is deprecated -W ignore:easy_install command is deprecated setup.py egg_info --egg-base ../../build/scoutbot_description build --build-base /home/bbhanda/scoutbot_ws/build/scoutbot_description/build install --record /home/bbhanda/scoutbot_ws/build/scoutbot_description/install.log --single-version-externally-managed install_data
[1.463s] Level 1:colcon.colcon_core.environment:checking '/home/bbhanda/scoutbot_ws/install/scoutbot_description' for CMake module files
[1.463s] Level 1:colcon.colcon_core.environment:checking '/home/bbhanda/scoutbot_ws/install/scoutbot_description' for CMake config files
[1.464s] Level 1:colcon.colcon_core.environment:checking '/home/bbhanda/scoutbot_ws/install/scoutbot_description/lib'
[1.464s] Level 1:colcon.colcon_core.environment:checking '/home/bbhanda/scoutbot_ws/install/scoutbot_description/bin'
[1.464s] Level 1:colcon.colcon_core.environment:checking '/home/bbhanda/scoutbot_ws/install/scoutbot_description/lib/pkgconfig/scoutbot_description.pc'
[1.464s] Level 1:colcon.colcon_core.environment:checking '/home/bbhanda/scoutbot_ws/install/scoutbot_description/lib/python3.10/site-packages'
[1.464s] Level 1:colcon.colcon_core.shell:create_environment_hook('scoutbot_description', 'pythonpath')
[1.465s] INFO:colcon.colcon_core.shell:Creating environment hook '/home/bbhanda/scoutbot_ws/install/scoutbot_description/share/scoutbot_description/hook/pythonpath.ps1'
[1.465s] INFO:colcon.colcon_core.shell:Creating environment descriptor '/home/bbhanda/scoutbot_ws/install/scoutbot_description/share/scoutbot_description/hook/pythonpath.dsv'
[1.466s] INFO:colcon.colcon_core.shell:Creating environment hook '/home/bbhanda/scoutbot_ws/install/scoutbot_description/share/scoutbot_description/hook/pythonpath.sh'
[1.467s] Level 1:colcon.colcon_core.environment:checking '/home/bbhanda/scoutbot_ws/install/scoutbot_description/bin'
[1.468s] Level 1:colcon.colcon_core.environment:create_environment_scripts_only(scoutbot_description)
[1.468s] INFO:colcon.colcon_core.shell:Creating package script '/home/bbhanda/scoutbot_ws/install/scoutbot_description/share/scoutbot_description/package.ps1'
[1.469s] INFO:colcon.colcon_core.shell:Creating package descriptor '/home/bbhanda/scoutbot_ws/install/scoutbot_description/share/scoutbot_description/package.dsv'
[1.470s] INFO:colcon.colcon_core.shell:Creating package script '/home/bbhanda/scoutbot_ws/install/scoutbot_description/share/scoutbot_description/package.sh'
[1.471s] INFO:colcon.colcon_core.shell:Creating package script '/home/bbhanda/scoutbot_ws/install/scoutbot_description/share/scoutbot_description/package.bash'
[1.480s] INFO:colcon.colcon_core.shell:Creating package script '/home/bbhanda/scoutbot_ws/install/scoutbot_description/share/scoutbot_description/package.zsh'
[1.482s] Level 1:colcon.colcon_core.environment:create_file_with_runtime_dependencies(/home/bbhanda/scoutbot_ws/install/scoutbot_description/share/colcon-core/packages/scoutbot_description)
[1.482s] DEBUG:colcon.colcon_parallel_executor.executor.parallel:closing loop
[1.483s] DEBUG:colcon.colcon_parallel_executor.executor.parallel:loop closed
[1.483s] DEBUG:colcon.colcon_parallel_executor.executor.parallel:run_until_complete finished with '0'
[1.483s] DEBUG:colcon.colcon_core.event_reactor:joining thread
[1.496s] INFO:colcon.colcon_core.plugin_system:Skipping extension 'colcon_notification.desktop_notification.terminal_notifier': Not used on non-Darwin systems
[1.496s] INFO:colcon.colcon_core.plugin_system:Skipping extension 'colcon_notification.desktop_notification.win32': Not used on non-Windows systems
[1.497s] INFO:colcon.colcon_notification.desktop_notification:Sending desktop notification using 'notify2'
[1.534s] DEBUG:colcon.colcon_core.event_reactor:joined thread
[1.535s] INFO:colcon.colcon_core.shell:Creating prefix script '/home/bbhanda/scoutbot_ws/install/local_setup.ps1'
[1.536s] INFO:colcon.colcon_core.shell:Creating prefix util module '/home/bbhanda/scoutbot_ws/install/_local_setup_util_ps1.py'
[1.538s] INFO:colcon.colcon_core.shell:Creating prefix chain script '/home/bbhanda/scoutbot_ws/install/setup.ps1'
[1.540s] INFO:colcon.colcon_core.shell:Creating prefix script '/home/bbhanda/scoutbot_ws/install/local_setup.sh'
[1.540s] INFO:colcon.colcon_core.shell:Creating prefix util module '/home/bbhanda/scoutbot_ws/install/_local_setup_util_sh.py'
[1.555s] INFO:colcon.colcon_core.shell:Creating prefix chain script '/home/bbhanda/scoutbot_ws/install/setup.sh'
[1.556s] INFO:colcon.colcon_core.shell:Creating prefix script '/home/bbhanda/scoutbot_ws/install/local_setup.bash'
[1.557s] INFO:colcon.colcon_core.shell:Creating prefix chain script '/home/bbhanda/scoutbot_ws/install/setup.bash'
[1.559s] INFO:colcon.colcon_core.shell:Creating prefix script '/home/bbhanda/scoutbot_ws/install/local_setup.zsh'
[1.560s] INFO:colcon.colcon_core.shell:Creating prefix chain script '/home/bbhanda/scoutbot_ws/install/setup.zsh'
