[1.880s] Invoking command in '/home/bbhanda/scoutbot_ws/src/scoutbot_description': PYTHONPATH=/home/bbhanda/scoutbot_ws/src/build/scoutbot_description/prefix_override:/usr/lib/python3/dist-packages/colcon_core/task/python/colcon_distutils_commands:/home/bbhanda/scoutbot_ws/src/install/scoutbot_description/lib/python3.10/site-packages:${PYTHONPATH} /usr/bin/python3 -W ignore:setup.py install is deprecated -W ignore:easy_install command is deprecated setup.py egg_info --egg-base ../build/scoutbot_description build --build-base /home/bbhanda/scoutbot_ws/src/build/scoutbot_description/build install --record /home/bbhanda/scoutbot_ws/src/build/scoutbot_description/install.log --single-version-externally-managed install_data
[2.452s] running egg_info
[2.452s] writing ../build/scoutbot_description/scoutbot_description.egg-info/PKG-INFO
[2.453s] writing dependency_links to ../build/scoutbot_description/scoutbot_description.egg-info/dependency_links.txt
[2.453s] writing entry points to ../build/scoutbot_description/scoutbot_description.egg-info/entry_points.txt
[2.453s] writing requirements to ../build/scoutbot_description/scoutbot_description.egg-info/requires.txt
[2.454s] writing top-level names to ../build/scoutbot_description/scoutbot_description.egg-info/top_level.txt
[2.468s] reading manifest file '../build/scoutbot_description/scoutbot_description.egg-info/SOURCES.txt'
[2.468s] writing manifest file '../build/scoutbot_description/scoutbot_description.egg-info/SOURCES.txt'
[2.468s] running build
[2.468s] running build_py
[2.468s] running install
[2.472s] running install_lib
[2.477s] running install_data
[2.477s] copying urdf/arm.urdf.xacro -> /home/bbhanda/scoutbot_ws/src/install/scoutbot_description/share/scoutbot_description/urdf
[2.479s] running install_egg_info
[2.494s] removing '/home/bbhanda/scoutbot_ws/src/install/scoutbot_description/lib/python3.10/site-packages/scoutbot_description-0.0.0-py3.10.egg-info' (and everything under it)
[2.494s] Copying ../build/scoutbot_description/scoutbot_description.egg-info to /home/bbhanda/scoutbot_ws/src/install/scoutbot_description/lib/python3.10/site-packages/scoutbot_description-0.0.0-py3.10.egg-info
[2.494s] running install_scripts
[2.614s] Installing joint_sim script to /home/bbhanda/scoutbot_ws/src/install/scoutbot_description/lib/scoutbot_description
[2.617s] writing list of installed files to '/home/bbhanda/scoutbot_ws/src/build/scoutbot_description/install.log'
[2.729s] Invoked command in '/home/bbhanda/scoutbot_ws/src/scoutbot_description' returned '0': PYTHONPATH=/home/bbhanda/scoutbot_ws/src/build/scoutbot_description/prefix_override:/usr/lib/python3/dist-packages/colcon_core/task/python/colcon_distutils_commands:/home/bbhanda/scoutbot_ws/src/install/scoutbot_description/lib/python3.10/site-packages:${PYTHONPATH} /usr/bin/python3 -W ignore:setup.py install is deprecated -W ignore:easy_install command is deprecated setup.py egg_info --egg-base ../build/scoutbot_description build --build-base /home/bbhanda/scoutbot_ws/src/build/scoutbot_description/build install --record /home/bbhanda/scoutbot_ws/src/build/scoutbot_description/install.log --single-version-externally-managed install_data
