-- Install configuration: ""
-- Up-to-date: /home/bbhanda/scoutbot_ws/install/scoutbot_sim/share/scoutbot_sim/launch
-- Up-to-date: /home/bbhanda/scoutbot_ws/install/scoutbot_sim/share/scoutbot_sim/launch/spawn_arm.launch.py
-- Up-to-date: /home/bbhanda/scoutbot_ws/install/scoutbot_sim/share/scoutbot_sim/launch/gazebo.launch.py
-- Up-to-date: /home/bbhanda/scoutbot_ws/install/scoutbot_sim/share/scoutbot_sim/worlds
-- Up-to-date: /home/bbhanda/scoutbot_ws/install/scoutbot_sim/share/scoutbot_sim/worlds/basic_world.world
-- Up-to-date: /home/bbhanda/scoutbot_ws/install/scoutbot_sim/share/scoutbot_sim/worlds/empty_worlds.world
-- Up-to-date: /home/bbhanda/scoutbot_ws/install/scoutbot_sim/share/ament_index/resource_index/package_run_dependencies/scoutbot_sim
-- Up-to-date: /home/bbhanda/scoutbot_ws/install/scoutbot_sim/share/ament_index/resource_index/parent_prefix_path/scoutbot_sim
-- Up-to-date: /home/bbhanda/scoutbot_ws/install/scoutbot_sim/share/scoutbot_sim/environment/ament_prefix_path.sh
-- Up-to-date: /home/bbhanda/scoutbot_ws/install/scoutbot_sim/share/scoutbot_sim/environment/ament_prefix_path.dsv
-- Up-to-date: /home/bbhanda/scoutbot_ws/install/scoutbot_sim/share/scoutbot_sim/environment/path.sh
-- Up-to-date: /home/bbhanda/scoutbot_ws/install/scoutbot_sim/share/scoutbot_sim/environment/path.dsv
-- Up-to-date: /home/bbhanda/scoutbot_ws/install/scoutbot_sim/share/scoutbot_sim/local_setup.bash
-- Up-to-date: /home/bbhanda/scoutbot_ws/install/scoutbot_sim/share/scoutbot_sim/local_setup.sh
-- Up-to-date: /home/bbhanda/scoutbot_ws/install/scoutbot_sim/share/scoutbot_sim/local_setup.zsh
-- Up-to-date: /home/bbhanda/scoutbot_ws/install/scoutbot_sim/share/scoutbot_sim/local_setup.dsv
-- Up-to-date: /home/bbhanda/scoutbot_ws/install/scoutbot_sim/share/scoutbot_sim/package.dsv
-- Up-to-date: /home/bbhanda/scoutbot_ws/install/scoutbot_sim/share/ament_index/resource_index/packages/scoutbot_sim
-- Up-to-date: /home/bbhanda/scoutbot_ws/install/scoutbot_sim/share/scoutbot_sim/cmake/scoutbot_simConfig.cmake
-- Up-to-date: /home/bbhanda/scoutbot_ws/install/scoutbot_sim/share/scoutbot_sim/cmake/scoutbot_simConfig-version.cmake
-- Up-to-date: /home/bbhanda/scoutbot_ws/install/scoutbot_sim/share/scoutbot_sim/package.xml
