[0.630s] Invoking command in '/home/bbhanda/scoutbot_ws/build/scoutbot_sim': CMAKE_PREFIX_PATH=${CMAKE_PREFIX_PATH}:/home/bbhanda/scoutbot_ws/install/scoutbot_description:/home/bbhanda/scoutbot_ws/install/arm_controller:/home/bbhanda/install/scoutbot_description:/opt/ros/humble /usr/bin/cmake --build /home/bbhanda/scoutbot_ws/build/scoutbot_sim -- -j8 -l8
[0.730s] Invoked command in '/home/bbhanda/scoutbot_ws/build/scoutbot_sim' returned '0': CMAKE_PREFIX_PATH=${CMAKE_PREFIX_PATH}:/home/bbhanda/scoutbot_ws/install/scoutbot_description:/home/bbhanda/scoutbot_ws/install/arm_controller:/home/bbhanda/install/scoutbot_description:/opt/ros/humble /usr/bin/cmake --build /home/bbhanda/scoutbot_ws/build/scoutbot_sim -- -j8 -l8
[0.758s] Invoking command in '/home/bbhanda/scoutbot_ws/build/scoutbot_sim': CMAKE_PREFIX_PATH=${CMAKE_PREFIX_PATH}:/home/bbhanda/scoutbot_ws/install/scoutbot_description:/home/bbhanda/scoutbot_ws/install/arm_controller:/home/bbhanda/install/scoutbot_description:/opt/ros/humble /usr/bin/cmake --install /home/bbhanda/scoutbot_ws/build/scoutbot_sim
[0.774s] -- Install configuration: ""
[0.777s] -- Up-to-date: /home/bbhanda/scoutbot_ws/install/scoutbot_sim/share/scoutbot_sim/launch
[0.779s] -- Up-to-date: /home/bbhanda/scoutbot_ws/install/scoutbot_sim/share/scoutbot_sim/launch/spawn_arm.launch.py
[0.783s] -- Up-to-date: /home/bbhanda/scoutbot_ws/install/scoutbot_sim/share/scoutbot_sim/launch/gazebo.launch.py
[0.784s] -- Up-to-date: /home/bbhanda/scoutbot_ws/install/scoutbot_sim/share/scoutbot_sim/worlds
[0.789s] -- Up-to-date: /home/bbhanda/scoutbot_ws/install/scoutbot_sim/share/scoutbot_sim/worlds/basic_world.world
[0.792s] -- Up-to-date: /home/bbhanda/scoutbot_ws/install/scoutbot_sim/share/scoutbot_sim/worlds/empty_worlds.world
[0.795s] -- Up-to-date: /home/bbhanda/scoutbot_ws/install/scoutbot_sim/share/ament_index/resource_index/package_run_dependencies/scoutbot_sim
[0.795s] -- Up-to-date: /home/bbhanda/scoutbot_ws/install/scoutbot_sim/share/ament_index/resource_index/parent_prefix_path/scoutbot_sim
[0.795s] -- Up-to-date: /home/bbhanda/scoutbot_ws/install/scoutbot_sim/share/scoutbot_sim/environment/ament_prefix_path.sh
[0.796s] -- Up-to-date: /home/bbhanda/scoutbot_ws/install/scoutbot_sim/share/scoutbot_sim/environment/ament_prefix_path.dsv
[0.809s] -- Up-to-date: /home/bbhanda/scoutbot_ws/install/scoutbot_sim/share/scoutbot_sim/environment/path.sh
[0.810s] -- Up-to-date: /home/bbhanda/scoutbot_ws/install/scoutbot_sim/share/scoutbot_sim/environment/path.dsv
[0.810s] -- Up-to-date: /home/bbhanda/scoutbot_ws/install/scoutbot_sim/share/scoutbot_sim/local_setup.bash
[0.810s] -- Up-to-date: /home/bbhanda/scoutbot_ws/install/scoutbot_sim/share/scoutbot_sim/local_setup.sh
[0.811s] -- Up-to-date: /home/bbhanda/scoutbot_ws/install/scoutbot_sim/share/scoutbot_sim/local_setup.zsh
[0.811s] -- Up-to-date: /home/bbhanda/scoutbot_ws/install/scoutbot_sim/share/scoutbot_sim/local_setup.dsv
[0.811s] -- Up-to-date: /home/bbhanda/scoutbot_ws/install/scoutbot_sim/share/scoutbot_sim/package.dsv
[0.811s] -- Up-to-date: /home/bbhanda/scoutbot_ws/install/scoutbot_sim/share/ament_index/resource_index/packages/scoutbot_sim
[0.811s] -- Up-to-date: /home/bbhanda/scoutbot_ws/install/scoutbot_sim/share/scoutbot_sim/cmake/scoutbot_simConfig.cmake
[0.812s] -- Up-to-date: /home/bbhanda/scoutbot_ws/install/scoutbot_sim/share/scoutbot_sim/cmake/scoutbot_simConfig-version.cmake
[0.816s] -- Up-to-date: /home/bbhanda/scoutbot_ws/install/scoutbot_sim/share/scoutbot_sim/package.xml
[0.817s] Invoked command in '/home/bbhanda/scoutbot_ws/build/scoutbot_sim' returned '0': CMAKE_PREFIX_PATH=${CMAKE_PREFIX_PATH}:/home/bbhanda/scoutbot_ws/install/scoutbot_description:/home/bbhanda/scoutbot_ws/install/arm_controller:/home/bbhanda/install/scoutbot_description:/opt/ros/humble /usr/bin/cmake --install /home/bbhanda/scoutbot_ws/build/scoutbot_sim
