[14.205s] DEBUG:colcon:Command line arguments: ['/usr/bin/colcon', 'build', '--packages-select', 'scoutbot_description', '--symlink-install']
[14.205s] DEBUG:colcon:Parsed command line arguments: Namespace(log_base=None, log_level=None, verb_name='build', build_base='build', install_base='install', merge_install=False, symlink_install=True, test_result_base=None, continue_on_error=False, executor='parallel', parallel_workers=8, event_handlers=None, ignore_user_meta=False, metas=['./colcon.meta'], base_paths=['.'], packages_ignore=None, packages_ignore_regex=None, paths=None, packages_up_to=None, packages_up_to_regex=None, packages_above=None, packages_above_and_dependencies=None, packages_above_depth=None, packages_select_by_dep=None, packages_skip_by_dep=None, packages_skip_up_to=None, packages_select_build_failed=False, packages_skip_build_finished=False, packages_select_test_failures=False, packages_skip_test_passed=False, packages_select=['scoutbot_description'], packages_skip=None, packages_select_regex=None, packages_skip_regex=None, packages_start=None, packages_end=None, allow_overriding=[], cmake_args=None, cmake_target=None, cmake_target_skip_unavailable=False, cmake_clean_cache=False, cmake_clean_first=False, cmake_force_configure=False, ament_cmake_args=None, catkin_cmake_args=None, catkin_skip_building_tests=False, verb_parser=<colcon_defaults.argument_parser.defaults.DefaultArgumentsDecorator object at 0x70d2e1e2fc40>, verb_extension=<colcon_core.verb.build.BuildVerb object at 0x70d2e1fd8910>, main=<bound method BuildVerb.main of <colcon_core.verb.build.BuildVerb object at 0x70d2e1fd8910>>)
[23.977s] Level 1:colcon.colcon_core.package_discovery:discover_packages(colcon_meta) check parameters
[23.977s] Level 1:colcon.colcon_core.package_discovery:discover_packages(recursive) check parameters
[23.977s] Level 1:colcon.colcon_core.package_discovery:discover_packages(ignore) check parameters
[23.977s] Level 1:colcon.colcon_core.package_discovery:discover_packages(path) check parameters
[23.977s] Level 1:colcon.colcon_core.package_discovery:discover_packages(colcon_meta) discover
[23.977s] Level 1:colcon.colcon_core.package_discovery:discover_packages(recursive) discover
[23.977s] INFO:colcon.colcon_core.package_discovery:Crawling recursively for packages in '/home/bbhanda/scoutbot_ws'
[23.977s] Level 1:colcon.colcon_core.package_identification:_identify(.) by extensions ['ignore', 'ignore_ament_install']
[23.978s] Level 1:colcon.colcon_core.package_identification:_identify(.) by extension 'ignore'
[23.978s] Level 1:colcon.colcon_core.package_identification:_identify(.) by extension 'ignore_ament_install'
[23.978s] Level 1:colcon.colcon_core.package_identification:_identify(.) by extensions ['colcon_pkg']
[23.978s] Level 1:colcon.colcon_core.package_identification:_identify(.) by extension 'colcon_pkg'
[23.978s] Level 1:colcon.colcon_core.package_identification:_identify(.) by extensions ['colcon_meta']
[23.978s] Level 1:colcon.colcon_core.package_identification:_identify(.) by extension 'colcon_meta'
[23.978s] Level 1:colcon.colcon_core.package_identification:_identify(.) by extensions ['ros']
[23.978s] Level 1:colcon.colcon_core.package_identification:_identify(.) by extension 'ros'
[24.048s] Level 1:colcon.colcon_core.package_identification:_identify(.) by extensions ['cmake', 'python']
[24.048s] Level 1:colcon.colcon_core.package_identification:_identify(.) by extension 'cmake'
[24.048s] Level 1:colcon.colcon_core.package_identification:_identify(.) by extension 'python'
[24.048s] Level 1:colcon.colcon_core.package_identification:_identify(.) by extensions ['python_setup_py']
[24.049s] Level 1:colcon.colcon_core.package_identification:_identify(.) by extension 'python_setup_py'
[24.049s] Level 1:colcon.colcon_core.package_identification:_identify(build) by extensions ['ignore', 'ignore_ament_install']
[24.049s] Level 1:colcon.colcon_core.package_identification:_identify(build) by extension 'ignore'
[24.049s] Level 1:colcon.colcon_core.package_identification:_identify(build) ignored
[24.049s] Level 1:colcon.colcon_core.package_identification:_identify(install) by extensions ['ignore', 'ignore_ament_install']
[24.049s] Level 1:colcon.colcon_core.package_identification:_identify(install) by extension 'ignore'
[24.049s] Level 1:colcon.colcon_core.package_identification:_identify(install) ignored
[24.050s] Level 1:colcon.colcon_core.package_identification:_identify(log) by extensions ['ignore', 'ignore_ament_install']
[24.050s] Level 1:colcon.colcon_core.package_identification:_identify(log) by extension 'ignore'
[24.050s] Level 1:colcon.colcon_core.package_identification:_identify(log) ignored
[24.050s] Level 1:colcon.colcon_core.package_identification:_identify(src) by extensions ['ignore', 'ignore_ament_install']
[24.050s] Level 1:colcon.colcon_core.package_identification:_identify(src) by extension 'ignore'
[24.050s] Level 1:colcon.colcon_core.package_identification:_identify(src) by extension 'ignore_ament_install'
[24.050s] Level 1:colcon.colcon_core.package_identification:_identify(src) by extensions ['colcon_pkg']
[24.050s] Level 1:colcon.colcon_core.package_identification:_identify(src) by extension 'colcon_pkg'
[24.050s] Level 1:colcon.colcon_core.package_identification:_identify(src) by extensions ['colcon_meta']
[24.050s] Level 1:colcon.colcon_core.package_identification:_identify(src) by extension 'colcon_meta'
[24.050s] Level 1:colcon.colcon_core.package_identification:_identify(src) by extensions ['ros']
[24.051s] Level 1:colcon.colcon_core.package_identification:_identify(src) by extension 'ros'
[24.051s] Level 1:colcon.colcon_core.package_identification:_identify(src) by extensions ['cmake', 'python']
[24.051s] Level 1:colcon.colcon_core.package_identification:_identify(src) by extension 'cmake'
[24.051s] Level 1:colcon.colcon_core.package_identification:_identify(src) by extension 'python'
[24.051s] Level 1:colcon.colcon_core.package_identification:_identify(src) by extensions ['python_setup_py']
[24.051s] Level 1:colcon.colcon_core.package_identification:_identify(src) by extension 'python_setup_py'
[24.051s] Level 1:colcon.colcon_core.package_identification:_identify(src/arm_controller) by extensions ['ignore', 'ignore_ament_install']
[24.051s] Level 1:colcon.colcon_core.package_identification:_identify(src/arm_controller) by extension 'ignore'
[24.051s] Level 1:colcon.colcon_core.package_identification:_identify(src/arm_controller) by extension 'ignore_ament_install'
[24.051s] Level 1:colcon.colcon_core.package_identification:_identify(src/arm_controller) by extensions ['colcon_pkg']
[24.051s] Level 1:colcon.colcon_core.package_identification:_identify(src/arm_controller) by extension 'colcon_pkg'
[24.051s] Level 1:colcon.colcon_core.package_identification:_identify(src/arm_controller) by extensions ['colcon_meta']
[24.051s] Level 1:colcon.colcon_core.package_identification:_identify(src/arm_controller) by extension 'colcon_meta'
[24.051s] Level 1:colcon.colcon_core.package_identification:_identify(src/arm_controller) by extensions ['ros']
[24.051s] Level 1:colcon.colcon_core.package_identification:_identify(src/arm_controller) by extension 'ros'
[24.145s] DEBUG:colcon.colcon_core.package_identification:Package 'src/arm_controller' with type 'ros.ament_python' and name 'arm_controller'
[24.145s] Level 1:colcon.colcon_core.package_identification:_identify(src/build) by extensions ['ignore', 'ignore_ament_install']
[24.145s] Level 1:colcon.colcon_core.package_identification:_identify(src/build) by extension 'ignore'
[24.146s] Level 1:colcon.colcon_core.package_identification:_identify(src/build) ignored
[24.146s] Level 1:colcon.colcon_core.package_identification:_identify(src/install) by extensions ['ignore', 'ignore_ament_install']
[24.146s] Level 1:colcon.colcon_core.package_identification:_identify(src/install) by extension 'ignore'
[24.146s] Level 1:colcon.colcon_core.package_identification:_identify(src/install) ignored
[24.146s] Level 1:colcon.colcon_core.package_identification:_identify(src/log) by extensions ['ignore', 'ignore_ament_install']
[24.146s] Level 1:colcon.colcon_core.package_identification:_identify(src/log) by extension 'ignore'
[24.146s] Level 1:colcon.colcon_core.package_identification:_identify(src/log) ignored
[24.146s] Level 1:colcon.colcon_core.package_identification:_identify(src/scoutbot_description) by extensions ['ignore', 'ignore_ament_install']
[24.146s] Level 1:colcon.colcon_core.package_identification:_identify(src/scoutbot_description) by extension 'ignore'
[24.146s] Level 1:colcon.colcon_core.package_identification:_identify(src/scoutbot_description) by extension 'ignore_ament_install'
[24.146s] Level 1:colcon.colcon_core.package_identification:_identify(src/scoutbot_description) by extensions ['colcon_pkg']
[24.146s] Level 1:colcon.colcon_core.package_identification:_identify(src/scoutbot_description) by extension 'colcon_pkg'
[24.146s] Level 1:colcon.colcon_core.package_identification:_identify(src/scoutbot_description) by extensions ['colcon_meta']
[24.146s] Level 1:colcon.colcon_core.package_identification:_identify(src/scoutbot_description) by extension 'colcon_meta'
[24.146s] Level 1:colcon.colcon_core.package_identification:_identify(src/scoutbot_description) by extensions ['ros']
[24.146s] Level 1:colcon.colcon_core.package_identification:_identify(src/scoutbot_description) by extension 'ros'
[24.191s] DEBUG:colcon.colcon_core.package_identification:Package 'src/scoutbot_description' with type 'ros.ament_python' and name 'scoutbot_description'
[24.192s] Level 1:colcon.colcon_core.package_identification:_identify(src/scoutbot_sim) by extensions ['ignore', 'ignore_ament_install']
[24.193s] Level 1:colcon.colcon_core.package_identification:_identify(src/scoutbot_sim) by extension 'ignore'
[24.193s] Level 1:colcon.colcon_core.package_identification:_identify(src/scoutbot_sim) by extension 'ignore_ament_install'
[24.193s] Level 1:colcon.colcon_core.package_identification:_identify(src/scoutbot_sim) by extensions ['colcon_pkg']
[24.193s] Level 1:colcon.colcon_core.package_identification:_identify(src/scoutbot_sim) by extension 'colcon_pkg'
[24.193s] Level 1:colcon.colcon_core.package_identification:_identify(src/scoutbot_sim) by extensions ['colcon_meta']
[24.193s] Level 1:colcon.colcon_core.package_identification:_identify(src/scoutbot_sim) by extension 'colcon_meta'
[24.193s] Level 1:colcon.colcon_core.package_identification:_identify(src/scoutbot_sim) by extensions ['ros']
[24.193s] Level 1:colcon.colcon_core.package_identification:_identify(src/scoutbot_sim) by extension 'ros'
[24.214s] DEBUG:colcon.colcon_core.package_identification:Package 'src/scoutbot_sim' with type 'ros.ament_cmake' and name 'scoutbot_sim'
[24.215s] Level 1:colcon.colcon_core.package_discovery:discover_packages(recursive) using defaults
[24.215s] Level 1:colcon.colcon_core.package_discovery:discover_packages(ignore) discover
[24.215s] Level 1:colcon.colcon_core.package_discovery:discover_packages(ignore) using defaults
[24.215s] Level 1:colcon.colcon_core.package_discovery:discover_packages(path) discover
[24.215s] Level 1:colcon.colcon_core.package_discovery:discover_packages(path) using defaults
[25.038s] INFO:colcon.colcon_core.package_selection:Skipping not selected package 'arm_controller' in 'src/arm_controller'
[25.038s] INFO:colcon.colcon_core.package_selection:Skipping not selected package 'scoutbot_sim' in 'src/scoutbot_sim'
[25.047s] Level 1:colcon.colcon_core.package_discovery:discover_packages(prefix_path) check parameters
[25.048s] Level 1:colcon.colcon_core.package_discovery:discover_packages(prefix_path) discover
[25.146s] DEBUG:colcon.colcon_installed_package_information.package_discovery:Found 304 installed packages in /opt/ros/humble
[25.173s] Level 1:colcon.colcon_core.package_discovery:discover_packages(prefix_path) using defaults
[25.273s] Level 5:colcon.colcon_core.verb:set package 'scoutbot_description' build argument 'cmake_args' from command line to 'None'
[25.274s] Level 5:colcon.colcon_core.verb:set package 'scoutbot_description' build argument 'cmake_target' from command line to 'None'
[25.274s] Level 5:colcon.colcon_core.verb:set package 'scoutbot_description' build argument 'cmake_target_skip_unavailable' from command line to 'False'
[25.274s] Level 5:colcon.colcon_core.verb:set package 'scoutbot_description' build argument 'cmake_clean_cache' from command line to 'False'
[25.274s] Level 5:colcon.colcon_core.verb:set package 'scoutbot_description' build argument 'cmake_clean_first' from command line to 'False'
[25.274s] Level 5:colcon.colcon_core.verb:set package 'scoutbot_description' build argument 'cmake_force_configure' from command line to 'False'
[25.274s] Level 5:colcon.colcon_core.verb:set package 'scoutbot_description' build argument 'ament_cmake_args' from command line to 'None'
[25.274s] Level 5:colcon.colcon_core.verb:set package 'scoutbot_description' build argument 'catkin_cmake_args' from command line to 'None'
[25.274s] Level 5:colcon.colcon_core.verb:set package 'scoutbot_description' build argument 'catkin_skip_building_tests' from command line to 'False'
[25.274s] DEBUG:colcon.colcon_core.verb:Building package 'scoutbot_description' with the following arguments: {'ament_cmake_args': None, 'build_base': '/home/bbhanda/scoutbot_ws/build/scoutbot_description', 'catkin_cmake_args': None, 'catkin_skip_building_tests': False, 'cmake_args': None, 'cmake_clean_cache': False, 'cmake_clean_first': False, 'cmake_force_configure': False, 'cmake_target': None, 'cmake_target_skip_unavailable': False, 'install_base': '/home/bbhanda/scoutbot_ws/install/scoutbot_description', 'merge_install': False, 'path': '/home/bbhanda/scoutbot_ws/src/scoutbot_description', 'symlink_install': True, 'test_result_base': None}
[25.274s] INFO:colcon.colcon_core.executor:Executing jobs using 'parallel' executor
[25.294s] DEBUG:colcon.colcon_parallel_executor.executor.parallel:run_until_complete
[25.295s] INFO:colcon.colcon_ros.task.ament_python.build:Building ROS package in '/home/bbhanda/scoutbot_ws/src/scoutbot_description' with build type 'ament_python'
[25.295s] Level 1:colcon.colcon_core.shell:create_environment_hook('scoutbot_description', 'ament_prefix_path')
[25.533s] INFO:colcon.colcon_core.plugin_system:Skipping extension 'colcon_core.shell.bat': Not used on non-Windows systems
[25.533s] INFO:colcon.colcon_core.shell:Creating environment hook '/home/bbhanda/scoutbot_ws/install/scoutbot_description/share/scoutbot_description/hook/ament_prefix_path.ps1'
[25.560s] INFO:colcon.colcon_core.shell:Creating environment descriptor '/home/bbhanda/scoutbot_ws/install/scoutbot_description/share/scoutbot_description/hook/ament_prefix_path.dsv'
[25.576s] INFO:colcon.colcon_core.shell:Creating environment hook '/home/bbhanda/scoutbot_ws/install/scoutbot_description/share/scoutbot_description/hook/ament_prefix_path.sh'
[25.588s] INFO:colcon.colcon_core.shell:Skip shell extension 'powershell' for command environment: Not usable outside of PowerShell
[25.588s] DEBUG:colcon.colcon_core.shell:Skip shell extension 'dsv' for command environment
[26.200s] INFO:colcon.colcon_core.task.python.build:Building Python package in '/home/bbhanda/scoutbot_ws/src/scoutbot_description'
[26.200s] INFO:colcon.colcon_core.shell:Skip shell extension 'powershell' for command environment: Not usable outside of PowerShell
[26.202s] DEBUG:colcon.colcon_core.shell:Skip shell extension 'dsv' for command environment
[32.765s] DEBUG:colcon.colcon_core.task.python.build:While undoing a previous installation files outside the Python library path are being ignored: /home/bbhanda/scoutbot_ws/install/scoutbot_description/share/ament_index/resource_index/packages/scoutbot_description
[32.765s] DEBUG:colcon.colcon_core.task.python.build:While undoing a previous installation files outside the Python library path are being ignored: /home/bbhanda/scoutbot_ws/install/scoutbot_description/share/scoutbot_description/package.xml
[32.765s] DEBUG:colcon.colcon_core.task.python.build:While undoing a previous installation files outside the Python library path are being ignored: /home/bbhanda/scoutbot_ws/install/scoutbot_description/share/scoutbot_description/launch/display.launch.py
[32.765s] DEBUG:colcon.colcon_core.task.python.build:While undoing a previous installation files outside the Python library path are being ignored: /home/bbhanda/scoutbot_ws/install/scoutbot_description/share/scoutbot_description/urdf/arm.urdf.xacro
[32.765s] DEBUG:colcon.colcon_core.task.python.build:While undoing a previous installation files outside the Python library path are being ignored: /home/bbhanda/scoutbot_ws/install/scoutbot_description/share/scoutbot_description/meshes/Joint_1.stl
[32.765s] DEBUG:colcon.colcon_core.task.python.build:While undoing a previous installation files outside the Python library path are being ignored: /home/bbhanda/scoutbot_ws/install/scoutbot_description/share/scoutbot_description/meshes/Base_Cover.stl
[32.765s] DEBUG:colcon.colcon_core.task.python.build:While undoing a previous installation files outside the Python library path are being ignored: /home/bbhanda/scoutbot_ws/install/scoutbot_description/share/scoutbot_description/meshes/Base.stl
[32.765s] DEBUG:colcon.colcon_core.task.python.build:While undoing a previous installation files outside the Python library path are being ignored: /home/bbhanda/scoutbot_ws/install/scoutbot_description/share/scoutbot_description/meshes/Link_4-Joint_5.stl
[32.765s] DEBUG:colcon.colcon_core.task.python.build:While undoing a previous installation files outside the Python library path are being ignored: /home/bbhanda/scoutbot_ws/install/scoutbot_description/share/scoutbot_description/meshes/Link_2-Joint_3.stl
[32.765s] DEBUG:colcon.colcon_core.task.python.build:While undoing a previous installation files outside the Python library path are being ignored: /home/bbhanda/scoutbot_ws/install/scoutbot_description/share/scoutbot_description/meshes/Link_1-Joint_2.stl
[32.765s] DEBUG:colcon.colcon_core.task.python.build:While undoing a previous installation files outside the Python library path are being ignored: /home/bbhanda/scoutbot_ws/install/scoutbot_description/share/scoutbot_description/meshes/Link_3-Joint_4.stl
[32.765s] DEBUG:colcon.colcon_core.task.python.build:While undoing a previous installation files outside the Python library path are being ignored: /home/bbhanda/scoutbot_ws/install/scoutbot_description/share/scoutbot_description/meshes/Link_5-Joint_6.stl
[32.765s] DEBUG:colcon.colcon_core.task.python.build:While undoing a previous installation files outside the Python library path are being ignored: /home/bbhanda/scoutbot_ws/install/scoutbot_description/share/scoutbot_description/config/controller.yaml
[32.766s] DEBUG:colcon.colcon_core.task.python.build:While undoing a previous installation files outside the Python library path are being ignored: /home/bbhanda/scoutbot_ws/install/scoutbot_description/lib/scoutbot_description/joint_sim
[32.794s] DEBUG:colcon.colcon_core.event_handler.log_command:Invoking command in '/home/bbhanda/scoutbot_ws/build/scoutbot_description': PYTHONPATH=/home/bbhanda/scoutbot_ws/build/scoutbot_description/prefix_override:/usr/lib/python3/dist-packages/colcon_core/task/python/colcon_distutils_commands:/home/bbhanda/scoutbot_ws/install/scoutbot_description/lib/python3.10/site-packages:${PYTHONPATH} /usr/bin/python3 -W ignore:setup.py install is deprecated -W ignore:easy_install command is deprecated setup.py develop --editable --build-directory /home/bbhanda/scoutbot_ws/build/scoutbot_description/build --no-deps symlink_data --force
[33.608s] Level 1:colcon.colcon_core.shell:create_environment_hook('scoutbot_description', 'pythonpath_develop')
[33.615s] INFO:colcon.colcon_core.shell:Creating environment hook '/home/bbhanda/scoutbot_ws/build/scoutbot_description/share/scoutbot_description/hook/pythonpath_develop.ps1'
[33.616s] DEBUG:colcon.colcon_core.event_handler.log_command:Invoked command in '/home/bbhanda/scoutbot_ws/build/scoutbot_description' returned '0': PYTHONPATH=/home/bbhanda/scoutbot_ws/build/scoutbot_description/prefix_override:/usr/lib/python3/dist-packages/colcon_core/task/python/colcon_distutils_commands:/home/bbhanda/scoutbot_ws/install/scoutbot_description/lib/python3.10/site-packages:${PYTHONPATH} /usr/bin/python3 -W ignore:setup.py install is deprecated -W ignore:easy_install command is deprecated setup.py develop --editable --build-directory /home/bbhanda/scoutbot_ws/build/scoutbot_description/build --no-deps symlink_data --force
[33.617s] INFO:colcon.colcon_core.shell:Creating environment descriptor '/home/bbhanda/scoutbot_ws/build/scoutbot_description/share/scoutbot_description/hook/pythonpath_develop.dsv'
[33.618s] INFO:colcon.colcon_core.shell:Creating environment hook '/home/bbhanda/scoutbot_ws/build/scoutbot_description/share/scoutbot_description/hook/pythonpath_develop.sh'
[33.665s] Level 1:colcon.colcon_core.environment:checking '/home/bbhanda/scoutbot_ws/install/scoutbot_description' for CMake module files
[33.665s] Level 1:colcon.colcon_core.environment:checking '/home/bbhanda/scoutbot_ws/install/scoutbot_description' for CMake config files
[33.666s] Level 1:colcon.colcon_core.environment:checking '/home/bbhanda/scoutbot_ws/install/scoutbot_description/lib'
[33.666s] Level 1:colcon.colcon_core.environment:checking '/home/bbhanda/scoutbot_ws/install/scoutbot_description/bin'
[33.666s] Level 1:colcon.colcon_core.environment:checking '/home/bbhanda/scoutbot_ws/install/scoutbot_description/lib/pkgconfig/scoutbot_description.pc'
[33.667s] Level 1:colcon.colcon_core.environment:checking '/home/bbhanda/scoutbot_ws/install/scoutbot_description/lib/python3.10/site-packages'
[33.667s] Level 1:colcon.colcon_core.shell:create_environment_hook('scoutbot_description', 'pythonpath')
[33.667s] INFO:colcon.colcon_core.shell:Creating environment hook '/home/bbhanda/scoutbot_ws/install/scoutbot_description/share/scoutbot_description/hook/pythonpath.ps1'
[33.671s] INFO:colcon.colcon_core.shell:Creating environment descriptor '/home/bbhanda/scoutbot_ws/install/scoutbot_description/share/scoutbot_description/hook/pythonpath.dsv'
[33.673s] INFO:colcon.colcon_core.shell:Creating environment hook '/home/bbhanda/scoutbot_ws/install/scoutbot_description/share/scoutbot_description/hook/pythonpath.sh'
[33.675s] Level 1:colcon.colcon_core.environment:checking '/home/bbhanda/scoutbot_ws/install/scoutbot_description/bin'
[33.675s] Level 1:colcon.colcon_core.environment:create_environment_scripts_only(scoutbot_description)
[33.675s] INFO:colcon.colcon_core.shell:Creating package script '/home/bbhanda/scoutbot_ws/install/scoutbot_description/share/scoutbot_description/package.ps1'
[33.677s] INFO:colcon.colcon_core.shell:Creating package descriptor '/home/bbhanda/scoutbot_ws/install/scoutbot_description/share/scoutbot_description/package.dsv'
[33.682s] INFO:colcon.colcon_core.shell:Creating package script '/home/bbhanda/scoutbot_ws/install/scoutbot_description/share/scoutbot_description/package.sh'
[33.690s] INFO:colcon.colcon_core.shell:Creating package script '/home/bbhanda/scoutbot_ws/install/scoutbot_description/share/scoutbot_description/package.bash'
[33.704s] INFO:colcon.colcon_core.shell:Creating package script '/home/bbhanda/scoutbot_ws/install/scoutbot_description/share/scoutbot_description/package.zsh'
[33.712s] Level 1:colcon.colcon_core.environment:create_file_with_runtime_dependencies(/home/bbhanda/scoutbot_ws/install/scoutbot_description/share/colcon-core/packages/scoutbot_description)
[33.712s] DEBUG:colcon.colcon_parallel_executor.executor.parallel:closing loop
[33.713s] DEBUG:colcon.colcon_parallel_executor.executor.parallel:loop closed
[33.713s] DEBUG:colcon.colcon_parallel_executor.executor.parallel:run_until_complete finished with '0'
[33.713s] DEBUG:colcon.colcon_core.event_reactor:joining thread
[33.739s] INFO:colcon.colcon_core.plugin_system:Skipping extension 'colcon_notification.desktop_notification.terminal_notifier': Not used on non-Darwin systems
[33.739s] INFO:colcon.colcon_core.plugin_system:Skipping extension 'colcon_notification.desktop_notification.win32': Not used on non-Windows systems
[33.739s] INFO:colcon.colcon_notification.desktop_notification:Sending desktop notification using 'notify2'
[33.793s] DEBUG:colcon.colcon_core.event_reactor:joined thread
[33.794s] INFO:colcon.colcon_core.shell:Creating prefix script '/home/bbhanda/scoutbot_ws/install/local_setup.ps1'
[33.801s] INFO:colcon.colcon_core.shell:Creating prefix util module '/home/bbhanda/scoutbot_ws/install/_local_setup_util_ps1.py'
[33.819s] INFO:colcon.colcon_core.shell:Creating prefix chain script '/home/bbhanda/scoutbot_ws/install/setup.ps1'
[33.821s] INFO:colcon.colcon_core.shell:Creating prefix script '/home/bbhanda/scoutbot_ws/install/local_setup.sh'
[33.823s] INFO:colcon.colcon_core.shell:Creating prefix util module '/home/bbhanda/scoutbot_ws/install/_local_setup_util_sh.py'
[33.831s] INFO:colcon.colcon_core.shell:Creating prefix chain script '/home/bbhanda/scoutbot_ws/install/setup.sh'
[33.834s] INFO:colcon.colcon_core.shell:Creating prefix script '/home/bbhanda/scoutbot_ws/install/local_setup.bash'
[33.835s] INFO:colcon.colcon_core.shell:Creating prefix chain script '/home/bbhanda/scoutbot_ws/install/setup.bash'
[33.838s] INFO:colcon.colcon_core.shell:Creating prefix script '/home/bbhanda/scoutbot_ws/install/local_setup.zsh'
[33.839s] INFO:colcon.colcon_core.shell:Creating prefix chain script '/home/bbhanda/scoutbot_ws/install/setup.zsh'
