running egg_info
writing ../build/scoutbot_description/scoutbot_description.egg-info/PKG-INFO
writing dependency_links to ../build/scoutbot_description/scoutbot_description.egg-info/dependency_links.txt
writing entry points to ../build/scoutbot_description/scoutbot_description.egg-info/entry_points.txt
writing requirements to ../build/scoutbot_description/scoutbot_description.egg-info/requires.txt
writing top-level names to ../build/scoutbot_description/scoutbot_description.egg-info/top_level.txt
reading manifest file '../build/scoutbot_description/scoutbot_description.egg-info/SOURCES.txt'
writing manifest file '../build/scoutbot_description/scoutbot_description.egg-info/SOURCES.txt'
running build
running build_py
running install
running install_lib
running install_data
copying meshes/Joint_1.stl -> /home/bbhanda/scoutbot_ws/src/install/scoutbot_description/share/scoutbot_description/meshes
copying meshes/Base_Cover.stl -> /home/bbhanda/scoutbot_ws/src/install/scoutbot_description/share/scoutbot_description/meshes
copying meshes/Base.stl -> /home/bbhanda/scoutbot_ws/src/install/scoutbot_description/share/scoutbot_description/meshes
copying meshes/Link_4-Joint_5.stl -> /home/bbhanda/scoutbot_ws/src/install/scoutbot_description/share/scoutbot_description/meshes
copying meshes/Link_2-Joint_3.stl -> /home/bbhanda/scoutbot_ws/src/install/scoutbot_description/share/scoutbot_description/meshes
copying meshes/Link_1-Joint_2.stl -> /home/bbhanda/scoutbot_ws/src/install/scoutbot_description/share/scoutbot_description/meshes
copying meshes/Link_3-Joint_4.stl -> /home/bbhanda/scoutbot_ws/src/install/scoutbot_description/share/scoutbot_description/meshes
copying meshes/Link_5-Joint_6.stl -> /home/bbhanda/scoutbot_ws/src/install/scoutbot_description/share/scoutbot_description/meshes
running install_egg_info
removing '/home/bbhanda/scoutbot_ws/src/install/scoutbot_description/lib/python3.10/site-packages/scoutbot_description-0.0.0-py3.10.egg-info' (and everything under it)
Copying ../build/scoutbot_description/scoutbot_description.egg-info to /home/bbhanda/scoutbot_ws/src/install/scoutbot_description/lib/python3.10/site-packages/scoutbot_description-0.0.0-py3.10.egg-info
running install_scripts
Installing joint_sim script to /home/bbhanda/scoutbot_ws/src/install/scoutbot_description/lib/scoutbot_description
writing list of installed files to '/home/bbhanda/scoutbot_ws/src/build/scoutbot_description/install.log'
