[0.715s] Invoking command in '/home/bbhanda/scoutbot_ws/src/scoutbot_description': PYTHONPATH=/home/bbhanda/scoutbot_ws/src/build/scoutbot_description/prefix_override:/usr/lib/python3/dist-packages/colcon_core/task/python/colcon_distutils_commands:/home/bbhanda/scoutbot_ws/src/install/scoutbot_description/lib/python3.10/site-packages:${PYTHONPATH} /usr/bin/python3 -W ignore:setup.py install is deprecated -W ignore:easy_install command is deprecated setup.py egg_info --egg-base ../build/scoutbot_description build --build-base /home/bbhanda/scoutbot_ws/src/build/scoutbot_description/build install --record /home/bbhanda/scoutbot_ws/src/build/scoutbot_description/install.log --single-version-externally-managed install_data
[0.939s] running egg_info
[0.939s] writing ../build/scoutbot_description/scoutbot_description.egg-info/PKG-INFO
[0.939s] writing dependency_links to ../build/scoutbot_description/scoutbot_description.egg-info/dependency_links.txt
[0.940s] writing entry points to ../build/scoutbot_description/scoutbot_description.egg-info/entry_points.txt
[0.940s] writing requirements to ../build/scoutbot_description/scoutbot_description.egg-info/requires.txt
[0.944s] writing top-level names to ../build/scoutbot_description/scoutbot_description.egg-info/top_level.txt
[0.947s] reading manifest file '../build/scoutbot_description/scoutbot_description.egg-info/SOURCES.txt'
[0.947s] writing manifest file '../build/scoutbot_description/scoutbot_description.egg-info/SOURCES.txt'
[0.947s] running build
[0.947s] running build_py
[0.948s] running install
[0.949s] running install_lib
[0.949s] running install_data
[0.949s] copying meshes/Joint_1.stl -> /home/bbhanda/scoutbot_ws/src/install/scoutbot_description/share/scoutbot_description/meshes
[0.952s] copying meshes/Base_Cover.stl -> /home/bbhanda/scoutbot_ws/src/install/scoutbot_description/share/scoutbot_description/meshes
[0.952s] copying meshes/Base.stl -> /home/bbhanda/scoutbot_ws/src/install/scoutbot_description/share/scoutbot_description/meshes
[0.952s] copying meshes/Link_4-Joint_5.stl -> /home/bbhanda/scoutbot_ws/src/install/scoutbot_description/share/scoutbot_description/meshes
[0.955s] copying meshes/Link_2-Joint_3.stl -> /home/bbhanda/scoutbot_ws/src/install/scoutbot_description/share/scoutbot_description/meshes
[0.956s] copying meshes/Link_1-Joint_2.stl -> /home/bbhanda/scoutbot_ws/src/install/scoutbot_description/share/scoutbot_description/meshes
[0.958s] copying meshes/Link_3-Joint_4.stl -> /home/bbhanda/scoutbot_ws/src/install/scoutbot_description/share/scoutbot_description/meshes
[0.973s] copying meshes/Link_5-Joint_6.stl -> /home/bbhanda/scoutbot_ws/src/install/scoutbot_description/share/scoutbot_description/meshes
[0.985s] running install_egg_info
[0.987s] removing '/home/bbhanda/scoutbot_ws/src/install/scoutbot_description/lib/python3.10/site-packages/scoutbot_description-0.0.0-py3.10.egg-info' (and everything under it)
[0.989s] Copying ../build/scoutbot_description/scoutbot_description.egg-info to /home/bbhanda/scoutbot_ws/src/install/scoutbot_description/lib/python3.10/site-packages/scoutbot_description-0.0.0-py3.10.egg-info
[0.993s] running install_scripts
[1.013s] Installing joint_sim script to /home/bbhanda/scoutbot_ws/src/install/scoutbot_description/lib/scoutbot_description
[1.013s] writing list of installed files to '/home/bbhanda/scoutbot_ws/src/build/scoutbot_description/install.log'
[1.039s] Invoked command in '/home/bbhanda/scoutbot_ws/src/scoutbot_description' returned '0': PYTHONPATH=/home/bbhanda/scoutbot_ws/src/build/scoutbot_description/prefix_override:/usr/lib/python3/dist-packages/colcon_core/task/python/colcon_distutils_commands:/home/bbhanda/scoutbot_ws/src/install/scoutbot_description/lib/python3.10/site-packages:${PYTHONPATH} /usr/bin/python3 -W ignore:setup.py install is deprecated -W ignore:easy_install command is deprecated setup.py egg_info --egg-base ../build/scoutbot_description build --build-base /home/bbhanda/scoutbot_ws/src/build/scoutbot_description/build install --record /home/bbhanda/scoutbot_ws/src/build/scoutbot_description/install.log --single-version-externally-managed install_data
