[0.108s] DEBUG:colcon:Command line arguments: ['/usr/bin/colcon', 'build']
[0.108s] DEBUG:colcon:Parsed command line arguments: Namespace(log_base=None, log_level=None, verb_name='build', build_base='build', install_base='install', merge_install=False, symlink_install=False, test_result_base=None, continue_on_error=False, executor='parallel', parallel_workers=8, event_handlers=None, ignore_user_meta=False, metas=['./colcon.meta'], base_paths=['.'], packages_ignore=None, packages_ignore_regex=None, paths=None, packages_up_to=None, packages_up_to_regex=None, packages_above=None, packages_above_and_dependencies=None, packages_above_depth=None, packages_select_by_dep=None, packages_skip_by_dep=None, packages_skip_up_to=None, packages_select_build_failed=False, packages_skip_build_finished=False, packages_select_test_failures=False, packages_skip_test_passed=False, packages_select=None, packages_skip=None, packages_select_regex=None, packages_skip_regex=None, packages_start=None, packages_end=None, allow_overriding=[], cmake_args=None, cmake_target=None, cmake_target_skip_unavailable=False, cmake_clean_cache=False, cmake_clean_first=False, cmake_force_configure=False, ament_cmake_args=None, catkin_cmake_args=None, catkin_skip_building_tests=False, verb_parser=<colcon_defaults.argument_parser.defaults.DefaultArgumentsDecorator object at 0x713101d34cd0>, verb_extension=<colcon_core.verb.build.BuildVerb object at 0x713101ec9960>, main=<bound method BuildVerb.main of <colcon_core.verb.build.BuildVerb object at 0x713101ec9960>>)
[0.265s] Level 1:colcon.colcon_core.package_discovery:discover_packages(colcon_meta) check parameters
[0.265s] Level 1:colcon.colcon_core.package_discovery:discover_packages(recursive) check parameters
[0.265s] Level 1:colcon.colcon_core.package_discovery:discover_packages(ignore) check parameters
[0.265s] Level 1:colcon.colcon_core.package_discovery:discover_packages(path) check parameters
[0.265s] Level 1:colcon.colcon_core.package_discovery:discover_packages(colcon_meta) discover
[0.265s] Level 1:colcon.colcon_core.package_discovery:discover_packages(recursive) discover
[0.265s] INFO:colcon.colcon_core.package_discovery:Crawling recursively for packages in '/home/bbhanda/scoutbot_ws'
[0.266s] Level 1:colcon.colcon_core.package_identification:_identify(.) by extensions ['ignore', 'ignore_ament_install']
[0.266s] Level 1:colcon.colcon_core.package_identification:_identify(.) by extension 'ignore'
[0.266s] Level 1:colcon.colcon_core.package_identification:_identify(.) by extension 'ignore_ament_install'
[0.266s] Level 1:colcon.colcon_core.package_identification:_identify(.) by extensions ['colcon_pkg']
[0.266s] Level 1:colcon.colcon_core.package_identification:_identify(.) by extension 'colcon_pkg'
[0.266s] Level 1:colcon.colcon_core.package_identification:_identify(.) by extensions ['colcon_meta']
[0.266s] Level 1:colcon.colcon_core.package_identification:_identify(.) by extension 'colcon_meta'
[0.266s] Level 1:colcon.colcon_core.package_identification:_identify(.) by extensions ['ros']
[0.266s] Level 1:colcon.colcon_core.package_identification:_identify(.) by extension 'ros'
[0.278s] Level 1:colcon.colcon_core.package_identification:_identify(.) by extensions ['cmake', 'python']
[0.278s] Level 1:colcon.colcon_core.package_identification:_identify(.) by extension 'cmake'
[0.278s] Level 1:colcon.colcon_core.package_identification:_identify(.) by extension 'python'
[0.279s] Level 1:colcon.colcon_core.package_identification:_identify(.) by extensions ['python_setup_py']
[0.279s] Level 1:colcon.colcon_core.package_identification:_identify(.) by extension 'python_setup_py'
[0.279s] Level 1:colcon.colcon_core.package_identification:_identify(build) by extensions ['ignore', 'ignore_ament_install']
[0.279s] Level 1:colcon.colcon_core.package_identification:_identify(build) by extension 'ignore'
[0.279s] Level 1:colcon.colcon_core.package_identification:_identify(build) ignored
[0.279s] Level 1:colcon.colcon_core.package_identification:_identify(install) by extensions ['ignore', 'ignore_ament_install']
[0.279s] Level 1:colcon.colcon_core.package_identification:_identify(install) by extension 'ignore'
[0.280s] Level 1:colcon.colcon_core.package_identification:_identify(install) ignored
[0.280s] Level 1:colcon.colcon_core.package_identification:_identify(log) by extensions ['ignore', 'ignore_ament_install']
[0.280s] Level 1:colcon.colcon_core.package_identification:_identify(log) by extension 'ignore'
[0.280s] Level 1:colcon.colcon_core.package_identification:_identify(log) ignored
[0.280s] Level 1:colcon.colcon_core.package_identification:_identify(src) by extensions ['ignore', 'ignore_ament_install']
[0.280s] Level 1:colcon.colcon_core.package_identification:_identify(src) by extension 'ignore'
[0.280s] Level 1:colcon.colcon_core.package_identification:_identify(src) by extension 'ignore_ament_install'
[0.280s] Level 1:colcon.colcon_core.package_identification:_identify(src) by extensions ['colcon_pkg']
[0.281s] Level 1:colcon.colcon_core.package_identification:_identify(src) by extension 'colcon_pkg'
[0.281s] Level 1:colcon.colcon_core.package_identification:_identify(src) by extensions ['colcon_meta']
[0.281s] Level 1:colcon.colcon_core.package_identification:_identify(src) by extension 'colcon_meta'
[0.281s] Level 1:colcon.colcon_core.package_identification:_identify(src) by extensions ['ros']
[0.281s] Level 1:colcon.colcon_core.package_identification:_identify(src) by extension 'ros'
[0.281s] Level 1:colcon.colcon_core.package_identification:_identify(src) by extensions ['cmake', 'python']
[0.281s] Level 1:colcon.colcon_core.package_identification:_identify(src) by extension 'cmake'
[0.281s] Level 1:colcon.colcon_core.package_identification:_identify(src) by extension 'python'
[0.281s] Level 1:colcon.colcon_core.package_identification:_identify(src) by extensions ['python_setup_py']
[0.281s] Level 1:colcon.colcon_core.package_identification:_identify(src) by extension 'python_setup_py'
[0.281s] Level 1:colcon.colcon_core.package_identification:_identify(src/arm_controller) by extensions ['ignore', 'ignore_ament_install']
[0.281s] Level 1:colcon.colcon_core.package_identification:_identify(src/arm_controller) by extension 'ignore'
[0.281s] Level 1:colcon.colcon_core.package_identification:_identify(src/arm_controller) by extension 'ignore_ament_install'
[0.281s] Level 1:colcon.colcon_core.package_identification:_identify(src/arm_controller) by extensions ['colcon_pkg']
[0.281s] Level 1:colcon.colcon_core.package_identification:_identify(src/arm_controller) by extension 'colcon_pkg'
[0.282s] Level 1:colcon.colcon_core.package_identification:_identify(src/arm_controller) by extensions ['colcon_meta']
[0.282s] Level 1:colcon.colcon_core.package_identification:_identify(src/arm_controller) by extension 'colcon_meta'
[0.282s] Level 1:colcon.colcon_core.package_identification:_identify(src/arm_controller) by extensions ['ros']
[0.282s] Level 1:colcon.colcon_core.package_identification:_identify(src/arm_controller) by extension 'ros'
[0.284s] DEBUG:colcon.colcon_core.package_identification:Package 'src/arm_controller' with type 'ros.ament_python' and name 'arm_controller'
[0.284s] Level 1:colcon.colcon_core.package_identification:_identify(src/build) by extensions ['ignore', 'ignore_ament_install']
[0.284s] Level 1:colcon.colcon_core.package_identification:_identify(src/build) by extension 'ignore'
[0.284s] Level 1:colcon.colcon_core.package_identification:_identify(src/build) ignored
[0.284s] Level 1:colcon.colcon_core.package_identification:_identify(src/install) by extensions ['ignore', 'ignore_ament_install']
[0.284s] Level 1:colcon.colcon_core.package_identification:_identify(src/install) by extension 'ignore'
[0.285s] Level 1:colcon.colcon_core.package_identification:_identify(src/install) ignored
[0.285s] Level 1:colcon.colcon_core.package_identification:_identify(src/log) by extensions ['ignore', 'ignore_ament_install']
[0.285s] Level 1:colcon.colcon_core.package_identification:_identify(src/log) by extension 'ignore'
[0.285s] Level 1:colcon.colcon_core.package_identification:_identify(src/log) ignored
[0.285s] Level 1:colcon.colcon_core.package_identification:_identify(src/scoutbot_description) by extensions ['ignore', 'ignore_ament_install']
[0.285s] Level 1:colcon.colcon_core.package_identification:_identify(src/scoutbot_description) by extension 'ignore'
[0.285s] Level 1:colcon.colcon_core.package_identification:_identify(src/scoutbot_description) by extension 'ignore_ament_install'
[0.285s] Level 1:colcon.colcon_core.package_identification:_identify(src/scoutbot_description) by extensions ['colcon_pkg']
[0.285s] Level 1:colcon.colcon_core.package_identification:_identify(src/scoutbot_description) by extension 'colcon_pkg'
[0.285s] Level 1:colcon.colcon_core.package_identification:_identify(src/scoutbot_description) by extensions ['colcon_meta']
[0.285s] Level 1:colcon.colcon_core.package_identification:_identify(src/scoutbot_description) by extension 'colcon_meta'
[0.285s] Level 1:colcon.colcon_core.package_identification:_identify(src/scoutbot_description) by extensions ['ros']
[0.285s] Level 1:colcon.colcon_core.package_identification:_identify(src/scoutbot_description) by extension 'ros'
[0.286s] DEBUG:colcon.colcon_core.package_identification:Package 'src/scoutbot_description' with type 'ros.ament_python' and name 'scoutbot_description'
[0.286s] Level 1:colcon.colcon_core.package_identification:_identify(src/scoutbot_sim) by extensions ['ignore', 'ignore_ament_install']
[0.286s] Level 1:colcon.colcon_core.package_identification:_identify(src/scoutbot_sim) by extension 'ignore'
[0.286s] Level 1:colcon.colcon_core.package_identification:_identify(src/scoutbot_sim) by extension 'ignore_ament_install'
[0.286s] Level 1:colcon.colcon_core.package_identification:_identify(src/scoutbot_sim) by extensions ['colcon_pkg']
[0.287s] Level 1:colcon.colcon_core.package_identification:_identify(src/scoutbot_sim) by extension 'colcon_pkg'
[0.287s] Level 1:colcon.colcon_core.package_identification:_identify(src/scoutbot_sim) by extensions ['colcon_meta']
[0.287s] Level 1:colcon.colcon_core.package_identification:_identify(src/scoutbot_sim) by extension 'colcon_meta'
[0.287s] Level 1:colcon.colcon_core.package_identification:_identify(src/scoutbot_sim) by extensions ['ros']
[0.287s] Level 1:colcon.colcon_core.package_identification:_identify(src/scoutbot_sim) by extension 'ros'
[0.287s] DEBUG:colcon.colcon_core.package_identification:Package 'src/scoutbot_sim' with type 'ros.ament_cmake' and name 'scoutbot_sim'
[0.287s] Level 1:colcon.colcon_core.package_discovery:discover_packages(recursive) using defaults
[0.287s] Level 1:colcon.colcon_core.package_discovery:discover_packages(ignore) discover
[0.287s] Level 1:colcon.colcon_core.package_discovery:discover_packages(ignore) using defaults
[0.288s] Level 1:colcon.colcon_core.package_discovery:discover_packages(path) discover
[0.288s] Level 1:colcon.colcon_core.package_discovery:discover_packages(path) using defaults
[0.308s] Level 1:colcon.colcon_core.package_discovery:discover_packages(prefix_path) check parameters
[0.308s] Level 1:colcon.colcon_core.package_discovery:discover_packages(prefix_path) discover
[0.310s] DEBUG:colcon.colcon_installed_package_information.package_discovery:Found 3 installed packages in /home/bbhanda/scoutbot_ws/install
[0.311s] DEBUG:colcon.colcon_installed_package_information.package_discovery:Found 3 installed packages in /home/bbhanda/install
[0.312s] DEBUG:colcon.colcon_installed_package_information.package_discovery:Found 305 installed packages in /opt/ros/humble
[0.323s] Level 1:colcon.colcon_core.package_discovery:discover_packages(prefix_path) using defaults
[0.363s] Level 5:colcon.colcon_core.verb:set package 'arm_controller' build argument 'cmake_args' from command line to 'None'
[0.364s] Level 5:colcon.colcon_core.verb:set package 'arm_controller' build argument 'cmake_target' from command line to 'None'
[0.364s] Level 5:colcon.colcon_core.verb:set package 'arm_controller' build argument 'cmake_target_skip_unavailable' from command line to 'False'
[0.364s] Level 5:colcon.colcon_core.verb:set package 'arm_controller' build argument 'cmake_clean_cache' from command line to 'False'
[0.364s] Level 5:colcon.colcon_core.verb:set package 'arm_controller' build argument 'cmake_clean_first' from command line to 'False'
[0.364s] Level 5:colcon.colcon_core.verb:set package 'arm_controller' build argument 'cmake_force_configure' from command line to 'False'
[0.364s] Level 5:colcon.colcon_core.verb:set package 'arm_controller' build argument 'ament_cmake_args' from command line to 'None'
[0.364s] Level 5:colcon.colcon_core.verb:set package 'arm_controller' build argument 'catkin_cmake_args' from command line to 'None'
[0.364s] Level 5:colcon.colcon_core.verb:set package 'arm_controller' build argument 'catkin_skip_building_tests' from command line to 'False'
[0.364s] DEBUG:colcon.colcon_core.verb:Building package 'arm_controller' with the following arguments: {'ament_cmake_args': None, 'build_base': '/home/bbhanda/scoutbot_ws/build/arm_controller', 'catkin_cmake_args': None, 'catkin_skip_building_tests': False, 'cmake_args': None, 'cmake_clean_cache': False, 'cmake_clean_first': False, 'cmake_force_configure': False, 'cmake_target': None, 'cmake_target_skip_unavailable': False, 'install_base': '/home/bbhanda/scoutbot_ws/install/arm_controller', 'merge_install': False, 'path': '/home/bbhanda/scoutbot_ws/src/arm_controller', 'symlink_install': False, 'test_result_base': None}
[0.364s] Level 5:colcon.colcon_core.verb:set package 'scoutbot_description' build argument 'cmake_args' from command line to 'None'
[0.364s] Level 5:colcon.colcon_core.verb:set package 'scoutbot_description' build argument 'cmake_target' from command line to 'None'
[0.364s] Level 5:colcon.colcon_core.verb:set package 'scoutbot_description' build argument 'cmake_target_skip_unavailable' from command line to 'False'
[0.364s] Level 5:colcon.colcon_core.verb:set package 'scoutbot_description' build argument 'cmake_clean_cache' from command line to 'False'
[0.364s] Level 5:colcon.colcon_core.verb:set package 'scoutbot_description' build argument 'cmake_clean_first' from command line to 'False'
[0.364s] Level 5:colcon.colcon_core.verb:set package 'scoutbot_description' build argument 'cmake_force_configure' from command line to 'False'
[0.364s] Level 5:colcon.colcon_core.verb:set package 'scoutbot_description' build argument 'ament_cmake_args' from command line to 'None'
[0.364s] Level 5:colcon.colcon_core.verb:set package 'scoutbot_description' build argument 'catkin_cmake_args' from command line to 'None'
[0.364s] Level 5:colcon.colcon_core.verb:set package 'scoutbot_description' build argument 'catkin_skip_building_tests' from command line to 'False'
[0.365s] DEBUG:colcon.colcon_core.verb:Building package 'scoutbot_description' with the following arguments: {'ament_cmake_args': None, 'build_base': '/home/bbhanda/scoutbot_ws/build/scoutbot_description', 'catkin_cmake_args': None, 'catkin_skip_building_tests': False, 'cmake_args': None, 'cmake_clean_cache': False, 'cmake_clean_first': False, 'cmake_force_configure': False, 'cmake_target': None, 'cmake_target_skip_unavailable': False, 'install_base': '/home/bbhanda/scoutbot_ws/install/scoutbot_description', 'merge_install': False, 'path': '/home/bbhanda/scoutbot_ws/src/scoutbot_description', 'symlink_install': False, 'test_result_base': None}
[0.365s] Level 5:colcon.colcon_core.verb:set package 'scoutbot_sim' build argument 'cmake_args' from command line to 'None'
[0.365s] Level 5:colcon.colcon_core.verb:set package 'scoutbot_sim' build argument 'cmake_target' from command line to 'None'
[0.365s] Level 5:colcon.colcon_core.verb:set package 'scoutbot_sim' build argument 'cmake_target_skip_unavailable' from command line to 'False'
[0.365s] Level 5:colcon.colcon_core.verb:set package 'scoutbot_sim' build argument 'cmake_clean_cache' from command line to 'False'
[0.365s] Level 5:colcon.colcon_core.verb:set package 'scoutbot_sim' build argument 'cmake_clean_first' from command line to 'False'
[0.365s] Level 5:colcon.colcon_core.verb:set package 'scoutbot_sim' build argument 'cmake_force_configure' from command line to 'False'
[0.365s] Level 5:colcon.colcon_core.verb:set package 'scoutbot_sim' build argument 'ament_cmake_args' from command line to 'None'
[0.365s] Level 5:colcon.colcon_core.verb:set package 'scoutbot_sim' build argument 'catkin_cmake_args' from command line to 'None'
[0.365s] Level 5:colcon.colcon_core.verb:set package 'scoutbot_sim' build argument 'catkin_skip_building_tests' from command line to 'False'
[0.365s] DEBUG:colcon.colcon_core.verb:Building package 'scoutbot_sim' with the following arguments: {'ament_cmake_args': None, 'build_base': '/home/bbhanda/scoutbot_ws/build/scoutbot_sim', 'catkin_cmake_args': None, 'catkin_skip_building_tests': False, 'cmake_args': None, 'cmake_clean_cache': False, 'cmake_clean_first': False, 'cmake_force_configure': False, 'cmake_target': None, 'cmake_target_skip_unavailable': False, 'install_base': '/home/bbhanda/scoutbot_ws/install/scoutbot_sim', 'merge_install': False, 'path': '/home/bbhanda/scoutbot_ws/src/scoutbot_sim', 'symlink_install': False, 'test_result_base': None}
[0.365s] INFO:colcon.colcon_core.executor:Executing jobs using 'parallel' executor
[0.367s] DEBUG:colcon.colcon_parallel_executor.executor.parallel:run_until_complete
[0.367s] INFO:colcon.colcon_ros.task.ament_python.build:Building ROS package in '/home/bbhanda/scoutbot_ws/src/arm_controller' with build type 'ament_python'
[0.368s] Level 1:colcon.colcon_core.shell:create_environment_hook('arm_controller', 'ament_prefix_path')
[0.371s] INFO:colcon.colcon_core.plugin_system:Skipping extension 'colcon_core.shell.bat': Not used on non-Windows systems
[0.372s] INFO:colcon.colcon_core.shell:Creating environment hook '/home/bbhanda/scoutbot_ws/install/arm_controller/share/arm_controller/hook/ament_prefix_path.ps1'
[0.378s] INFO:colcon.colcon_core.shell:Creating environment descriptor '/home/bbhanda/scoutbot_ws/install/arm_controller/share/arm_controller/hook/ament_prefix_path.dsv'
[0.379s] INFO:colcon.colcon_core.shell:Creating environment hook '/home/bbhanda/scoutbot_ws/install/arm_controller/share/arm_controller/hook/ament_prefix_path.sh'
[0.380s] INFO:colcon.colcon_core.shell:Skip shell extension 'powershell' for command environment: Not usable outside of PowerShell
[0.380s] DEBUG:colcon.colcon_core.shell:Skip shell extension 'dsv' for command environment
[0.387s] INFO:colcon.colcon_ros.task.ament_python.build:Building ROS package in '/home/bbhanda/scoutbot_ws/src/scoutbot_description' with build type 'ament_python'
[0.388s] Level 1:colcon.colcon_core.shell:create_environment_hook('scoutbot_description', 'ament_prefix_path')
[0.391s] INFO:colcon.colcon_core.shell:Creating environment hook '/home/bbhanda/scoutbot_ws/install/scoutbot_description/share/scoutbot_description/hook/ament_prefix_path.ps1'
[0.392s] INFO:colcon.colcon_core.shell:Creating environment descriptor '/home/bbhanda/scoutbot_ws/install/scoutbot_description/share/scoutbot_description/hook/ament_prefix_path.dsv'
[0.393s] INFO:colcon.colcon_core.shell:Creating environment hook '/home/bbhanda/scoutbot_ws/install/scoutbot_description/share/scoutbot_description/hook/ament_prefix_path.sh'
[0.397s] INFO:colcon.colcon_core.shell:Skip shell extension 'powershell' for command environment: Not usable outside of PowerShell
[0.399s] DEBUG:colcon.colcon_core.shell:Skip shell extension 'dsv' for command environment
[0.403s] INFO:colcon.colcon_ros.task.ament_cmake.build:Building ROS package in '/home/bbhanda/scoutbot_ws/src/scoutbot_sim' with build type 'ament_cmake'
[0.404s] INFO:colcon.colcon_cmake.task.cmake.build:Building CMake package in '/home/bbhanda/scoutbot_ws/src/scoutbot_sim'
[0.404s] INFO:colcon.colcon_core.shell:Skip shell extension 'powershell' for command environment: Not usable outside of PowerShell
[0.404s] DEBUG:colcon.colcon_core.shell:Skip shell extension 'dsv' for command environment
[0.742s] INFO:colcon.colcon_core.task.python.build:Building Python package in '/home/bbhanda/scoutbot_ws/src/arm_controller'
[0.743s] INFO:colcon.colcon_core.shell:Skip shell extension 'powershell' for command environment: Not usable outside of PowerShell
[0.743s] DEBUG:colcon.colcon_core.shell:Skip shell extension 'dsv' for command environment
[1.002s] INFO:colcon.colcon_core.task.python.build:Building Python package in '/home/bbhanda/scoutbot_ws/src/scoutbot_description'
[1.003s] INFO:colcon.colcon_core.shell:Skip shell extension 'powershell' for command environment: Not usable outside of PowerShell
[1.003s] DEBUG:colcon.colcon_core.shell:Skip shell extension 'dsv' for command environment
[1.040s] DEBUG:colcon.colcon_core.event_handler.log_command:Invoking command in '/home/bbhanda/scoutbot_ws/build/scoutbot_sim': CMAKE_PREFIX_PATH=${CMAKE_PREFIX_PATH}:/home/bbhanda/scoutbot_ws/install/scoutbot_description:/home/bbhanda/scoutbot_ws/install/arm_controller:/home/bbhanda/install/scoutbot_description:/home/bbhanda/install/arm_controller:/opt/ros/humble /usr/bin/cmake --build /home/bbhanda/scoutbot_ws/build/scoutbot_sim -- -j8 -l8
[1.165s] DEBUG:colcon.colcon_core.event_handler.log_command:Invoked command in '/home/bbhanda/scoutbot_ws/build/scoutbot_sim' returned '0': CMAKE_PREFIX_PATH=${CMAKE_PREFIX_PATH}:/home/bbhanda/scoutbot_ws/install/scoutbot_description:/home/bbhanda/scoutbot_ws/install/arm_controller:/home/bbhanda/install/scoutbot_description:/home/bbhanda/install/arm_controller:/opt/ros/humble /usr/bin/cmake --build /home/bbhanda/scoutbot_ws/build/scoutbot_sim -- -j8 -l8
[1.177s] DEBUG:colcon.colcon_core.event_handler.log_command:Invoking command in '/home/bbhanda/scoutbot_ws/build/scoutbot_sim': CMAKE_PREFIX_PATH=${CMAKE_PREFIX_PATH}:/home/bbhanda/scoutbot_ws/install/scoutbot_description:/home/bbhanda/scoutbot_ws/install/arm_controller:/home/bbhanda/install/scoutbot_description:/home/bbhanda/install/arm_controller:/opt/ros/humble /usr/bin/cmake --install /home/bbhanda/scoutbot_ws/build/scoutbot_sim
[1.192s] Level 1:colcon.colcon_core.environment:create_environment_scripts_only(scoutbot_sim)
[1.196s] DEBUG:colcon.colcon_core.event_handler.log_command:Invoked command in '/home/bbhanda/scoutbot_ws/build/scoutbot_sim' returned '0': CMAKE_PREFIX_PATH=${CMAKE_PREFIX_PATH}:/home/bbhanda/scoutbot_ws/install/scoutbot_description:/home/bbhanda/scoutbot_ws/install/arm_controller:/home/bbhanda/install/scoutbot_description:/home/bbhanda/install/arm_controller:/opt/ros/humble /usr/bin/cmake --install /home/bbhanda/scoutbot_ws/build/scoutbot_sim
[1.197s] Level 1:colcon.colcon_core.environment:checking '/home/bbhanda/scoutbot_ws/install/scoutbot_sim' for CMake module files
[1.198s] Level 1:colcon.colcon_core.environment:checking '/home/bbhanda/scoutbot_ws/install/scoutbot_sim' for CMake config files
[1.198s] Level 1:colcon.colcon_core.shell:create_environment_hook('scoutbot_sim', 'cmake_prefix_path')
[1.198s] INFO:colcon.colcon_core.shell:Creating environment hook '/home/bbhanda/scoutbot_ws/install/scoutbot_sim/share/scoutbot_sim/hook/cmake_prefix_path.ps1'
[1.199s] INFO:colcon.colcon_core.shell:Creating environment descriptor '/home/bbhanda/scoutbot_ws/install/scoutbot_sim/share/scoutbot_sim/hook/cmake_prefix_path.dsv'
[1.200s] INFO:colcon.colcon_core.shell:Creating environment hook '/home/bbhanda/scoutbot_ws/install/scoutbot_sim/share/scoutbot_sim/hook/cmake_prefix_path.sh'
[1.201s] Level 1:colcon.colcon_core.environment:checking '/home/bbhanda/scoutbot_ws/install/scoutbot_sim/bin'
[1.201s] Level 1:colcon.colcon_core.environment:checking '/home/bbhanda/scoutbot_ws/install/scoutbot_sim/lib/pkgconfig/scoutbot_sim.pc'
[1.201s] Level 1:colcon.colcon_core.environment:checking '/home/bbhanda/scoutbot_ws/install/scoutbot_sim/lib/python3.10/site-packages'
[1.202s] Level 1:colcon.colcon_core.environment:checking '/home/bbhanda/scoutbot_ws/install/scoutbot_sim/bin'
[1.202s] INFO:colcon.colcon_core.shell:Creating package script '/home/bbhanda/scoutbot_ws/install/scoutbot_sim/share/scoutbot_sim/package.ps1'
[1.203s] INFO:colcon.colcon_core.shell:Creating package descriptor '/home/bbhanda/scoutbot_ws/install/scoutbot_sim/share/scoutbot_sim/package.dsv'
[1.204s] INFO:colcon.colcon_core.shell:Creating package script '/home/bbhanda/scoutbot_ws/install/scoutbot_sim/share/scoutbot_sim/package.sh'
[1.205s] INFO:colcon.colcon_core.shell:Creating package script '/home/bbhanda/scoutbot_ws/install/scoutbot_sim/share/scoutbot_sim/package.bash'
[1.206s] INFO:colcon.colcon_core.shell:Creating package script '/home/bbhanda/scoutbot_ws/install/scoutbot_sim/share/scoutbot_sim/package.zsh'
[1.207s] Level 1:colcon.colcon_core.environment:create_file_with_runtime_dependencies(/home/bbhanda/scoutbot_ws/install/scoutbot_sim/share/colcon-core/packages/scoutbot_sim)
[1.208s] Level 1:colcon.colcon_core.environment:create_environment_scripts_only(scoutbot_sim)
[1.209s] Level 1:colcon.colcon_core.environment:checking '/home/bbhanda/scoutbot_ws/install/scoutbot_sim' for CMake module files
[1.209s] Level 1:colcon.colcon_core.environment:checking '/home/bbhanda/scoutbot_ws/install/scoutbot_sim' for CMake config files
[1.209s] Level 1:colcon.colcon_core.shell:create_environment_hook('scoutbot_sim', 'cmake_prefix_path')
[1.209s] INFO:colcon.colcon_core.shell:Creating environment hook '/home/bbhanda/scoutbot_ws/install/scoutbot_sim/share/scoutbot_sim/hook/cmake_prefix_path.ps1'
[1.210s] INFO:colcon.colcon_core.shell:Creating environment descriptor '/home/bbhanda/scoutbot_ws/install/scoutbot_sim/share/scoutbot_sim/hook/cmake_prefix_path.dsv'
[1.210s] INFO:colcon.colcon_core.shell:Creating environment hook '/home/bbhanda/scoutbot_ws/install/scoutbot_sim/share/scoutbot_sim/hook/cmake_prefix_path.sh'
[1.211s] Level 1:colcon.colcon_core.environment:checking '/home/bbhanda/scoutbot_ws/install/scoutbot_sim/bin'
[1.211s] Level 1:colcon.colcon_core.environment:checking '/home/bbhanda/scoutbot_ws/install/scoutbot_sim/lib/pkgconfig/scoutbot_sim.pc'
[1.212s] Level 1:colcon.colcon_core.environment:checking '/home/bbhanda/scoutbot_ws/install/scoutbot_sim/lib/python3.10/site-packages'
[1.212s] Level 1:colcon.colcon_core.environment:checking '/home/bbhanda/scoutbot_ws/install/scoutbot_sim/bin'
[1.212s] INFO:colcon.colcon_core.shell:Creating package script '/home/bbhanda/scoutbot_ws/install/scoutbot_sim/share/scoutbot_sim/package.ps1'
[1.213s] INFO:colcon.colcon_core.shell:Creating package descriptor '/home/bbhanda/scoutbot_ws/install/scoutbot_sim/share/scoutbot_sim/package.dsv'
[1.214s] INFO:colcon.colcon_core.shell:Creating package script '/home/bbhanda/scoutbot_ws/install/scoutbot_sim/share/scoutbot_sim/package.sh'
[1.214s] INFO:colcon.colcon_core.shell:Creating package script '/home/bbhanda/scoutbot_ws/install/scoutbot_sim/share/scoutbot_sim/package.bash'
[1.215s] INFO:colcon.colcon_core.shell:Creating package script '/home/bbhanda/scoutbot_ws/install/scoutbot_sim/share/scoutbot_sim/package.zsh'
[1.216s] Level 1:colcon.colcon_core.environment:create_file_with_runtime_dependencies(/home/bbhanda/scoutbot_ws/install/scoutbot_sim/share/colcon-core/packages/scoutbot_sim)
[1.469s] DEBUG:colcon.colcon_core.event_handler.log_command:Invoking command in '/home/bbhanda/scoutbot_ws/src/arm_controller': PYTHONPATH=/home/bbhanda/scoutbot_ws/build/arm_controller/prefix_override:/usr/lib/python3/dist-packages/colcon_core/task/python/colcon_distutils_commands:/home/bbhanda/scoutbot_ws/install/arm_controller/lib/python3.10/site-packages:${PYTHONPATH} /usr/bin/python3 -W ignore:setup.py install is deprecated -W ignore:easy_install command is deprecated setup.py egg_info --egg-base ../../build/arm_controller build --build-base /home/bbhanda/scoutbot_ws/build/arm_controller/build install --record /home/bbhanda/scoutbot_ws/build/arm_controller/install.log --single-version-externally-managed install_data
[1.471s] DEBUG:colcon.colcon_core.event_handler.log_command:Invoking command in '/home/bbhanda/scoutbot_ws/src/scoutbot_description': PYTHONPATH=/home/bbhanda/scoutbot_ws/build/scoutbot_description/prefix_override:/usr/lib/python3/dist-packages/colcon_core/task/python/colcon_distutils_commands:/home/bbhanda/scoutbot_ws/install/scoutbot_description/lib/python3.10/site-packages:${PYTHONPATH} /usr/bin/python3 -W ignore:setup.py install is deprecated -W ignore:easy_install command is deprecated setup.py egg_info --egg-base ../../build/scoutbot_description build --build-base /home/bbhanda/scoutbot_ws/build/scoutbot_description/build install --record /home/bbhanda/scoutbot_ws/build/scoutbot_description/install.log --single-version-externally-managed install_data
[1.806s] Level 1:colcon.colcon_core.environment:checking '/home/bbhanda/scoutbot_ws/install/scoutbot_description' for CMake module files
[1.807s] DEBUG:colcon.colcon_core.event_handler.log_command:Invoked command in '/home/bbhanda/scoutbot_ws/src/scoutbot_description' returned '0': PYTHONPATH=/home/bbhanda/scoutbot_ws/build/scoutbot_description/prefix_override:/usr/lib/python3/dist-packages/colcon_core/task/python/colcon_distutils_commands:/home/bbhanda/scoutbot_ws/install/scoutbot_description/lib/python3.10/site-packages:${PYTHONPATH} /usr/bin/python3 -W ignore:setup.py install is deprecated -W ignore:easy_install command is deprecated setup.py egg_info --egg-base ../../build/scoutbot_description build --build-base /home/bbhanda/scoutbot_ws/build/scoutbot_description/build install --record /home/bbhanda/scoutbot_ws/build/scoutbot_description/install.log --single-version-externally-managed install_data
[1.807s] Level 1:colcon.colcon_core.environment:checking '/home/bbhanda/scoutbot_ws/install/scoutbot_description' for CMake config files
[1.808s] Level 1:colcon.colcon_core.environment:checking '/home/bbhanda/scoutbot_ws/install/scoutbot_description/lib'
[1.808s] Level 1:colcon.colcon_core.environment:checking '/home/bbhanda/scoutbot_ws/install/scoutbot_description/bin'
[1.809s] Level 1:colcon.colcon_core.environment:checking '/home/bbhanda/scoutbot_ws/install/scoutbot_description/lib/pkgconfig/scoutbot_description.pc'
[1.809s] Level 1:colcon.colcon_core.environment:checking '/home/bbhanda/scoutbot_ws/install/scoutbot_description/lib/python3.10/site-packages'
[1.810s] Level 1:colcon.colcon_core.shell:create_environment_hook('scoutbot_description', 'pythonpath')
[1.810s] INFO:colcon.colcon_core.shell:Creating environment hook '/home/bbhanda/scoutbot_ws/install/scoutbot_description/share/scoutbot_description/hook/pythonpath.ps1'
[1.811s] INFO:colcon.colcon_core.shell:Creating environment descriptor '/home/bbhanda/scoutbot_ws/install/scoutbot_description/share/scoutbot_description/hook/pythonpath.dsv'
[1.818s] INFO:colcon.colcon_core.shell:Creating environment hook '/home/bbhanda/scoutbot_ws/install/scoutbot_description/share/scoutbot_description/hook/pythonpath.sh'
[1.823s] Level 1:colcon.colcon_core.environment:checking '/home/bbhanda/scoutbot_ws/install/scoutbot_description/bin'
[1.823s] Level 1:colcon.colcon_core.environment:create_environment_scripts_only(scoutbot_description)
[1.824s] INFO:colcon.colcon_core.shell:Creating package script '/home/bbhanda/scoutbot_ws/install/scoutbot_description/share/scoutbot_description/package.ps1'
[1.825s] INFO:colcon.colcon_core.shell:Creating package descriptor '/home/bbhanda/scoutbot_ws/install/scoutbot_description/share/scoutbot_description/package.dsv'
[1.826s] INFO:colcon.colcon_core.shell:Creating package script '/home/bbhanda/scoutbot_ws/install/scoutbot_description/share/scoutbot_description/package.sh'
[1.827s] INFO:colcon.colcon_core.shell:Creating package script '/home/bbhanda/scoutbot_ws/install/scoutbot_description/share/scoutbot_description/package.bash'
[1.829s] INFO:colcon.colcon_core.shell:Creating package script '/home/bbhanda/scoutbot_ws/install/scoutbot_description/share/scoutbot_description/package.zsh'
[1.831s] Level 1:colcon.colcon_core.environment:create_file_with_runtime_dependencies(/home/bbhanda/scoutbot_ws/install/scoutbot_description/share/colcon-core/packages/scoutbot_description)
[1.834s] Level 1:colcon.colcon_core.environment:checking '/home/bbhanda/scoutbot_ws/install/arm_controller' for CMake module files
[1.835s] Level 1:colcon.colcon_core.environment:checking '/home/bbhanda/scoutbot_ws/install/arm_controller' for CMake config files
[1.837s] Level 1:colcon.colcon_core.environment:checking '/home/bbhanda/scoutbot_ws/install/arm_controller/lib'
[1.837s] DEBUG:colcon.colcon_core.event_handler.log_command:Invoked command in '/home/bbhanda/scoutbot_ws/src/arm_controller' returned '0': PYTHONPATH=/home/bbhanda/scoutbot_ws/build/arm_controller/prefix_override:/usr/lib/python3/dist-packages/colcon_core/task/python/colcon_distutils_commands:/home/bbhanda/scoutbot_ws/install/arm_controller/lib/python3.10/site-packages:${PYTHONPATH} /usr/bin/python3 -W ignore:setup.py install is deprecated -W ignore:easy_install command is deprecated setup.py egg_info --egg-base ../../build/arm_controller build --build-base /home/bbhanda/scoutbot_ws/build/arm_controller/build install --record /home/bbhanda/scoutbot_ws/build/arm_controller/install.log --single-version-externally-managed install_data
[1.837s] Level 1:colcon.colcon_core.environment:checking '/home/bbhanda/scoutbot_ws/install/arm_controller/bin'
[1.838s] Level 1:colcon.colcon_core.environment:checking '/home/bbhanda/scoutbot_ws/install/arm_controller/lib/pkgconfig/arm_controller.pc'
[1.838s] Level 1:colcon.colcon_core.environment:checking '/home/bbhanda/scoutbot_ws/install/arm_controller/lib/python3.10/site-packages'
[1.838s] Level 1:colcon.colcon_core.shell:create_environment_hook('arm_controller', 'pythonpath')
[1.838s] INFO:colcon.colcon_core.shell:Creating environment hook '/home/bbhanda/scoutbot_ws/install/arm_controller/share/arm_controller/hook/pythonpath.ps1'
[1.839s] INFO:colcon.colcon_core.shell:Creating environment descriptor '/home/bbhanda/scoutbot_ws/install/arm_controller/share/arm_controller/hook/pythonpath.dsv'
[1.840s] INFO:colcon.colcon_core.shell:Creating environment hook '/home/bbhanda/scoutbot_ws/install/arm_controller/share/arm_controller/hook/pythonpath.sh'
[1.841s] Level 1:colcon.colcon_core.environment:checking '/home/bbhanda/scoutbot_ws/install/arm_controller/bin'
[1.841s] Level 1:colcon.colcon_core.environment:create_environment_scripts_only(arm_controller)
[1.841s] INFO:colcon.colcon_core.shell:Creating package script '/home/bbhanda/scoutbot_ws/install/arm_controller/share/arm_controller/package.ps1'
[1.842s] INFO:colcon.colcon_core.shell:Creating package descriptor '/home/bbhanda/scoutbot_ws/install/arm_controller/share/arm_controller/package.dsv'
[1.843s] INFO:colcon.colcon_core.shell:Creating package script '/home/bbhanda/scoutbot_ws/install/arm_controller/share/arm_controller/package.sh'
[1.860s] INFO:colcon.colcon_core.shell:Creating package script '/home/bbhanda/scoutbot_ws/install/arm_controller/share/arm_controller/package.bash'
[1.862s] INFO:colcon.colcon_core.shell:Creating package script '/home/bbhanda/scoutbot_ws/install/arm_controller/share/arm_controller/package.zsh'
[1.863s] Level 1:colcon.colcon_core.environment:create_file_with_runtime_dependencies(/home/bbhanda/scoutbot_ws/install/arm_controller/share/colcon-core/packages/arm_controller)
[1.863s] DEBUG:colcon.colcon_parallel_executor.executor.parallel:closing loop
[1.864s] DEBUG:colcon.colcon_parallel_executor.executor.parallel:loop closed
[1.864s] DEBUG:colcon.colcon_parallel_executor.executor.parallel:run_until_complete finished with '0'
[1.866s] DEBUG:colcon.colcon_core.event_reactor:joining thread
[1.881s] INFO:colcon.colcon_core.plugin_system:Skipping extension 'colcon_notification.desktop_notification.terminal_notifier': Not used on non-Darwin systems
[1.882s] INFO:colcon.colcon_core.plugin_system:Skipping extension 'colcon_notification.desktop_notification.win32': Not used on non-Windows systems
[1.882s] INFO:colcon.colcon_notification.desktop_notification:Sending desktop notification using 'notify2'
[1.904s] DEBUG:colcon.colcon_core.event_reactor:joined thread
[1.904s] INFO:colcon.colcon_core.shell:Creating prefix script '/home/bbhanda/scoutbot_ws/install/local_setup.ps1'
[1.911s] INFO:colcon.colcon_core.shell:Creating prefix util module '/home/bbhanda/scoutbot_ws/install/_local_setup_util_ps1.py'
[1.919s] INFO:colcon.colcon_core.shell:Creating prefix chain script '/home/bbhanda/scoutbot_ws/install/setup.ps1'
[1.921s] INFO:colcon.colcon_core.shell:Creating prefix script '/home/bbhanda/scoutbot_ws/install/local_setup.sh'
[1.923s] INFO:colcon.colcon_core.shell:Creating prefix util module '/home/bbhanda/scoutbot_ws/install/_local_setup_util_sh.py'
[1.924s] INFO:colcon.colcon_core.shell:Creating prefix chain script '/home/bbhanda/scoutbot_ws/install/setup.sh'
[1.926s] INFO:colcon.colcon_core.shell:Creating prefix script '/home/bbhanda/scoutbot_ws/install/local_setup.bash'
[1.928s] INFO:colcon.colcon_core.shell:Creating prefix chain script '/home/bbhanda/scoutbot_ws/install/setup.bash'
[1.935s] INFO:colcon.colcon_core.shell:Creating prefix script '/home/bbhanda/scoutbot_ws/install/local_setup.zsh'
[1.938s] INFO:colcon.colcon_core.shell:Creating prefix chain script '/home/bbhanda/scoutbot_ws/install/setup.zsh'
