[0.121s] DEBUG:colcon:Command line arguments: ['/usr/bin/colcon', 'build']
[0.121s] DEBUG:colcon:Parsed command line arguments: Namespace(log_base=None, log_level=None, verb_name='build', build_base='build', install_base='install', merge_install=False, symlink_install=False, test_result_base=None, continue_on_error=False, executor='parallel', parallel_workers=8, event_handlers=None, ignore_user_meta=False, metas=['./colcon.meta'], base_paths=['.'], packages_ignore=None, packages_ignore_regex=None, paths=None, packages_up_to=None, packages_up_to_regex=None, packages_above=None, packages_above_and_dependencies=None, packages_above_depth=None, packages_select_by_dep=None, packages_skip_by_dep=None, packages_skip_up_to=None, packages_select_build_failed=False, packages_skip_build_finished=False, packages_select_test_failures=False, packages_skip_test_passed=False, packages_select=None, packages_skip=None, packages_select_regex=None, packages_skip_regex=None, packages_start=None, packages_end=None, allow_overriding=[], cmake_args=None, cmake_target=None, cmake_target_skip_unavailable=False, cmake_clean_cache=False, cmake_clean_first=False, cmake_force_configure=False, ament_cmake_args=None, catkin_cmake_args=None, catkin_skip_building_tests=False, verb_parser=<colcon_defaults.argument_parser.defaults.DefaultArgumentsDecorator object at 0x7cc6be810a60>, verb_extension=<colcon_core.verb.build.BuildVerb object at 0x7cc6be9cd6f0>, main=<bound method BuildVerb.main of <colcon_core.verb.build.BuildVerb object at 0x7cc6be9cd6f0>>)
[0.259s] Level 1:colcon.colcon_core.package_discovery:discover_packages(colcon_meta) check parameters
[0.261s] Level 1:colcon.colcon_core.package_discovery:discover_packages(recursive) check parameters
[0.261s] Level 1:colcon.colcon_core.package_discovery:discover_packages(ignore) check parameters
[0.261s] Level 1:colcon.colcon_core.package_discovery:discover_packages(path) check parameters
[0.261s] Level 1:colcon.colcon_core.package_discovery:discover_packages(colcon_meta) discover
[0.261s] Level 1:colcon.colcon_core.package_discovery:discover_packages(recursive) discover
[0.261s] INFO:colcon.colcon_core.package_discovery:Crawling recursively for packages in '/home/bbhanda/scoutbot_ws'
[0.261s] Level 1:colcon.colcon_core.package_identification:_identify(.) by extensions ['ignore', 'ignore_ament_install']
[0.261s] Level 1:colcon.colcon_core.package_identification:_identify(.) by extension 'ignore'
[0.261s] Level 1:colcon.colcon_core.package_identification:_identify(.) by extension 'ignore_ament_install'
[0.261s] Level 1:colcon.colcon_core.package_identification:_identify(.) by extensions ['colcon_pkg']
[0.261s] Level 1:colcon.colcon_core.package_identification:_identify(.) by extension 'colcon_pkg'
[0.264s] Level 1:colcon.colcon_core.package_identification:_identify(.) by extensions ['colcon_meta']
[0.265s] Level 1:colcon.colcon_core.package_identification:_identify(.) by extension 'colcon_meta'
[0.267s] Level 1:colcon.colcon_core.package_identification:_identify(.) by extensions ['ros']
[0.268s] Level 1:colcon.colcon_core.package_identification:_identify(.) by extension 'ros'
[0.287s] Level 1:colcon.colcon_core.package_identification:_identify(.) by extensions ['cmake', 'python']
[0.288s] Level 1:colcon.colcon_core.package_identification:_identify(.) by extension 'cmake'
[0.289s] Level 1:colcon.colcon_core.package_identification:_identify(.) by extension 'python'
[0.289s] Level 1:colcon.colcon_core.package_identification:_identify(.) by extensions ['python_setup_py']
[0.292s] Level 1:colcon.colcon_core.package_identification:_identify(.) by extension 'python_setup_py'
[0.293s] Level 1:colcon.colcon_core.package_identification:_identify(build) by extensions ['ignore', 'ignore_ament_install']
[0.293s] Level 1:colcon.colcon_core.package_identification:_identify(build) by extension 'ignore'
[0.293s] Level 1:colcon.colcon_core.package_identification:_identify(build) ignored
[0.293s] Level 1:colcon.colcon_core.package_identification:_identify(install) by extensions ['ignore', 'ignore_ament_install']
[0.293s] Level 1:colcon.colcon_core.package_identification:_identify(install) by extension 'ignore'
[0.293s] Level 1:colcon.colcon_core.package_identification:_identify(install) ignored
[0.293s] Level 1:colcon.colcon_core.package_identification:_identify(log) by extensions ['ignore', 'ignore_ament_install']
[0.293s] Level 1:colcon.colcon_core.package_identification:_identify(log) by extension 'ignore'
[0.293s] Level 1:colcon.colcon_core.package_identification:_identify(log) ignored
[0.294s] Level 1:colcon.colcon_core.package_identification:_identify(src) by extensions ['ignore', 'ignore_ament_install']
[0.294s] Level 1:colcon.colcon_core.package_identification:_identify(src) by extension 'ignore'
[0.294s] Level 1:colcon.colcon_core.package_identification:_identify(src) by extension 'ignore_ament_install'
[0.294s] Level 1:colcon.colcon_core.package_identification:_identify(src) by extensions ['colcon_pkg']
[0.294s] Level 1:colcon.colcon_core.package_identification:_identify(src) by extension 'colcon_pkg'
[0.294s] Level 1:colcon.colcon_core.package_identification:_identify(src) by extensions ['colcon_meta']
[0.294s] Level 1:colcon.colcon_core.package_identification:_identify(src) by extension 'colcon_meta'
[0.294s] Level 1:colcon.colcon_core.package_identification:_identify(src) by extensions ['ros']
[0.294s] Level 1:colcon.colcon_core.package_identification:_identify(src) by extension 'ros'
[0.294s] Level 1:colcon.colcon_core.package_identification:_identify(src) by extensions ['cmake', 'python']
[0.294s] Level 1:colcon.colcon_core.package_identification:_identify(src) by extension 'cmake'
[0.294s] Level 1:colcon.colcon_core.package_identification:_identify(src) by extension 'python'
[0.294s] Level 1:colcon.colcon_core.package_identification:_identify(src) by extensions ['python_setup_py']
[0.294s] Level 1:colcon.colcon_core.package_identification:_identify(src) by extension 'python_setup_py'
[0.294s] Level 1:colcon.colcon_core.package_identification:_identify(src/arm_controller) by extensions ['ignore', 'ignore_ament_install']
[0.294s] Level 1:colcon.colcon_core.package_identification:_identify(src/arm_controller) by extension 'ignore'
[0.294s] Level 1:colcon.colcon_core.package_identification:_identify(src/arm_controller) by extension 'ignore_ament_install'
[0.294s] Level 1:colcon.colcon_core.package_identification:_identify(src/arm_controller) by extensions ['colcon_pkg']
[0.294s] Level 1:colcon.colcon_core.package_identification:_identify(src/arm_controller) by extension 'colcon_pkg'
[0.295s] Level 1:colcon.colcon_core.package_identification:_identify(src/arm_controller) by extensions ['colcon_meta']
[0.295s] Level 1:colcon.colcon_core.package_identification:_identify(src/arm_controller) by extension 'colcon_meta'
[0.295s] Level 1:colcon.colcon_core.package_identification:_identify(src/arm_controller) by extensions ['ros']
[0.295s] Level 1:colcon.colcon_core.package_identification:_identify(src/arm_controller) by extension 'ros'
[0.297s] DEBUG:colcon.colcon_core.package_identification:Package 'src/arm_controller' with type 'ros.ament_python' and name 'arm_controller'
[0.297s] Level 1:colcon.colcon_core.package_identification:_identify(src/build) by extensions ['ignore', 'ignore_ament_install']
[0.298s] Level 1:colcon.colcon_core.package_identification:_identify(src/build) by extension 'ignore'
[0.298s] Level 1:colcon.colcon_core.package_identification:_identify(src/build) ignored
[0.298s] Level 1:colcon.colcon_core.package_identification:_identify(src/install) by extensions ['ignore', 'ignore_ament_install']
[0.298s] Level 1:colcon.colcon_core.package_identification:_identify(src/install) by extension 'ignore'
[0.298s] Level 1:colcon.colcon_core.package_identification:_identify(src/install) ignored
[0.298s] Level 1:colcon.colcon_core.package_identification:_identify(src/log) by extensions ['ignore', 'ignore_ament_install']
[0.298s] Level 1:colcon.colcon_core.package_identification:_identify(src/log) by extension 'ignore'
[0.298s] Level 1:colcon.colcon_core.package_identification:_identify(src/log) ignored
[0.298s] Level 1:colcon.colcon_core.package_identification:_identify(src/scoutbot_description) by extensions ['ignore', 'ignore_ament_install']
[0.298s] Level 1:colcon.colcon_core.package_identification:_identify(src/scoutbot_description) by extension 'ignore'
[0.299s] Level 1:colcon.colcon_core.package_identification:_identify(src/scoutbot_description) by extension 'ignore_ament_install'
[0.299s] Level 1:colcon.colcon_core.package_identification:_identify(src/scoutbot_description) by extensions ['colcon_pkg']
[0.299s] Level 1:colcon.colcon_core.package_identification:_identify(src/scoutbot_description) by extension 'colcon_pkg'
[0.299s] Level 1:colcon.colcon_core.package_identification:_identify(src/scoutbot_description) by extensions ['colcon_meta']
[0.299s] Level 1:colcon.colcon_core.package_identification:_identify(src/scoutbot_description) by extension 'colcon_meta'
[0.299s] Level 1:colcon.colcon_core.package_identification:_identify(src/scoutbot_description) by extensions ['ros']
[0.299s] Level 1:colcon.colcon_core.package_identification:_identify(src/scoutbot_description) by extension 'ros'
[0.300s] DEBUG:colcon.colcon_core.package_identification:Package 'src/scoutbot_description' with type 'ros.ament_python' and name 'scoutbot_description'
[0.300s] Level 1:colcon.colcon_core.package_identification:_identify(src/scoutbot_sim) by extensions ['ignore', 'ignore_ament_install']
[0.300s] Level 1:colcon.colcon_core.package_identification:_identify(src/scoutbot_sim) by extension 'ignore'
[0.300s] Level 1:colcon.colcon_core.package_identification:_identify(src/scoutbot_sim) by extension 'ignore_ament_install'
[0.300s] Level 1:colcon.colcon_core.package_identification:_identify(src/scoutbot_sim) by extensions ['colcon_pkg']
[0.300s] Level 1:colcon.colcon_core.package_identification:_identify(src/scoutbot_sim) by extension 'colcon_pkg'
[0.300s] Level 1:colcon.colcon_core.package_identification:_identify(src/scoutbot_sim) by extensions ['colcon_meta']
[0.300s] Level 1:colcon.colcon_core.package_identification:_identify(src/scoutbot_sim) by extension 'colcon_meta'
[0.300s] Level 1:colcon.colcon_core.package_identification:_identify(src/scoutbot_sim) by extensions ['ros']
[0.300s] Level 1:colcon.colcon_core.package_identification:_identify(src/scoutbot_sim) by extension 'ros'
[0.301s] DEBUG:colcon.colcon_core.package_identification:Package 'src/scoutbot_sim' with type 'ros.ament_cmake' and name 'scoutbot_sim'
[0.301s] Level 1:colcon.colcon_core.package_discovery:discover_packages(recursive) using defaults
[0.301s] Level 1:colcon.colcon_core.package_discovery:discover_packages(ignore) discover
[0.301s] Level 1:colcon.colcon_core.package_discovery:discover_packages(ignore) using defaults
[0.301s] Level 1:colcon.colcon_core.package_discovery:discover_packages(path) discover
[0.301s] Level 1:colcon.colcon_core.package_discovery:discover_packages(path) using defaults
[0.319s] Level 1:colcon.colcon_core.package_discovery:discover_packages(prefix_path) check parameters
[0.319s] Level 1:colcon.colcon_core.package_discovery:discover_packages(prefix_path) discover
[0.323s] DEBUG:colcon.colcon_installed_package_information.package_discovery:Found 3 installed packages in /home/bbhanda/scoutbot_ws/install
[0.324s] DEBUG:colcon.colcon_installed_package_information.package_discovery:Found 1 installed packages in /home/bbhanda/install
[0.325s] DEBUG:colcon.colcon_installed_package_information.package_discovery:Found 304 installed packages in /opt/ros/humble
[0.335s] Level 1:colcon.colcon_core.package_discovery:discover_packages(prefix_path) using defaults
[0.371s] Level 5:colcon.colcon_core.verb:set package 'arm_controller' build argument 'cmake_args' from command line to 'None'
[0.371s] Level 5:colcon.colcon_core.verb:set package 'arm_controller' build argument 'cmake_target' from command line to 'None'
[0.373s] Level 5:colcon.colcon_core.verb:set package 'arm_controller' build argument 'cmake_target_skip_unavailable' from command line to 'False'
[0.373s] Level 5:colcon.colcon_core.verb:set package 'arm_controller' build argument 'cmake_clean_cache' from command line to 'False'
[0.374s] Level 5:colcon.colcon_core.verb:set package 'arm_controller' build argument 'cmake_clean_first' from command line to 'False'
[0.374s] Level 5:colcon.colcon_core.verb:set package 'arm_controller' build argument 'cmake_force_configure' from command line to 'False'
[0.374s] Level 5:colcon.colcon_core.verb:set package 'arm_controller' build argument 'ament_cmake_args' from command line to 'None'
[0.374s] Level 5:colcon.colcon_core.verb:set package 'arm_controller' build argument 'catkin_cmake_args' from command line to 'None'
[0.374s] Level 5:colcon.colcon_core.verb:set package 'arm_controller' build argument 'catkin_skip_building_tests' from command line to 'False'
[0.374s] DEBUG:colcon.colcon_core.verb:Building package 'arm_controller' with the following arguments: {'ament_cmake_args': None, 'build_base': '/home/bbhanda/scoutbot_ws/build/arm_controller', 'catkin_cmake_args': None, 'catkin_skip_building_tests': False, 'cmake_args': None, 'cmake_clean_cache': False, 'cmake_clean_first': False, 'cmake_force_configure': False, 'cmake_target': None, 'cmake_target_skip_unavailable': False, 'install_base': '/home/bbhanda/scoutbot_ws/install/arm_controller', 'merge_install': False, 'path': '/home/bbhanda/scoutbot_ws/src/arm_controller', 'symlink_install': False, 'test_result_base': None}
[0.376s] Level 5:colcon.colcon_core.verb:set package 'scoutbot_description' build argument 'cmake_args' from command line to 'None'
[0.376s] Level 5:colcon.colcon_core.verb:set package 'scoutbot_description' build argument 'cmake_target' from command line to 'None'
[0.376s] Level 5:colcon.colcon_core.verb:set package 'scoutbot_description' build argument 'cmake_target_skip_unavailable' from command line to 'False'
[0.376s] Level 5:colcon.colcon_core.verb:set package 'scoutbot_description' build argument 'cmake_clean_cache' from command line to 'False'
[0.376s] Level 5:colcon.colcon_core.verb:set package 'scoutbot_description' build argument 'cmake_clean_first' from command line to 'False'
[0.376s] Level 5:colcon.colcon_core.verb:set package 'scoutbot_description' build argument 'cmake_force_configure' from command line to 'False'
[0.376s] Level 5:colcon.colcon_core.verb:set package 'scoutbot_description' build argument 'ament_cmake_args' from command line to 'None'
[0.376s] Level 5:colcon.colcon_core.verb:set package 'scoutbot_description' build argument 'catkin_cmake_args' from command line to 'None'
[0.376s] Level 5:colcon.colcon_core.verb:set package 'scoutbot_description' build argument 'catkin_skip_building_tests' from command line to 'False'
[0.376s] DEBUG:colcon.colcon_core.verb:Building package 'scoutbot_description' with the following arguments: {'ament_cmake_args': None, 'build_base': '/home/bbhanda/scoutbot_ws/build/scoutbot_description', 'catkin_cmake_args': None, 'catkin_skip_building_tests': False, 'cmake_args': None, 'cmake_clean_cache': False, 'cmake_clean_first': False, 'cmake_force_configure': False, 'cmake_target': None, 'cmake_target_skip_unavailable': False, 'install_base': '/home/bbhanda/scoutbot_ws/install/scoutbot_description', 'merge_install': False, 'path': '/home/bbhanda/scoutbot_ws/src/scoutbot_description', 'symlink_install': False, 'test_result_base': None}
[0.376s] Level 5:colcon.colcon_core.verb:set package 'scoutbot_sim' build argument 'cmake_args' from command line to 'None'
[0.376s] Level 5:colcon.colcon_core.verb:set package 'scoutbot_sim' build argument 'cmake_target' from command line to 'None'
[0.377s] Level 5:colcon.colcon_core.verb:set package 'scoutbot_sim' build argument 'cmake_target_skip_unavailable' from command line to 'False'
[0.377s] Level 5:colcon.colcon_core.verb:set package 'scoutbot_sim' build argument 'cmake_clean_cache' from command line to 'False'
[0.377s] Level 5:colcon.colcon_core.verb:set package 'scoutbot_sim' build argument 'cmake_clean_first' from command line to 'False'
[0.377s] Level 5:colcon.colcon_core.verb:set package 'scoutbot_sim' build argument 'cmake_force_configure' from command line to 'False'
[0.377s] Level 5:colcon.colcon_core.verb:set package 'scoutbot_sim' build argument 'ament_cmake_args' from command line to 'None'
[0.377s] Level 5:colcon.colcon_core.verb:set package 'scoutbot_sim' build argument 'catkin_cmake_args' from command line to 'None'
[0.377s] Level 5:colcon.colcon_core.verb:set package 'scoutbot_sim' build argument 'catkin_skip_building_tests' from command line to 'False'
[0.377s] DEBUG:colcon.colcon_core.verb:Building package 'scoutbot_sim' with the following arguments: {'ament_cmake_args': None, 'build_base': '/home/bbhanda/scoutbot_ws/build/scoutbot_sim', 'catkin_cmake_args': None, 'catkin_skip_building_tests': False, 'cmake_args': None, 'cmake_clean_cache': False, 'cmake_clean_first': False, 'cmake_force_configure': False, 'cmake_target': None, 'cmake_target_skip_unavailable': False, 'install_base': '/home/bbhanda/scoutbot_ws/install/scoutbot_sim', 'merge_install': False, 'path': '/home/bbhanda/scoutbot_ws/src/scoutbot_sim', 'symlink_install': False, 'test_result_base': None}
[0.377s] INFO:colcon.colcon_core.executor:Executing jobs using 'parallel' executor
[0.378s] DEBUG:colcon.colcon_parallel_executor.executor.parallel:run_until_complete
[0.379s] INFO:colcon.colcon_ros.task.ament_python.build:Building ROS package in '/home/bbhanda/scoutbot_ws/src/arm_controller' with build type 'ament_python'
[0.379s] Level 1:colcon.colcon_core.shell:create_environment_hook('arm_controller', 'ament_prefix_path')
[0.381s] INFO:colcon.colcon_core.plugin_system:Skipping extension 'colcon_core.shell.bat': Not used on non-Windows systems
[0.382s] INFO:colcon.colcon_core.shell:Creating environment hook '/home/bbhanda/scoutbot_ws/install/arm_controller/share/arm_controller/hook/ament_prefix_path.ps1'
[0.383s] INFO:colcon.colcon_core.shell:Creating environment descriptor '/home/bbhanda/scoutbot_ws/install/arm_controller/share/arm_controller/hook/ament_prefix_path.dsv'
[0.383s] INFO:colcon.colcon_core.shell:Creating environment hook '/home/bbhanda/scoutbot_ws/install/arm_controller/share/arm_controller/hook/ament_prefix_path.sh'
[0.384s] INFO:colcon.colcon_core.shell:Skip shell extension 'powershell' for command environment: Not usable outside of PowerShell
[0.385s] DEBUG:colcon.colcon_core.shell:Skip shell extension 'dsv' for command environment
[0.389s] INFO:colcon.colcon_ros.task.ament_python.build:Building ROS package in '/home/bbhanda/scoutbot_ws/src/scoutbot_description' with build type 'ament_python'
[0.389s] Level 1:colcon.colcon_core.shell:create_environment_hook('scoutbot_description', 'ament_prefix_path')
[0.390s] INFO:colcon.colcon_core.shell:Creating environment hook '/home/bbhanda/scoutbot_ws/install/scoutbot_description/share/scoutbot_description/hook/ament_prefix_path.ps1'
[0.390s] INFO:colcon.colcon_core.shell:Creating environment descriptor '/home/bbhanda/scoutbot_ws/install/scoutbot_description/share/scoutbot_description/hook/ament_prefix_path.dsv'
[0.391s] INFO:colcon.colcon_core.shell:Creating environment hook '/home/bbhanda/scoutbot_ws/install/scoutbot_description/share/scoutbot_description/hook/ament_prefix_path.sh'
[0.392s] INFO:colcon.colcon_core.shell:Skip shell extension 'powershell' for command environment: Not usable outside of PowerShell
[0.396s] DEBUG:colcon.colcon_core.shell:Skip shell extension 'dsv' for command environment
[0.409s] INFO:colcon.colcon_ros.task.ament_cmake.build:Building ROS package in '/home/bbhanda/scoutbot_ws/src/scoutbot_sim' with build type 'ament_cmake'
[0.410s] INFO:colcon.colcon_cmake.task.cmake.build:Building CMake package in '/home/bbhanda/scoutbot_ws/src/scoutbot_sim'
[0.410s] INFO:colcon.colcon_core.shell:Skip shell extension 'powershell' for command environment: Not usable outside of PowerShell
[0.411s] DEBUG:colcon.colcon_core.shell:Skip shell extension 'dsv' for command environment
[0.720s] INFO:colcon.colcon_core.task.python.build:Building Python package in '/home/bbhanda/scoutbot_ws/src/arm_controller'
[0.721s] INFO:colcon.colcon_core.shell:Skip shell extension 'powershell' for command environment: Not usable outside of PowerShell
[0.721s] DEBUG:colcon.colcon_core.shell:Skip shell extension 'dsv' for command environment
[0.990s] INFO:colcon.colcon_core.task.python.build:Building Python package in '/home/bbhanda/scoutbot_ws/src/scoutbot_description'
[0.993s] INFO:colcon.colcon_core.shell:Skip shell extension 'powershell' for command environment: Not usable outside of PowerShell
[0.993s] DEBUG:colcon.colcon_core.shell:Skip shell extension 'dsv' for command environment
[1.040s] DEBUG:colcon.colcon_core.event_handler.log_command:Invoking command in '/home/bbhanda/scoutbot_ws/build/scoutbot_sim': CMAKE_PREFIX_PATH=${CMAKE_PREFIX_PATH}:/home/bbhanda/scoutbot_ws/install/scoutbot_description:/home/bbhanda/scoutbot_ws/install/arm_controller:/home/bbhanda/install/scoutbot_description:/opt/ros/humble /usr/bin/cmake --build /home/bbhanda/scoutbot_ws/build/scoutbot_sim -- -j8 -l8
[1.140s] DEBUG:colcon.colcon_core.event_handler.log_command:Invoked command in '/home/bbhanda/scoutbot_ws/build/scoutbot_sim' returned '0': CMAKE_PREFIX_PATH=${CMAKE_PREFIX_PATH}:/home/bbhanda/scoutbot_ws/install/scoutbot_description:/home/bbhanda/scoutbot_ws/install/arm_controller:/home/bbhanda/install/scoutbot_description:/opt/ros/humble /usr/bin/cmake --build /home/bbhanda/scoutbot_ws/build/scoutbot_sim -- -j8 -l8
[1.168s] DEBUG:colcon.colcon_core.event_handler.log_command:Invoking command in '/home/bbhanda/scoutbot_ws/build/scoutbot_sim': CMAKE_PREFIX_PATH=${CMAKE_PREFIX_PATH}:/home/bbhanda/scoutbot_ws/install/scoutbot_description:/home/bbhanda/scoutbot_ws/install/arm_controller:/home/bbhanda/install/scoutbot_description:/opt/ros/humble /usr/bin/cmake --install /home/bbhanda/scoutbot_ws/build/scoutbot_sim
[1.185s] Level 1:colcon.colcon_core.environment:create_environment_scripts_only(scoutbot_sim)
[1.192s] Level 1:colcon.colcon_core.environment:checking '/home/bbhanda/scoutbot_ws/install/scoutbot_sim' for CMake module files
[1.194s] Level 1:colcon.colcon_core.environment:checking '/home/bbhanda/scoutbot_ws/install/scoutbot_sim' for CMake config files
[1.194s] Level 1:colcon.colcon_core.shell:create_environment_hook('scoutbot_sim', 'cmake_prefix_path')
[1.194s] INFO:colcon.colcon_core.shell:Creating environment hook '/home/bbhanda/scoutbot_ws/install/scoutbot_sim/share/scoutbot_sim/hook/cmake_prefix_path.ps1'
[1.195s] INFO:colcon.colcon_core.shell:Creating environment descriptor '/home/bbhanda/scoutbot_ws/install/scoutbot_sim/share/scoutbot_sim/hook/cmake_prefix_path.dsv'
[1.196s] INFO:colcon.colcon_core.shell:Creating environment hook '/home/bbhanda/scoutbot_ws/install/scoutbot_sim/share/scoutbot_sim/hook/cmake_prefix_path.sh'
[1.197s] Level 1:colcon.colcon_core.environment:checking '/home/bbhanda/scoutbot_ws/install/scoutbot_sim/bin'
[1.197s] Level 1:colcon.colcon_core.environment:checking '/home/bbhanda/scoutbot_ws/install/scoutbot_sim/lib/pkgconfig/scoutbot_sim.pc'
[1.197s] Level 1:colcon.colcon_core.environment:checking '/home/bbhanda/scoutbot_ws/install/scoutbot_sim/lib/python3.10/site-packages'
[1.197s] Level 1:colcon.colcon_core.environment:checking '/home/bbhanda/scoutbot_ws/install/scoutbot_sim/bin'
[1.198s] INFO:colcon.colcon_core.shell:Creating package script '/home/bbhanda/scoutbot_ws/install/scoutbot_sim/share/scoutbot_sim/package.ps1'
[1.199s] INFO:colcon.colcon_core.shell:Creating package descriptor '/home/bbhanda/scoutbot_ws/install/scoutbot_sim/share/scoutbot_sim/package.dsv'
[1.200s] INFO:colcon.colcon_core.shell:Creating package script '/home/bbhanda/scoutbot_ws/install/scoutbot_sim/share/scoutbot_sim/package.sh'
[1.201s] INFO:colcon.colcon_core.shell:Creating package script '/home/bbhanda/scoutbot_ws/install/scoutbot_sim/share/scoutbot_sim/package.bash'
[1.202s] INFO:colcon.colcon_core.shell:Creating package script '/home/bbhanda/scoutbot_ws/install/scoutbot_sim/share/scoutbot_sim/package.zsh'
[1.204s] Level 1:colcon.colcon_core.environment:create_file_with_runtime_dependencies(/home/bbhanda/scoutbot_ws/install/scoutbot_sim/share/colcon-core/packages/scoutbot_sim)
[1.206s] Level 1:colcon.colcon_core.environment:create_environment_scripts_only(scoutbot_sim)
[1.206s] Level 1:colcon.colcon_core.environment:checking '/home/bbhanda/scoutbot_ws/install/scoutbot_sim' for CMake module files
[1.207s] Level 1:colcon.colcon_core.environment:checking '/home/bbhanda/scoutbot_ws/install/scoutbot_sim' for CMake config files
[1.207s] Level 1:colcon.colcon_core.shell:create_environment_hook('scoutbot_sim', 'cmake_prefix_path')
[1.207s] INFO:colcon.colcon_core.shell:Creating environment hook '/home/bbhanda/scoutbot_ws/install/scoutbot_sim/share/scoutbot_sim/hook/cmake_prefix_path.ps1'
[1.208s] INFO:colcon.colcon_core.shell:Creating environment descriptor '/home/bbhanda/scoutbot_ws/install/scoutbot_sim/share/scoutbot_sim/hook/cmake_prefix_path.dsv'
[1.208s] INFO:colcon.colcon_core.shell:Creating environment hook '/home/bbhanda/scoutbot_ws/install/scoutbot_sim/share/scoutbot_sim/hook/cmake_prefix_path.sh'
[1.217s] Level 1:colcon.colcon_core.environment:checking '/home/bbhanda/scoutbot_ws/install/scoutbot_sim/bin'
[1.217s] Level 1:colcon.colcon_core.environment:checking '/home/bbhanda/scoutbot_ws/install/scoutbot_sim/lib/pkgconfig/scoutbot_sim.pc'
[1.217s] Level 1:colcon.colcon_core.environment:checking '/home/bbhanda/scoutbot_ws/install/scoutbot_sim/lib/python3.10/site-packages'
[1.217s] Level 1:colcon.colcon_core.environment:checking '/home/bbhanda/scoutbot_ws/install/scoutbot_sim/bin'
[1.218s] INFO:colcon.colcon_core.shell:Creating package script '/home/bbhanda/scoutbot_ws/install/scoutbot_sim/share/scoutbot_sim/package.ps1'
[1.221s] INFO:colcon.colcon_core.shell:Creating package descriptor '/home/bbhanda/scoutbot_ws/install/scoutbot_sim/share/scoutbot_sim/package.dsv'
[1.222s] INFO:colcon.colcon_core.shell:Creating package script '/home/bbhanda/scoutbot_ws/install/scoutbot_sim/share/scoutbot_sim/package.sh'
[1.223s] INFO:colcon.colcon_core.shell:Creating package script '/home/bbhanda/scoutbot_ws/install/scoutbot_sim/share/scoutbot_sim/package.bash'
[1.224s] INFO:colcon.colcon_core.shell:Creating package script '/home/bbhanda/scoutbot_ws/install/scoutbot_sim/share/scoutbot_sim/package.zsh'
[1.224s] Level 1:colcon.colcon_core.environment:create_file_with_runtime_dependencies(/home/bbhanda/scoutbot_ws/install/scoutbot_sim/share/colcon-core/packages/scoutbot_sim)
[1.227s] DEBUG:colcon.colcon_core.event_handler.log_command:Invoked command in '/home/bbhanda/scoutbot_ws/build/scoutbot_sim' returned '0': CMAKE_PREFIX_PATH=${CMAKE_PREFIX_PATH}:/home/bbhanda/scoutbot_ws/install/scoutbot_description:/home/bbhanda/scoutbot_ws/install/arm_controller:/home/bbhanda/install/scoutbot_description:/opt/ros/humble /usr/bin/cmake --install /home/bbhanda/scoutbot_ws/build/scoutbot_sim
[1.489s] DEBUG:colcon.colcon_core.event_handler.log_command:Invoking command in '/home/bbhanda/scoutbot_ws/src/arm_controller': PYTHONPATH=/home/bbhanda/scoutbot_ws/build/arm_controller/prefix_override:/usr/lib/python3/dist-packages/colcon_core/task/python/colcon_distutils_commands:/home/bbhanda/scoutbot_ws/install/arm_controller/lib/python3.10/site-packages:${PYTHONPATH} /usr/bin/python3 -W ignore:setup.py install is deprecated -W ignore:easy_install command is deprecated setup.py egg_info --egg-base ../../build/arm_controller build --build-base /home/bbhanda/scoutbot_ws/build/arm_controller/build install --record /home/bbhanda/scoutbot_ws/build/arm_controller/install.log --single-version-externally-managed install_data
[1.506s] DEBUG:colcon.colcon_core.event_handler.log_command:Invoking command in '/home/bbhanda/scoutbot_ws/src/scoutbot_description': PYTHONPATH=/home/bbhanda/scoutbot_ws/build/scoutbot_description/prefix_override:/usr/lib/python3/dist-packages/colcon_core/task/python/colcon_distutils_commands:/home/bbhanda/scoutbot_ws/install/scoutbot_description/lib/python3.10/site-packages:${PYTHONPATH} /usr/bin/python3 -W ignore:setup.py install is deprecated -W ignore:easy_install command is deprecated setup.py egg_info --egg-base ../../build/scoutbot_description build --build-base /home/bbhanda/scoutbot_ws/build/scoutbot_description/build install --record /home/bbhanda/scoutbot_ws/build/scoutbot_description/install.log --single-version-externally-managed install_data
[1.872s] Level 1:colcon.colcon_core.environment:checking '/home/bbhanda/scoutbot_ws/install/arm_controller' for CMake module files
[1.874s] Level 1:colcon.colcon_core.environment:checking '/home/bbhanda/scoutbot_ws/install/arm_controller' for CMake config files
[1.876s] DEBUG:colcon.colcon_core.event_handler.log_command:Invoked command in '/home/bbhanda/scoutbot_ws/src/arm_controller' returned '0': PYTHONPATH=/home/bbhanda/scoutbot_ws/build/arm_controller/prefix_override:/usr/lib/python3/dist-packages/colcon_core/task/python/colcon_distutils_commands:/home/bbhanda/scoutbot_ws/install/arm_controller/lib/python3.10/site-packages:${PYTHONPATH} /usr/bin/python3 -W ignore:setup.py install is deprecated -W ignore:easy_install command is deprecated setup.py egg_info --egg-base ../../build/arm_controller build --build-base /home/bbhanda/scoutbot_ws/build/arm_controller/build install --record /home/bbhanda/scoutbot_ws/build/arm_controller/install.log --single-version-externally-managed install_data
[1.876s] Level 1:colcon.colcon_core.environment:checking '/home/bbhanda/scoutbot_ws/install/arm_controller/lib'
[1.876s] Level 1:colcon.colcon_core.environment:checking '/home/bbhanda/scoutbot_ws/install/arm_controller/bin'
[1.876s] Level 1:colcon.colcon_core.environment:checking '/home/bbhanda/scoutbot_ws/install/arm_controller/lib/pkgconfig/arm_controller.pc'
[1.877s] Level 1:colcon.colcon_core.environment:checking '/home/bbhanda/scoutbot_ws/install/arm_controller/lib/python3.10/site-packages'
[1.877s] Level 1:colcon.colcon_core.shell:create_environment_hook('arm_controller', 'pythonpath')
[1.877s] INFO:colcon.colcon_core.shell:Creating environment hook '/home/bbhanda/scoutbot_ws/install/arm_controller/share/arm_controller/hook/pythonpath.ps1'
[1.878s] INFO:colcon.colcon_core.shell:Creating environment descriptor '/home/bbhanda/scoutbot_ws/install/arm_controller/share/arm_controller/hook/pythonpath.dsv'
[1.879s] INFO:colcon.colcon_core.shell:Creating environment hook '/home/bbhanda/scoutbot_ws/install/arm_controller/share/arm_controller/hook/pythonpath.sh'
[1.880s] Level 1:colcon.colcon_core.environment:checking '/home/bbhanda/scoutbot_ws/install/arm_controller/bin'
[1.880s] Level 1:colcon.colcon_core.environment:create_environment_scripts_only(arm_controller)
[1.880s] INFO:colcon.colcon_core.shell:Creating package script '/home/bbhanda/scoutbot_ws/install/arm_controller/share/arm_controller/package.ps1'
[1.881s] INFO:colcon.colcon_core.shell:Creating package descriptor '/home/bbhanda/scoutbot_ws/install/arm_controller/share/arm_controller/package.dsv'
[1.882s] INFO:colcon.colcon_core.shell:Creating package script '/home/bbhanda/scoutbot_ws/install/arm_controller/share/arm_controller/package.sh'
[1.883s] INFO:colcon.colcon_core.shell:Creating package script '/home/bbhanda/scoutbot_ws/install/arm_controller/share/arm_controller/package.bash'
[1.885s] INFO:colcon.colcon_core.shell:Creating package script '/home/bbhanda/scoutbot_ws/install/arm_controller/share/arm_controller/package.zsh'
[1.885s] Level 1:colcon.colcon_core.environment:create_file_with_runtime_dependencies(/home/bbhanda/scoutbot_ws/install/arm_controller/share/colcon-core/packages/arm_controller)
[1.901s] Level 1:colcon.colcon_core.environment:checking '/home/bbhanda/scoutbot_ws/install/scoutbot_description' for CMake module files
[1.902s] DEBUG:colcon.colcon_core.event_handler.log_command:Invoked command in '/home/bbhanda/scoutbot_ws/src/scoutbot_description' returned '0': PYTHONPATH=/home/bbhanda/scoutbot_ws/build/scoutbot_description/prefix_override:/usr/lib/python3/dist-packages/colcon_core/task/python/colcon_distutils_commands:/home/bbhanda/scoutbot_ws/install/scoutbot_description/lib/python3.10/site-packages:${PYTHONPATH} /usr/bin/python3 -W ignore:setup.py install is deprecated -W ignore:easy_install command is deprecated setup.py egg_info --egg-base ../../build/scoutbot_description build --build-base /home/bbhanda/scoutbot_ws/build/scoutbot_description/build install --record /home/bbhanda/scoutbot_ws/build/scoutbot_description/install.log --single-version-externally-managed install_data
[1.902s] Level 1:colcon.colcon_core.environment:checking '/home/bbhanda/scoutbot_ws/install/scoutbot_description' for CMake config files
[1.903s] Level 1:colcon.colcon_core.environment:checking '/home/bbhanda/scoutbot_ws/install/scoutbot_description/lib'
[1.904s] Level 1:colcon.colcon_core.environment:checking '/home/bbhanda/scoutbot_ws/install/scoutbot_description/bin'
[1.904s] Level 1:colcon.colcon_core.environment:checking '/home/bbhanda/scoutbot_ws/install/scoutbot_description/lib/pkgconfig/scoutbot_description.pc'
[1.904s] Level 1:colcon.colcon_core.environment:checking '/home/bbhanda/scoutbot_ws/install/scoutbot_description/lib/python3.10/site-packages'
[1.904s] Level 1:colcon.colcon_core.shell:create_environment_hook('scoutbot_description', 'pythonpath')
[1.904s] INFO:colcon.colcon_core.shell:Creating environment hook '/home/bbhanda/scoutbot_ws/install/scoutbot_description/share/scoutbot_description/hook/pythonpath.ps1'
[1.906s] INFO:colcon.colcon_core.shell:Creating environment descriptor '/home/bbhanda/scoutbot_ws/install/scoutbot_description/share/scoutbot_description/hook/pythonpath.dsv'
[1.906s] INFO:colcon.colcon_core.shell:Creating environment hook '/home/bbhanda/scoutbot_ws/install/scoutbot_description/share/scoutbot_description/hook/pythonpath.sh'
[1.907s] Level 1:colcon.colcon_core.environment:checking '/home/bbhanda/scoutbot_ws/install/scoutbot_description/bin'
[1.907s] Level 1:colcon.colcon_core.environment:create_environment_scripts_only(scoutbot_description)
[1.908s] INFO:colcon.colcon_core.shell:Creating package script '/home/bbhanda/scoutbot_ws/install/scoutbot_description/share/scoutbot_description/package.ps1'
[1.909s] INFO:colcon.colcon_core.shell:Creating package descriptor '/home/bbhanda/scoutbot_ws/install/scoutbot_description/share/scoutbot_description/package.dsv'
[1.910s] INFO:colcon.colcon_core.shell:Creating package script '/home/bbhanda/scoutbot_ws/install/scoutbot_description/share/scoutbot_description/package.sh'
[1.910s] INFO:colcon.colcon_core.shell:Creating package script '/home/bbhanda/scoutbot_ws/install/scoutbot_description/share/scoutbot_description/package.bash'
[1.912s] INFO:colcon.colcon_core.shell:Creating package script '/home/bbhanda/scoutbot_ws/install/scoutbot_description/share/scoutbot_description/package.zsh'
[1.912s] Level 1:colcon.colcon_core.environment:create_file_with_runtime_dependencies(/home/bbhanda/scoutbot_ws/install/scoutbot_description/share/colcon-core/packages/scoutbot_description)
[1.913s] DEBUG:colcon.colcon_parallel_executor.executor.parallel:closing loop
[1.913s] DEBUG:colcon.colcon_parallel_executor.executor.parallel:loop closed
[1.916s] DEBUG:colcon.colcon_parallel_executor.executor.parallel:run_until_complete finished with '0'
[1.916s] DEBUG:colcon.colcon_core.event_reactor:joining thread
[1.935s] INFO:colcon.colcon_core.plugin_system:Skipping extension 'colcon_notification.desktop_notification.terminal_notifier': Not used on non-Darwin systems
[1.935s] INFO:colcon.colcon_core.plugin_system:Skipping extension 'colcon_notification.desktop_notification.win32': Not used on non-Windows systems
[1.935s] INFO:colcon.colcon_notification.desktop_notification:Sending desktop notification using 'notify2'
[1.955s] DEBUG:colcon.colcon_core.event_reactor:joined thread
[1.955s] INFO:colcon.colcon_core.shell:Creating prefix script '/home/bbhanda/scoutbot_ws/install/local_setup.ps1'
[1.957s] INFO:colcon.colcon_core.shell:Creating prefix util module '/home/bbhanda/scoutbot_ws/install/_local_setup_util_ps1.py'
[1.972s] INFO:colcon.colcon_core.shell:Creating prefix chain script '/home/bbhanda/scoutbot_ws/install/setup.ps1'
[1.974s] INFO:colcon.colcon_core.shell:Creating prefix script '/home/bbhanda/scoutbot_ws/install/local_setup.sh'
[1.975s] INFO:colcon.colcon_core.shell:Creating prefix util module '/home/bbhanda/scoutbot_ws/install/_local_setup_util_sh.py'
[1.976s] INFO:colcon.colcon_core.shell:Creating prefix chain script '/home/bbhanda/scoutbot_ws/install/setup.sh'
[1.977s] INFO:colcon.colcon_core.shell:Creating prefix script '/home/bbhanda/scoutbot_ws/install/local_setup.bash'
[1.979s] INFO:colcon.colcon_core.shell:Creating prefix chain script '/home/bbhanda/scoutbot_ws/install/setup.bash'
[1.980s] INFO:colcon.colcon_core.shell:Creating prefix script '/home/bbhanda/scoutbot_ws/install/local_setup.zsh'
[1.986s] INFO:colcon.colcon_core.shell:Creating prefix chain script '/home/bbhanda/scoutbot_ws/install/setup.zsh'
