running egg_info
creating ../build/arm_controller/arm_controller.egg-info
writing ../build/arm_controller/arm_controller.egg-info/PKG-INFO
writing dependency_links to ../build/arm_controller/arm_controller.egg-info/dependency_links.txt
writing entry points to ../build/arm_controller/arm_controller.egg-info/entry_points.txt
writing requirements to ../build/arm_controller/arm_controller.egg-info/requires.txt
writing top-level names to ../build/arm_controller/arm_controller.egg-info/top_level.txt
writing manifest file '../build/arm_controller/arm_controller.egg-info/SOURCES.txt'
reading manifest file '../build/arm_controller/arm_controller.egg-info/SOURCES.txt'
writing manifest file '../build/arm_controller/arm_controller.egg-info/SOURCES.txt'
running build
running build_py
creating /home/bbhanda/scoutbot_ws/src/build/arm_controller/build
creating /home/bbhanda/scoutbot_ws/src/build/arm_controller/build/lib
creating /home/bbhanda/scoutbot_ws/src/build/arm_controller/build/lib/arm_controller
copying arm_controller/joint_subscriber.py -> /home/bbhanda/scoutbot_ws/src/build/arm_controller/build/lib/arm_controller
copying arm_controller/__init__.py -> /home/bbhanda/scoutbot_ws/src/build/arm_controller/build/lib/arm_controller
copying arm_controller/joint_publisher.py -> /home/bbhanda/scoutbot_ws/src/build/arm_controller/build/lib/arm_controller
running install
running install_lib
creating /home/bbhanda/scoutbot_ws/src/install/arm_controller/lib/python3.10/site-packages/arm_controller
copying /home/bbhanda/scoutbot_ws/src/build/arm_controller/build/lib/arm_controller/joint_subscriber.py -> /home/bbhanda/scoutbot_ws/src/install/arm_controller/lib/python3.10/site-packages/arm_controller
copying /home/bbhanda/scoutbot_ws/src/build/arm_controller/build/lib/arm_controller/__init__.py -> /home/bbhanda/scoutbot_ws/src/install/arm_controller/lib/python3.10/site-packages/arm_controller
copying /home/bbhanda/scoutbot_ws/src/build/arm_controller/build/lib/arm_controller/joint_publisher.py -> /home/bbhanda/scoutbot_ws/src/install/arm_controller/lib/python3.10/site-packages/arm_controller
byte-compiling /home/bbhanda/scoutbot_ws/src/install/arm_controller/lib/python3.10/site-packages/arm_controller/joint_subscriber.py to joint_subscriber.cpython-310.pyc
byte-compiling /home/bbhanda/scoutbot_ws/src/install/arm_controller/lib/python3.10/site-packages/arm_controller/__init__.py to __init__.cpython-310.pyc
byte-compiling /home/bbhanda/scoutbot_ws/src/install/arm_controller/lib/python3.10/site-packages/arm_controller/joint_publisher.py to joint_publisher.cpython-310.pyc
running install_data
creating /home/bbhanda/scoutbot_ws/src/install/arm_controller/share/ament_index
creating /home/bbhanda/scoutbot_ws/src/install/arm_controller/share/ament_index/resource_index
creating /home/bbhanda/scoutbot_ws/src/install/arm_controller/share/ament_index/resource_index/packages
copying resource/arm_controller -> /home/bbhanda/scoutbot_ws/src/install/arm_controller/share/ament_index/resource_index/packages
copying package.xml -> /home/bbhanda/scoutbot_ws/src/install/arm_controller/share/arm_controller
running install_egg_info
Copying ../build/arm_controller/arm_controller.egg-info to /home/bbhanda/scoutbot_ws/src/install/arm_controller/lib/python3.10/site-packages/arm_controller-0.0.0-py3.10.egg-info
running install_scripts
Installing joint_publisher script to /home/bbhanda/scoutbot_ws/src/install/arm_controller/lib/arm_controller
Installing joint_subscriber script to /home/bbhanda/scoutbot_ws/src/install/arm_controller/lib/arm_controller
writing list of installed files to '/home/bbhanda/scoutbot_ws/src/build/arm_controller/install.log'
