[2.472s] Invoking command in '/home/bbhanda/scoutbot_ws/src/arm_controller': PYTHONPATH=/home/bbhanda/scoutbot_ws/src/build/arm_controller/prefix_override:/usr/lib/python3/dist-packages/colcon_core/task/python/colcon_distutils_commands:/home/bbhanda/scoutbot_ws/src/install/arm_controller/lib/python3.10/site-packages:${PYTHONPATH} /usr/bin/python3 -W ignore:setup.py install is deprecated -W ignore:easy_install command is deprecated setup.py egg_info --egg-base ../build/arm_controller build --build-base /home/bbhanda/scoutbot_ws/src/build/arm_controller/build install --record /home/bbhanda/scoutbot_ws/src/build/arm_controller/install.log --single-version-externally-managed install_data
[3.014s] running egg_info
[3.014s] creating ../build/arm_controller/arm_controller.egg-info
[3.014s] writing ../build/arm_controller/arm_controller.egg-info/PKG-INFO
[3.019s] writing dependency_links to ../build/arm_controller/arm_controller.egg-info/dependency_links.txt
[3.019s] writing entry points to ../build/arm_controller/arm_controller.egg-info/entry_points.txt
[3.019s] writing requirements to ../build/arm_controller/arm_controller.egg-info/requires.txt
[3.019s] writing top-level names to ../build/arm_controller/arm_controller.egg-info/top_level.txt
[3.019s] writing manifest file '../build/arm_controller/arm_controller.egg-info/SOURCES.txt'
[3.019s] reading manifest file '../build/arm_controller/arm_controller.egg-info/SOURCES.txt'
[3.020s] writing manifest file '../build/arm_controller/arm_controller.egg-info/SOURCES.txt'
[3.029s] running build
[3.029s] running build_py
[3.030s] creating /home/bbhanda/scoutbot_ws/src/build/arm_controller/build
[3.030s] creating /home/bbhanda/scoutbot_ws/src/build/arm_controller/build/lib
[3.030s] creating /home/bbhanda/scoutbot_ws/src/build/arm_controller/build/lib/arm_controller
[3.030s] copying arm_controller/joint_subscriber.py -> /home/bbhanda/scoutbot_ws/src/build/arm_controller/build/lib/arm_controller
[3.030s] copying arm_controller/__init__.py -> /home/bbhanda/scoutbot_ws/src/build/arm_controller/build/lib/arm_controller
[3.030s] copying arm_controller/joint_publisher.py -> /home/bbhanda/scoutbot_ws/src/build/arm_controller/build/lib/arm_controller
[3.039s] running install
[3.039s] running install_lib
[3.039s] creating /home/bbhanda/scoutbot_ws/src/install/arm_controller/lib/python3.10/site-packages/arm_controller
[3.039s] copying /home/bbhanda/scoutbot_ws/src/build/arm_controller/build/lib/arm_controller/joint_subscriber.py -> /home/bbhanda/scoutbot_ws/src/install/arm_controller/lib/python3.10/site-packages/arm_controller
[3.039s] copying /home/bbhanda/scoutbot_ws/src/build/arm_controller/build/lib/arm_controller/__init__.py -> /home/bbhanda/scoutbot_ws/src/install/arm_controller/lib/python3.10/site-packages/arm_controller
[3.039s] copying /home/bbhanda/scoutbot_ws/src/build/arm_controller/build/lib/arm_controller/joint_publisher.py -> /home/bbhanda/scoutbot_ws/src/install/arm_controller/lib/python3.10/site-packages/arm_controller
[3.039s] byte-compiling /home/bbhanda/scoutbot_ws/src/install/arm_controller/lib/python3.10/site-packages/arm_controller/joint_subscriber.py to joint_subscriber.cpython-310.pyc
[3.043s] byte-compiling /home/bbhanda/scoutbot_ws/src/install/arm_controller/lib/python3.10/site-packages/arm_controller/__init__.py to __init__.cpython-310.pyc
[3.043s] byte-compiling /home/bbhanda/scoutbot_ws/src/install/arm_controller/lib/python3.10/site-packages/arm_controller/joint_publisher.py to joint_publisher.cpython-310.pyc
[3.043s] running install_data
[3.043s] creating /home/bbhanda/scoutbot_ws/src/install/arm_controller/share/ament_index
[3.047s] creating /home/bbhanda/scoutbot_ws/src/install/arm_controller/share/ament_index/resource_index
[3.049s] creating /home/bbhanda/scoutbot_ws/src/install/arm_controller/share/ament_index/resource_index/packages
[3.049s] copying resource/arm_controller -> /home/bbhanda/scoutbot_ws/src/install/arm_controller/share/ament_index/resource_index/packages
[3.049s] copying package.xml -> /home/bbhanda/scoutbot_ws/src/install/arm_controller/share/arm_controller
[3.049s] running install_egg_info
[3.065s] Copying ../build/arm_controller/arm_controller.egg-info to /home/bbhanda/scoutbot_ws/src/install/arm_controller/lib/python3.10/site-packages/arm_controller-0.0.0-py3.10.egg-info
[3.065s] running install_scripts
[3.109s] Installing joint_publisher script to /home/bbhanda/scoutbot_ws/src/install/arm_controller/lib/arm_controller
[3.113s] Installing joint_subscriber script to /home/bbhanda/scoutbot_ws/src/install/arm_controller/lib/arm_controller
[3.119s] writing list of installed files to '/home/bbhanda/scoutbot_ws/src/build/arm_controller/install.log'
[3.236s] Invoked command in '/home/bbhanda/scoutbot_ws/src/arm_controller' returned '0': PYTHONPATH=/home/bbhanda/scoutbot_ws/src/build/arm_controller/prefix_override:/usr/lib/python3/dist-packages/colcon_core/task/python/colcon_distutils_commands:/home/bbhanda/scoutbot_ws/src/install/arm_controller/lib/python3.10/site-packages:${PYTHONPATH} /usr/bin/python3 -W ignore:setup.py install is deprecated -W ignore:easy_install command is deprecated setup.py egg_info --egg-base ../build/arm_controller build --build-base /home/bbhanda/scoutbot_ws/src/build/arm_controller/build install --record /home/bbhanda/scoutbot_ws/src/build/arm_controller/install.log --single-version-externally-managed install_data
