[0.068s] Invoking command in '/home/bbhanda/scoutbot_ws/src/build/scoutbot_sim': CMAKE_PREFIX_PATH=/home/bbhanda/install/scoutbot_description:/opt/ros/humble /usr/bin/cmake /home/bbhanda/scoutbot_ws/src/scoutbot_sim -DCMAKE_INSTALL_PREFIX=/home/bbhanda/scoutbot_ws/src/install/scoutbot_sim
[2.101s] -- The C compiler identification is GNU 11.4.0
[2.998s] -- The CXX compiler identification is GNU 11.4.0
[3.144s] -- Detecting C compiler ABI info
[3.567s] -- Detecting C compiler ABI info - done
[3.573s] -- Check for working C compiler: /usr/bin/cc - skipped
[3.589s] -- Detecting C compile features
[3.606s] -- Detecting C compile features - done
[3.634s] -- Detecting CXX compiler ABI info
[3.921s] -- Detecting CXX compiler ABI info - done
[3.935s] -- Check for working CXX compiler: /usr/bin/c++ - skipped
[3.936s] -- Detecting CXX compile features
[3.937s] -- Detecting CXX compile features - done
[4.186s] -- Found ament_cmake: 1.3.11 (/opt/ros/humble/share/ament_cmake/cmake)
[4.531s] -- Found Python3: /usr/bin/python3 (found version "3.10.12") found components: Interpreter 
[4.959s] -- Found gazebo_ros: 3.9.0 (/opt/ros/humble/share/gazebo_ros/cmake)
[5.526s] -- Found rosidl_generator_c: 3.1.6 (/opt/ros/humble/share/rosidl_generator_c/cmake)
[5.610s] -- Found rosidl_adapter: 3.1.6 (/opt/ros/humble/share/rosidl_adapter/cmake)
[5.664s] -- Found rosidl_generator_cpp: 3.1.6 (/opt/ros/humble/share/rosidl_generator_cpp/cmake)
[6.002s] -- Using all available rosidl_typesupport_c: rosidl_typesupport_fastrtps_c;rosidl_typesupport_introspection_c
[6.149s] -- Using all available rosidl_typesupport_cpp: rosidl_typesupport_fastrtps_cpp;rosidl_typesupport_introspection_cpp
[6.444s] -- Found rmw_implementation_cmake: 6.1.2 (/opt/ros/humble/share/rmw_implementation_cmake/cmake)
[6.501s] -- Found rmw_fastrtps_cpp: 6.2.7 (/opt/ros/humble/share/rmw_fastrtps_cpp/cmake)
[7.191s] -- Found OpenSSL: /usr/lib/x86_64-linux-gnu/libcrypto.so (found version "3.0.2")  
[7.249s] -- Found FastRTPS: /opt/ros/humble/include  
[7.296s] -- Using RMW implementation 'rmw_fastrtps_cpp' as default
[7.400s] -- Looking for pthread.h
[7.675s] -- Looking for pthread.h - found
[7.675s] -- Performing Test CMAKE_HAVE_LIBC_PTHREAD
[7.851s] -- Performing Test CMAKE_HAVE_LIBC_PTHREAD - Success
[7.851s] -- Found Threads: TRUE  
[8.260s] -- Found PkgConfig: /usr/bin/pkg-config (found version "0.29.2") 
[8.260s] -- Checking for module 'bullet>=2.82'
[8.329s] --   Found bullet, version 3.05
[8.890s] -- Found fcl: /usr/include (found suitable version "0.7.0", minimum required is "0.5.0") 
[9.143s] -- Found assimp: /usr/include (found version "5.2.0") 
[9.327s] -- Found DART: /usr/include (Required is at least version "6.6") found components: dart 
[9.521s] -- Found Boost: /usr/lib/x86_64-linux-gnu/cmake/Boost-1.74.0/BoostConfig.cmake (found suitable version "1.74.0", minimum required is "1.40.0") found components: thread system filesystem program_options regex iostreams date_time 
[9.877s] -- Found Protobuf: /usr/lib/x86_64-linux-gnu/libprotobuf.so (found version "3.12.4") 
[9.932s] -- Looking for ignition-math6 -- found version 6.15.1
[10.037s] -- Searching for dependencies of ignition-math6
[10.055s] -- Looking for OGRE...
[10.055s] -- OGRE_PREFIX_WATCH changed.
[10.064s] -- Checking for module 'OGRE'
[10.149s] --   Found OGRE, version 1.9.0
[10.335s] -- Found Ogre Ghadamon (1.9.0)
[10.366s] -- Found OGRE: optimized;/usr/lib/x86_64-linux-gnu/libOgreMain.so;debug;/usr/lib/x86_64-linux-gnu/libOgreMain.so
[10.369s] -- Looking for OGRE_Paging...
[10.432s] -- Found OGRE_Paging: optimized;/usr/lib/x86_64-linux-gnu/libOgrePaging.so;debug;/usr/lib/x86_64-linux-gnu/libOgrePaging.so
[10.432s] -- Looking for OGRE_Terrain...
[10.449s] -- Found OGRE_Terrain: optimized;/usr/lib/x86_64-linux-gnu/libOgreTerrain.so;debug;/usr/lib/x86_64-linux-gnu/libOgreTerrain.so
[10.449s] -- Looking for OGRE_Property...
[10.454s] -- Found OGRE_Property: optimized;/usr/lib/x86_64-linux-gnu/libOgreProperty.so;debug;/usr/lib/x86_64-linux-gnu/libOgreProperty.so
[10.454s] -- Looking for OGRE_RTShaderSystem...
[10.459s] -- Found OGRE_RTShaderSystem: optimized;/usr/lib/x86_64-linux-gnu/libOgreRTShaderSystem.so;debug;/usr/lib/x86_64-linux-gnu/libOgreRTShaderSystem.so
[10.459s] -- Looking for OGRE_Volume...
[10.464s] -- Found OGRE_Volume: optimized;/usr/lib/x86_64-linux-gnu/libOgreVolume.so;debug;/usr/lib/x86_64-linux-gnu/libOgreVolume.so
[10.464s] -- Looking for OGRE_Overlay...
[10.474s] -- Found OGRE_Overlay: optimized;/usr/lib/x86_64-linux-gnu/libOgreOverlay.so;debug;/usr/lib/x86_64-linux-gnu/libOgreOverlay.so
[10.645s] -- Looking for ignition-math6 -- found version 6.15.1
[10.680s] -- Looking for ignition-transport8 -- found version 8.2.1
[10.680s] -- Searching for dependencies of ignition-transport8
[10.712s] -- Found Protobuf: /usr/lib/x86_64-linux-gnu/libprotobuf.so (found suitable version "3.12.4", minimum required is "3") 
[10.722s] -- Config-file not installed for ZeroMQ -- checking for pkg-config
[10.729s] -- Checking for module 'libzmq >= 4'
[10.817s] --   Found libzmq , version 4.3.4
[10.912s] -- Found ZeroMQ: TRUE (Required is at least version "4") 
[10.959s] -- Checking for module 'uuid'
[11.008s] --   Found uuid, version 2.37.2
[11.087s] -- Found UUID: TRUE  
[11.109s] -- Looking for ignition-msgs5 -- found version 5.8.1
[11.110s] -- Searching for dependencies of ignition-msgs5
[11.127s] -- Looking for ignition-math6 -- found version 6.15.1
[11.147s] -- Checking for module 'tinyxml2'
[11.232s] --   Found tinyxml2, version 9.0.0
[11.336s] -- Looking for ignition-msgs5 -- found version 5.8.1
[11.357s] -- Looking for ignition-common3 -- found version 3.14.0
[11.358s] -- Searching for dependencies of ignition-common3
[11.375s] -- Looking for dlfcn.h - found
[11.378s] -- Looking for libdl - found
[11.385s] -- Found DL: TRUE  
[11.408s] -- Found tinyobjloader: /usr/lib/x86_64-linux-gnu/cmake/tinyobjloader/tinyobjloader-config.cmake (found version "2.0.0") 
[11.410s] -- Searching for <ignition-common3> component [graphics]
[11.414s] -- Looking for ignition-common3-graphics -- found version 3.14.0
[11.415s] -- Searching for dependencies of ignition-common3-graphics
[11.415s] -- Looking for ignition-math6 -- found version 6.15.1
[11.424s] -- Looking for ignition-fuel_tools4 -- found version 4.4.0
[11.424s] -- Searching for dependencies of ignition-fuel_tools4
[11.696s] -- Found CURL: /usr/lib/x86_64-linux-gnu/libcurl.so (found version "7.81.0")  
[11.744s] -- Checking for module 'jsoncpp'
[11.798s] --   Found jsoncpp, version 1.9.5
[11.889s] -- Found JSONCPP: TRUE  
[11.901s] -- Checking for module 'libzip'
[11.925s] --   Found libzip, version 1.7.3
[12.031s] -- Found ZIP: TRUE  
[12.033s] -- Looking for ignition-common3 -- found version 3.14.0
[12.033s] -- Looking for ignition-math6 -- found version 6.15.1
[12.033s] -- Looking for ignition-msgs5 -- found version 5.8.1
[12.104s] -- Gazebo version: 11.10
[12.104s] -- Checking for module 'tbb'
[12.132s] --   Found tbb, version 2021.5.0
[12.258s] -- Found ament_lint_auto: 0.12.12 (/opt/ros/humble/share/ament_lint_auto/cmake)
[12.519s] -- Added test 'flake8' to check Python code syntax and style conventions
[12.521s] -- Added test 'lint_cmake' to check CMake code style
[12.523s] -- Added test 'pep257' to check Python code against some of the docstring style conventions in PEP 257
[12.526s] -- Added test 'xmllint' to check XML markup files
[12.530s] -- Configuring done
[12.546s] -- Generating done
[12.549s] -- Build files have been written to: /home/bbhanda/scoutbot_ws/src/build/scoutbot_sim
[12.560s] Invoked command in '/home/bbhanda/scoutbot_ws/src/build/scoutbot_sim' returned '0': CMAKE_PREFIX_PATH=/home/bbhanda/install/scoutbot_description:/opt/ros/humble /usr/bin/cmake /home/bbhanda/scoutbot_ws/src/scoutbot_sim -DCMAKE_INSTALL_PREFIX=/home/bbhanda/scoutbot_ws/src/install/scoutbot_sim
[12.564s] Invoking command in '/home/bbhanda/scoutbot_ws/src/build/scoutbot_sim': CMAKE_PREFIX_PATH=/home/bbhanda/install/scoutbot_description:/opt/ros/humble /usr/bin/cmake --build /home/bbhanda/scoutbot_ws/src/build/scoutbot_sim -- -j8 -l8
[12.636s] Invoked command in '/home/bbhanda/scoutbot_ws/src/build/scoutbot_sim' returned '0': CMAKE_PREFIX_PATH=/home/bbhanda/install/scoutbot_description:/opt/ros/humble /usr/bin/cmake --build /home/bbhanda/scoutbot_ws/src/build/scoutbot_sim -- -j8 -l8
[12.661s] Invoking command in '/home/bbhanda/scoutbot_ws/src/build/scoutbot_sim': CMAKE_PREFIX_PATH=/home/bbhanda/install/scoutbot_description:/opt/ros/humble /usr/bin/cmake --install /home/bbhanda/scoutbot_ws/src/build/scoutbot_sim
[12.678s] -- Install configuration: ""
[12.678s] -- Installing: /home/bbhanda/scoutbot_ws/src/install/scoutbot_sim/share/ament_index/resource_index/package_run_dependencies/scoutbot_sim
[12.678s] -- Installing: /home/bbhanda/scoutbot_ws/src/install/scoutbot_sim/share/ament_index/resource_index/parent_prefix_path/scoutbot_sim
[12.687s] -- Installing: /home/bbhanda/scoutbot_ws/src/install/scoutbot_sim/share/scoutbot_sim/environment/ament_prefix_path.sh
[12.687s] -- Installing: /home/bbhanda/scoutbot_ws/src/install/scoutbot_sim/share/scoutbot_sim/environment/ament_prefix_path.dsv
[12.687s] -- Installing: /home/bbhanda/scoutbot_ws/src/install/scoutbot_sim/share/scoutbot_sim/environment/path.sh
[12.687s] -- Installing: /home/bbhanda/scoutbot_ws/src/install/scoutbot_sim/share/scoutbot_sim/environment/path.dsv
[12.687s] -- Installing: /home/bbhanda/scoutbot_ws/src/install/scoutbot_sim/share/scoutbot_sim/local_setup.bash
[12.687s] -- Installing: /home/bbhanda/scoutbot_ws/src/install/scoutbot_sim/share/scoutbot_sim/local_setup.sh
[12.687s] -- Installing: /home/bbhanda/scoutbot_ws/src/install/scoutbot_sim/share/scoutbot_sim/local_setup.zsh
[12.687s] -- Installing: /home/bbhanda/scoutbot_ws/src/install/scoutbot_sim/share/scoutbot_sim/local_setup.dsv
[12.687s] -- Installing: /home/bbhanda/scoutbot_ws/src/install/scoutbot_sim/share/scoutbot_sim/package.dsv
[12.689s] -- Installing: /home/bbhanda/scoutbot_ws/src/install/scoutbot_sim/share/ament_index/resource_index/packages/scoutbot_sim
[12.689s] -- Installing: /home/bbhanda/scoutbot_ws/src/install/scoutbot_sim/share/scoutbot_sim/cmake/scoutbot_simConfig.cmake
[12.689s] -- Installing: /home/bbhanda/scoutbot_ws/src/install/scoutbot_sim/share/scoutbot_sim/cmake/scoutbot_simConfig-version.cmake
[12.689s] -- Installing: /home/bbhanda/scoutbot_ws/src/install/scoutbot_sim/share/scoutbot_sim/package.xml
[12.715s] Invoked command in '/home/bbhanda/scoutbot_ws/src/build/scoutbot_sim' returned '0': CMAKE_PREFIX_PATH=/home/bbhanda/install/scoutbot_description:/opt/ros/humble /usr/bin/cmake --install /home/bbhanda/scoutbot_ws/src/build/scoutbot_sim
