running egg_info
writing ../../build/scoutbot_description/scoutbot_description.egg-info/PKG-INFO
writing dependency_links to ../../build/scoutbot_description/scoutbot_description.egg-info/dependency_links.txt
writing entry points to ../../build/scoutbot_description/scoutbot_description.egg-info/entry_points.txt
writing requirements to ../../build/scoutbot_description/scoutbot_description.egg-info/requires.txt
writing top-level names to ../../build/scoutbot_description/scoutbot_description.egg-info/top_level.txt
reading manifest file '../../build/scoutbot_description/scoutbot_description.egg-info/SOURCES.txt'
writing manifest file '../../build/scoutbot_description/scoutbot_description.egg-info/SOURCES.txt'
running build
running build_py
running install
running install_lib
running install_data
copying config/controller.yaml -> /home/bbhanda/scoutbot_ws/install/scoutbot_description/share/scoutbot_description/config
running install_egg_info
removing '/home/bbhanda/scoutbot_ws/install/scoutbot_description/lib/python3.10/site-packages/scoutbot_description-0.0.0-py3.10.egg-info' (and everything under it)
Copying ../../build/scoutbot_description/scoutbot_description.egg-info to /home/bbhanda/scoutbot_ws/install/scoutbot_description/lib/python3.10/site-packages/scoutbot_description-0.0.0-py3.10.egg-info
running install_scripts
Installing joint_sim script to /home/bbhanda/scoutbot_ws/install/scoutbot_description/lib/scoutbot_description
writing list of installed files to '/home/bbhanda/scoutbot_ws/build/scoutbot_description/install.log'
