[3.126s] Invoking command in '/home/bbhanda/scoutbot_ws/src/arm_controller': PYTHONPATH=/home/bbhanda/scoutbot_ws/build/arm_controller/prefix_override:/usr/lib/python3/dist-packages/colcon_core/task/python/colcon_distutils_commands:/home/bbhanda/scoutbot_ws/install/arm_controller/lib/python3.10/site-packages:${PYTHONPATH} /usr/bin/python3 -W ignore:setup.py install is deprecated -W ignore:easy_install command is deprecated setup.py egg_info --egg-base ../../build/arm_controller build --build-base /home/bbhanda/scoutbot_ws/build/arm_controller/build install --record /home/bbhanda/scoutbot_ws/build/arm_controller/install.log --single-version-externally-managed install_data
[3.365s] running egg_info
[3.366s] writing ../../build/arm_controller/arm_controller.egg-info/PKG-INFO
[3.366s] writing dependency_links to ../../build/arm_controller/arm_controller.egg-info/dependency_links.txt
[3.366s] writing entry points to ../../build/arm_controller/arm_controller.egg-info/entry_points.txt
[3.366s] writing requirements to ../../build/arm_controller/arm_controller.egg-info/requires.txt
[3.366s] writing top-level names to ../../build/arm_controller/arm_controller.egg-info/top_level.txt
[3.384s] reading manifest file '../../build/arm_controller/arm_controller.egg-info/SOURCES.txt'
[3.406s] writing manifest file '../../build/arm_controller/arm_controller.egg-info/SOURCES.txt'
[3.407s] running build
[3.407s] running build_py
[3.408s] running install
[3.408s] running install_lib
[3.410s] running install_data
[3.410s] running install_egg_info
[3.422s] removing '/home/bbhanda/scoutbot_ws/install/arm_controller/lib/python3.10/site-packages/arm_controller-0.0.0-py3.10.egg-info' (and everything under it)
[3.423s] Copying ../../build/arm_controller/arm_controller.egg-info to /home/bbhanda/scoutbot_ws/install/arm_controller/lib/python3.10/site-packages/arm_controller-0.0.0-py3.10.egg-info
[3.440s] running install_scripts
[3.470s] Installing joint_publisher script to /home/bbhanda/scoutbot_ws/install/arm_controller/lib/arm_controller
[3.470s] Installing joint_subscriber script to /home/bbhanda/scoutbot_ws/install/arm_controller/lib/arm_controller
[3.470s] writing list of installed files to '/home/bbhanda/scoutbot_ws/build/arm_controller/install.log'
[3.511s] Invoked command in '/home/bbhanda/scoutbot_ws/src/arm_controller' returned '0': PYTHONPATH=/home/bbhanda/scoutbot_ws/build/arm_controller/prefix_override:/usr/lib/python3/dist-packages/colcon_core/task/python/colcon_distutils_commands:/home/bbhanda/scoutbot_ws/install/arm_controller/lib/python3.10/site-packages:${PYTHONPATH} /usr/bin/python3 -W ignore:setup.py install is deprecated -W ignore:easy_install command is deprecated setup.py egg_info --egg-base ../../build/arm_controller build --build-base /home/bbhanda/scoutbot_ws/build/arm_controller/build install --record /home/bbhanda/scoutbot_ws/build/arm_controller/install.log --single-version-externally-managed install_data
