[0.085s] Invoking command in '/home/bbhanda/scoutbot_ws/src/build/scoutbot_sim': CMAKE_PREFIX_PATH=/opt/ros/humble /usr/bin/cmake --build /home/bbhanda/scoutbot_ws/src/build/scoutbot_sim -- -j8 -l8
[1.025s] -- Found ament_cmake: 1.3.11 (/opt/ros/humble/share/ament_cmake/cmake)
[1.498s] -- Found gazebo_ros: 3.9.0 (/opt/ros/humble/share/gazebo_ros/cmake)
[1.669s] -- Found rosidl_generator_c: 3.1.6 (/opt/ros/humble/share/rosidl_generator_c/cmake)
[1.677s] -- Found rosidl_adapter: 3.1.6 (/opt/ros/humble/share/rosidl_adapter/cmake)
[1.698s] -- Found rosidl_generator_cpp: 3.1.6 (/opt/ros/humble/share/rosidl_generator_cpp/cmake)
[1.766s] -- Using all available rosidl_typesupport_c: rosidl_typesupport_fastrtps_c;rosidl_typesupport_introspection_c
[1.798s] -- Using all available rosidl_typesupport_cpp: rosidl_typesupport_fastrtps_cpp;rosidl_typesupport_introspection_cpp
[1.958s] -- Found rmw_implementation_cmake: 6.1.2 (/opt/ros/humble/share/rmw_implementation_cmake/cmake)
[1.966s] -- Found rmw_fastrtps_cpp: 6.2.7 (/opt/ros/humble/share/rmw_fastrtps_cpp/cmake)
[2.223s] -- Using RMW implementation 'rmw_fastrtps_cpp' as default
[2.764s] -- Found DART: /usr/include (Required is at least version "6.6") found components: dart 
[3.098s] -- Found Protobuf: /usr/lib/x86_64-linux-gnu/libprotobuf.so (found version "3.12.4") 
[3.175s] -- Looking for ignition-math6 -- found version 6.15.1
[3.243s] -- Searching for dependencies of ignition-math6
[3.265s] -- Looking for OGRE...
[3.299s] -- Found Ogre Ghadamon (1.9.0)
[3.306s] -- Found OGRE: optimized;/usr/lib/x86_64-linux-gnu/libOgreMain.so;debug;/usr/lib/x86_64-linux-gnu/libOgreMain.so
[3.310s] -- Looking for OGRE_Paging...
[3.310s] -- Found OGRE_Paging: optimized;/usr/lib/x86_64-linux-gnu/libOgrePaging.so;debug;/usr/lib/x86_64-linux-gnu/libOgrePaging.so
[3.310s] -- Looking for OGRE_Terrain...
[3.310s] -- Found OGRE_Terrain: optimized;/usr/lib/x86_64-linux-gnu/libOgreTerrain.so;debug;/usr/lib/x86_64-linux-gnu/libOgreTerrain.so
[3.310s] -- Looking for OGRE_Property...
[3.311s] -- Found OGRE_Property: optimized;/usr/lib/x86_64-linux-gnu/libOgreProperty.so;debug;/usr/lib/x86_64-linux-gnu/libOgreProperty.so
[3.311s] -- Looking for OGRE_RTShaderSystem...
[3.311s] -- Found OGRE_RTShaderSystem: optimized;/usr/lib/x86_64-linux-gnu/libOgreRTShaderSystem.so;debug;/usr/lib/x86_64-linux-gnu/libOgreRTShaderSystem.so
[3.311s] -- Looking for OGRE_Volume...
[3.311s] -- Found OGRE_Volume: optimized;/usr/lib/x86_64-linux-gnu/libOgreVolume.so;debug;/usr/lib/x86_64-linux-gnu/libOgreVolume.so
[3.311s] -- Looking for OGRE_Overlay...
[3.311s] -- Found OGRE_Overlay: optimized;/usr/lib/x86_64-linux-gnu/libOgreOverlay.so;debug;/usr/lib/x86_64-linux-gnu/libOgreOverlay.so
[3.435s] -- Looking for ignition-math6 -- found version 6.15.1
[3.438s] -- Looking for ignition-transport8 -- found version 8.2.1
[3.438s] -- Searching for dependencies of ignition-transport8
[3.476s] -- Found Protobuf: /usr/lib/x86_64-linux-gnu/libprotobuf.so (found suitable version "3.12.4", minimum required is "3") 
[3.500s] -- Config-file not installed for ZeroMQ -- checking for pkg-config
[3.506s] -- Checking for module 'libzmq >= 4'
[3.633s] --   Found libzmq , version 4.3.4
[3.712s] -- Checking for module 'uuid'
[3.755s] --   Found uuid, version 2.37.2
[3.830s] -- Looking for ignition-msgs5 -- found version 5.8.1
[3.831s] -- Searching for dependencies of ignition-msgs5
[3.852s] -- Looking for ignition-math6 -- found version 6.15.1
[3.860s] -- Checking for module 'tinyxml2'
[3.897s] --   Found tinyxml2, version 9.0.0
[3.973s] -- Looking for ignition-msgs5 -- found version 5.8.1
[3.987s] -- Looking for ignition-common3 -- found version 3.14.0
[3.991s] -- Searching for dependencies of ignition-common3
[3.992s] -- Looking for dlfcn.h - found
[3.992s] -- Looking for libdl - found
[4.013s] -- Searching for <ignition-common3> component [graphics]
[4.015s] -- Looking for ignition-common3-graphics -- found version 3.14.0
[4.015s] -- Searching for dependencies of ignition-common3-graphics
[4.015s] -- Looking for ignition-math6 -- found version 6.15.1
[4.021s] -- Looking for ignition-fuel_tools4 -- found version 4.4.0
[4.022s] -- Searching for dependencies of ignition-fuel_tools4
[4.134s] -- Checking for module 'jsoncpp'
[4.164s] --   Found jsoncpp, version 1.9.5
[4.249s] -- Checking for module 'libzip'
[4.278s] --   Found libzip, version 1.7.3
[4.346s] -- Looking for ignition-common3 -- found version 3.14.0
[4.346s] -- Looking for ignition-math6 -- found version 6.15.1
[4.347s] -- Looking for ignition-msgs5 -- found version 5.8.1
[4.380s] -- Gazebo version: 11.10
[4.511s] -- Configuring done
[4.571s] -- Generating done
[4.583s] -- Build files have been written to: /home/bbhanda/scoutbot_ws/src/build/scoutbot_sim
[4.648s] Invoked command in '/home/bbhanda/scoutbot_ws/src/build/scoutbot_sim' returned '0': CMAKE_PREFIX_PATH=/opt/ros/humble /usr/bin/cmake --build /home/bbhanda/scoutbot_ws/src/build/scoutbot_sim -- -j8 -l8
[4.675s] Invoking command in '/home/bbhanda/scoutbot_ws/src/build/scoutbot_sim': CMAKE_PREFIX_PATH=/opt/ros/humble /usr/bin/cmake --install /home/bbhanda/scoutbot_ws/src/build/scoutbot_sim
[4.683s] -- Install configuration: ""
[4.684s] -- Installing: /home/bbhanda/scoutbot_ws/src/install/scoutbot_sim/share/scoutbot_sim/launch
[4.685s] -- Installing: /home/bbhanda/scoutbot_ws/src/install/scoutbot_sim/share/scoutbot_sim/launch/gazebo.launch.py
[4.685s] -- Installing: /home/bbhanda/scoutbot_ws/src/install/scoutbot_sim/share/scoutbot_sim/worlds
[4.685s] -- Installing: /home/bbhanda/scoutbot_ws/src/install/scoutbot_sim/share/scoutbot_sim/worlds/basic_world.world
[4.705s] -- Installing: /home/bbhanda/scoutbot_ws/src/install/scoutbot_sim/share/scoutbot_sim/worlds/empty_worlds.world
[4.706s] -- Up-to-date: /home/bbhanda/scoutbot_ws/src/install/scoutbot_sim/share/ament_index/resource_index/package_run_dependencies/scoutbot_sim
[4.706s] -- Installing: /home/bbhanda/scoutbot_ws/src/install/scoutbot_sim/share/ament_index/resource_index/parent_prefix_path/scoutbot_sim
[4.707s] -- Up-to-date: /home/bbhanda/scoutbot_ws/src/install/scoutbot_sim/share/scoutbot_sim/environment/ament_prefix_path.sh
[4.707s] -- Installing: /home/bbhanda/scoutbot_ws/src/install/scoutbot_sim/share/scoutbot_sim/environment/ament_prefix_path.dsv
[4.707s] -- Up-to-date: /home/bbhanda/scoutbot_ws/src/install/scoutbot_sim/share/scoutbot_sim/environment/path.sh
[4.707s] -- Installing: /home/bbhanda/scoutbot_ws/src/install/scoutbot_sim/share/scoutbot_sim/environment/path.dsv
[4.709s] -- Up-to-date: /home/bbhanda/scoutbot_ws/src/install/scoutbot_sim/share/scoutbot_sim/local_setup.bash
[4.709s] -- Up-to-date: /home/bbhanda/scoutbot_ws/src/install/scoutbot_sim/share/scoutbot_sim/local_setup.sh
[4.709s] -- Up-to-date: /home/bbhanda/scoutbot_ws/src/install/scoutbot_sim/share/scoutbot_sim/local_setup.zsh
[4.709s] -- Installing: /home/bbhanda/scoutbot_ws/src/install/scoutbot_sim/share/scoutbot_sim/local_setup.dsv
[4.709s] -- Installing: /home/bbhanda/scoutbot_ws/src/install/scoutbot_sim/share/scoutbot_sim/package.dsv
[4.709s] -- Up-to-date: /home/bbhanda/scoutbot_ws/src/install/scoutbot_sim/share/ament_index/resource_index/packages/scoutbot_sim
[4.709s] -- Up-to-date: /home/bbhanda/scoutbot_ws/src/install/scoutbot_sim/share/scoutbot_sim/cmake/scoutbot_simConfig.cmake
[4.709s] -- Up-to-date: /home/bbhanda/scoutbot_ws/src/install/scoutbot_sim/share/scoutbot_sim/cmake/scoutbot_simConfig-version.cmake
[4.709s] -- Up-to-date: /home/bbhanda/scoutbot_ws/src/install/scoutbot_sim/share/scoutbot_sim/package.xml
[4.711s] Invoked command in '/home/bbhanda/scoutbot_ws/src/build/scoutbot_sim' returned '0': CMAKE_PREFIX_PATH=/opt/ros/humble /usr/bin/cmake --install /home/bbhanda/scoutbot_ws/src/build/scoutbot_sim
