[0.725s] Invoking command in '/home/bbhanda/scoutbot_ws/src/scoutbot_description': PYTHONPATH=/home/bbhanda/scoutbot_ws/src/build/scoutbot_description/prefix_override:/usr/lib/python3/dist-packages/colcon_core/task/python/colcon_distutils_commands:/home/bbhanda/scoutbot_ws/src/install/scoutbot_description/lib/python3.10/site-packages:${PYTHONPATH} /usr/bin/python3 -W ignore:setup.py install is deprecated -W ignore:easy_install command is deprecated setup.py egg_info --egg-base ../build/scoutbot_description build --build-base /home/bbhanda/scoutbot_ws/src/build/scoutbot_description/build install --record /home/bbhanda/scoutbot_ws/src/build/scoutbot_description/install.log --single-version-externally-managed install_data
[0.988s] running egg_info
[0.988s] writing ../build/scoutbot_description/scoutbot_description.egg-info/PKG-INFO
[0.988s] writing dependency_links to ../build/scoutbot_description/scoutbot_description.egg-info/dependency_links.txt
[0.988s] writing entry points to ../build/scoutbot_description/scoutbot_description.egg-info/entry_points.txt
[0.988s] writing requirements to ../build/scoutbot_description/scoutbot_description.egg-info/requires.txt
[0.988s] writing top-level names to ../build/scoutbot_description/scoutbot_description.egg-info/top_level.txt
[0.990s] reading manifest file '../build/scoutbot_description/scoutbot_description.egg-info/SOURCES.txt'
[0.991s] writing manifest file '../build/scoutbot_description/scoutbot_description.egg-info/SOURCES.txt'
[0.991s] running build
[0.991s] running build_py
[0.992s] running install
[0.992s] running install_lib
[0.993s] running install_data
[0.993s] copying launch/display.launch.py -> /home/bbhanda/scoutbot_ws/src/install/scoutbot_description/share/scoutbot_description/launch
[0.993s] running install_egg_info
[0.998s] removing '/home/bbhanda/scoutbot_ws/src/install/scoutbot_description/lib/python3.10/site-packages/scoutbot_description-0.0.0-py3.10.egg-info' (and everything under it)
[0.999s] Copying ../build/scoutbot_description/scoutbot_description.egg-info to /home/bbhanda/scoutbot_ws/src/install/scoutbot_description/lib/python3.10/site-packages/scoutbot_description-0.0.0-py3.10.egg-info
[0.999s] running install_scripts
[1.017s] Installing joint_sim script to /home/bbhanda/scoutbot_ws/src/install/scoutbot_description/lib/scoutbot_description
[1.017s] writing list of installed files to '/home/bbhanda/scoutbot_ws/src/build/scoutbot_description/install.log'
[1.070s] Invoked command in '/home/bbhanda/scoutbot_ws/src/scoutbot_description' returned '0': PYTHONPATH=/home/bbhanda/scoutbot_ws/src/build/scoutbot_description/prefix_override:/usr/lib/python3/dist-packages/colcon_core/task/python/colcon_distutils_commands:/home/bbhanda/scoutbot_ws/src/install/scoutbot_description/lib/python3.10/site-packages:${PYTHONPATH} /usr/bin/python3 -W ignore:setup.py install is deprecated -W ignore:easy_install command is deprecated setup.py egg_info --egg-base ../build/scoutbot_description build --build-base /home/bbhanda/scoutbot_ws/src/build/scoutbot_description/build install --record /home/bbhanda/scoutbot_ws/src/build/scoutbot_description/install.log --single-version-externally-managed install_data
