[0.726s] Invoking command in '/home/bbhanda/scoutbot_ws/build/scoutbot_sim': CMAKE_PREFIX_PATH=${CMAKE_PREFIX_PATH}:/home/bbhanda/scoutbot_ws/install/scoutbot_description:/home/bbhanda/scoutbot_ws/install/arm_controller:/home/bbhanda/install/scoutbot_description:/home/bbhanda/install/arm_controller:/opt/ros/humble /usr/bin/cmake --build /home/bbhanda/scoutbot_ws/build/scoutbot_sim -- -j8 -l8
[0.981s] Invoked command in '/home/bbhanda/scoutbot_ws/build/scoutbot_sim' returned '0': CMAKE_PREFIX_PATH=${CMAKE_PREFIX_PATH}:/home/bbhanda/scoutbot_ws/install/scoutbot_description:/home/bbhanda/scoutbot_ws/install/arm_controller:/home/bbhanda/install/scoutbot_description:/home/bbhanda/install/arm_controller:/opt/ros/humble /usr/bin/cmake --build /home/bbhanda/scoutbot_ws/build/scoutbot_sim -- -j8 -l8
[1.037s] Invoking command in '/home/bbhanda/scoutbot_ws/build/scoutbot_sim': CMAKE_PREFIX_PATH=${CMAKE_PREFIX_PATH}:/home/bbhanda/scoutbot_ws/install/scoutbot_description:/home/bbhanda/scoutbot_ws/install/arm_controller:/home/bbhanda/install/scoutbot_description:/home/bbhanda/install/arm_controller:/opt/ros/humble /usr/bin/cmake --install /home/bbhanda/scoutbot_ws/build/scoutbot_sim
[1.049s] -- Install configuration: ""
[1.050s] -- Execute custom install script
[1.051s] -- Up-to-date symlink: /home/bbhanda/scoutbot_ws/install/scoutbot_sim/share/scoutbot_sim/launch/gazebo.launch.py
[1.051s] -- Up-to-date symlink: /home/bbhanda/scoutbot_ws/install/scoutbot_sim/share/scoutbot_sim/launch/spawn_arm.launch.py
[1.052s] -- Up-to-date symlink: /home/bbhanda/scoutbot_ws/install/scoutbot_sim/share/scoutbot_sim/worlds/basic_world.world
[1.055s] -- Up-to-date symlink: /home/bbhanda/scoutbot_ws/install/scoutbot_sim/share/scoutbot_sim/worlds/empty_worlds.world
[1.055s] -- Up-to-date symlink: /home/bbhanda/scoutbot_ws/install/scoutbot_sim/share/ament_index/resource_index/package_run_dependencies/scoutbot_sim
[1.055s] -- Up-to-date symlink: /home/bbhanda/scoutbot_ws/install/scoutbot_sim/share/ament_index/resource_index/parent_prefix_path/scoutbot_sim
[1.055s] -- Up-to-date symlink: /home/bbhanda/scoutbot_ws/install/scoutbot_sim/share/scoutbot_sim/environment/ament_prefix_path.sh
[1.055s] -- Up-to-date symlink: /home/bbhanda/scoutbot_ws/install/scoutbot_sim/share/scoutbot_sim/environment/ament_prefix_path.dsv
[1.056s] -- Up-to-date symlink: /home/bbhanda/scoutbot_ws/install/scoutbot_sim/share/scoutbot_sim/environment/path.sh
[1.056s] -- Up-to-date symlink: /home/bbhanda/scoutbot_ws/install/scoutbot_sim/share/scoutbot_sim/environment/path.dsv
[1.056s] -- Up-to-date symlink: /home/bbhanda/scoutbot_ws/install/scoutbot_sim/share/scoutbot_sim/local_setup.bash
[1.056s] -- Up-to-date symlink: /home/bbhanda/scoutbot_ws/install/scoutbot_sim/share/scoutbot_sim/local_setup.sh
[1.056s] -- Up-to-date symlink: /home/bbhanda/scoutbot_ws/install/scoutbot_sim/share/scoutbot_sim/local_setup.zsh
[1.056s] -- Up-to-date symlink: /home/bbhanda/scoutbot_ws/install/scoutbot_sim/share/scoutbot_sim/local_setup.dsv
[1.056s] -- Symlinking: /home/bbhanda/scoutbot_ws/install/scoutbot_sim/share/scoutbot_sim/package.dsv
[1.093s] -- Up-to-date symlink: /home/bbhanda/scoutbot_ws/install/scoutbot_sim/share/ament_index/resource_index/packages/scoutbot_sim
[1.093s] -- Up-to-date symlink: /home/bbhanda/scoutbot_ws/install/scoutbot_sim/share/scoutbot_sim/cmake/scoutbot_simConfig.cmake
[1.093s] -- Up-to-date symlink: /home/bbhanda/scoutbot_ws/install/scoutbot_sim/share/scoutbot_sim/cmake/scoutbot_simConfig-version.cmake
[1.094s] -- Up-to-date symlink: /home/bbhanda/scoutbot_ws/install/scoutbot_sim/share/scoutbot_sim/package.xml
[1.097s] Invoked command in '/home/bbhanda/scoutbot_ws/build/scoutbot_sim' returned '0': CMAKE_PREFIX_PATH=${CMAKE_PREFIX_PATH}:/home/bbhanda/scoutbot_ws/install/scoutbot_description:/home/bbhanda/scoutbot_ws/install/arm_controller:/home/bbhanda/install/scoutbot_description:/home/bbhanda/install/arm_controller:/opt/ros/humble /usr/bin/cmake --install /home/bbhanda/scoutbot_ws/build/scoutbot_sim
