[1.441s] Invoking command in '/home/bbhanda/scoutbot_ws/src/build/scoutbot_sim': CMAKE_PREFIX_PATH=${CMAKE_PREFIX_PATH}:/home/bbhanda/scoutbot_ws/install/scoutbot_description:/home/bbhanda/scoutbot_ws/install/arm_controller:/opt/ros/humble /usr/bin/cmake --build /home/bbhanda/scoutbot_ws/src/build/scoutbot_sim -- -j8 -l8
[1.629s] Invoked command in '/home/bbhanda/scoutbot_ws/src/build/scoutbot_sim' returned '0': CMAKE_PREFIX_PATH=${CMAKE_PREFIX_PATH}:/home/bbhanda/scoutbot_ws/install/scoutbot_description:/home/bbhanda/scoutbot_ws/install/arm_controller:/opt/ros/humble /usr/bin/cmake --build /home/bbhanda/scoutbot_ws/src/build/scoutbot_sim -- -j8 -l8
[1.681s] Invoking command in '/home/bbhanda/scoutbot_ws/src/build/scoutbot_sim': CMAKE_PREFIX_PATH=${CMAKE_PREFIX_PATH}:/home/bbhanda/scoutbot_ws/install/scoutbot_description:/home/bbhanda/scoutbot_ws/install/arm_controller:/opt/ros/humble /usr/bin/cmake --install /home/bbhanda/scoutbot_ws/src/build/scoutbot_sim
[1.694s] -- Install configuration: ""
[1.694s] -- Up-to-date: /home/bbhanda/scoutbot_ws/src/install/scoutbot_sim/share/scoutbot_sim/launch
[1.694s] -- Up-to-date: /home/bbhanda/scoutbot_ws/src/install/scoutbot_sim/share/scoutbot_sim/launch/spawn_arm.launch.py
[1.694s] -- Installing: /home/bbhanda/scoutbot_ws/src/install/scoutbot_sim/share/scoutbot_sim/launch/gazebo.launch.py
[1.694s] -- Up-to-date: /home/bbhanda/scoutbot_ws/src/install/scoutbot_sim/share/scoutbot_sim/worlds
[1.694s] -- Up-to-date: /home/bbhanda/scoutbot_ws/src/install/scoutbot_sim/share/scoutbot_sim/worlds/basic_world.world
[1.694s] -- Up-to-date: /home/bbhanda/scoutbot_ws/src/install/scoutbot_sim/share/scoutbot_sim/worlds/empty_worlds.world
[1.694s] -- Up-to-date: /home/bbhanda/scoutbot_ws/src/install/scoutbot_sim/share/ament_index/resource_index/package_run_dependencies/scoutbot_sim
[1.694s] -- Up-to-date: /home/bbhanda/scoutbot_ws/src/install/scoutbot_sim/share/ament_index/resource_index/parent_prefix_path/scoutbot_sim
[1.721s] -- Up-to-date: /home/bbhanda/scoutbot_ws/src/install/scoutbot_sim/share/scoutbot_sim/environment/ament_prefix_path.sh
[1.722s] -- Up-to-date: /home/bbhanda/scoutbot_ws/src/install/scoutbot_sim/share/scoutbot_sim/environment/ament_prefix_path.dsv
[1.722s] -- Up-to-date: /home/bbhanda/scoutbot_ws/src/install/scoutbot_sim/share/scoutbot_sim/environment/path.sh
[1.722s] -- Up-to-date: /home/bbhanda/scoutbot_ws/src/install/scoutbot_sim/share/scoutbot_sim/environment/path.dsv
[1.722s] -- Up-to-date: /home/bbhanda/scoutbot_ws/src/install/scoutbot_sim/share/scoutbot_sim/local_setup.bash
[1.722s] -- Up-to-date: /home/bbhanda/scoutbot_ws/src/install/scoutbot_sim/share/scoutbot_sim/local_setup.sh
[1.722s] -- Up-to-date: /home/bbhanda/scoutbot_ws/src/install/scoutbot_sim/share/scoutbot_sim/local_setup.zsh
[1.722s] -- Up-to-date: /home/bbhanda/scoutbot_ws/src/install/scoutbot_sim/share/scoutbot_sim/local_setup.dsv
[1.722s] -- Installing: /home/bbhanda/scoutbot_ws/src/install/scoutbot_sim/share/scoutbot_sim/package.dsv
[1.722s] -- Up-to-date: /home/bbhanda/scoutbot_ws/src/install/scoutbot_sim/share/ament_index/resource_index/packages/scoutbot_sim
[1.722s] -- Up-to-date: /home/bbhanda/scoutbot_ws/src/install/scoutbot_sim/share/scoutbot_sim/cmake/scoutbot_simConfig.cmake
[1.722s] -- Up-to-date: /home/bbhanda/scoutbot_ws/src/install/scoutbot_sim/share/scoutbot_sim/cmake/scoutbot_simConfig-version.cmake
[1.722s] -- Up-to-date: /home/bbhanda/scoutbot_ws/src/install/scoutbot_sim/share/scoutbot_sim/package.xml
[1.727s] Invoked command in '/home/bbhanda/scoutbot_ws/src/build/scoutbot_sim' returned '0': CMAKE_PREFIX_PATH=${CMAKE_PREFIX_PATH}:/home/bbhanda/scoutbot_ws/install/scoutbot_description:/home/bbhanda/scoutbot_ws/install/arm_controller:/opt/ros/humble /usr/bin/cmake --install /home/bbhanda/scoutbot_ws/src/build/scoutbot_sim
