[0.615s] Invoking command in '/home/bbhanda/scoutbot_ws/build/scoutbot_description': PYTHONPATH=/home/bbhanda/scoutbot_ws/build/scoutbot_description/prefix_override:/usr/lib/python3/dist-packages/colcon_core/task/python/colcon_distutils_commands:/home/bbhanda/scoutbot_ws/install/scoutbot_description/lib/python3.10/site-packages:${PYTHONPATH} /usr/bin/python3 -W ignore:setup.py install is deprecated -W ignore:easy_install command is deprecated setup.py develop --uninstall --editable --build-directory /home/bbhanda/scoutbot_ws/build/scoutbot_description/build
[0.860s] running develop
[1.008s] Removing /home/bbhanda/scoutbot_ws/install/scoutbot_description/lib/python3.10/site-packages/scoutbot-description.egg-link (link to .)
[1.032s] Invoked command in '/home/bbhanda/scoutbot_ws/build/scoutbot_description' returned '0': PYTHONPATH=/home/bbhanda/scoutbot_ws/build/scoutbot_description/prefix_override:/usr/lib/python3/dist-packages/colcon_core/task/python/colcon_distutils_commands:/home/bbhanda/scoutbot_ws/install/scoutbot_description/lib/python3.10/site-packages:${PYTHONPATH} /usr/bin/python3 -W ignore:setup.py install is deprecated -W ignore:easy_install command is deprecated setup.py develop --uninstall --editable --build-directory /home/bbhanda/scoutbot_ws/build/scoutbot_description/build
[1.043s] Invoking command in '/home/bbhanda/scoutbot_ws/src/scoutbot_description': PYTHONPATH=/home/bbhanda/scoutbot_ws/build/scoutbot_description/prefix_override:/usr/lib/python3/dist-packages/colcon_core/task/python/colcon_distutils_commands:/home/bbhanda/scoutbot_ws/install/scoutbot_description/lib/python3.10/site-packages:${PYTHONPATH} /usr/bin/python3 -W ignore:setup.py install is deprecated -W ignore:easy_install command is deprecated setup.py egg_info --egg-base ../../build/scoutbot_description build --build-base /home/bbhanda/scoutbot_ws/build/scoutbot_description/build install --record /home/bbhanda/scoutbot_ws/build/scoutbot_description/install.log --single-version-externally-managed install_data --force
[1.269s] running egg_info
[1.269s] writing ../../build/scoutbot_description/scoutbot_description.egg-info/PKG-INFO
[1.269s] writing dependency_links to ../../build/scoutbot_description/scoutbot_description.egg-info/dependency_links.txt
[1.270s] writing entry points to ../../build/scoutbot_description/scoutbot_description.egg-info/entry_points.txt
[1.270s] writing requirements to ../../build/scoutbot_description/scoutbot_description.egg-info/requires.txt
[1.270s] writing top-level names to ../../build/scoutbot_description/scoutbot_description.egg-info/top_level.txt
[1.273s] reading manifest file '../../build/scoutbot_description/scoutbot_description.egg-info/SOURCES.txt'
[1.273s] writing manifest file '../../build/scoutbot_description/scoutbot_description.egg-info/SOURCES.txt'
[1.273s] running build
[1.273s] running build_py
[1.275s] running install
[1.275s] running install_lib
[1.275s] creating /home/bbhanda/scoutbot_ws/install/scoutbot_description/lib/python3.10/site-packages/scoutbot_description
[1.275s] copying /home/bbhanda/scoutbot_ws/build/scoutbot_description/build/lib/scoutbot_description/__init__.py -> /home/bbhanda/scoutbot_ws/install/scoutbot_description/lib/python3.10/site-packages/scoutbot_description
[1.275s] copying /home/bbhanda/scoutbot_ws/build/scoutbot_description/build/lib/scoutbot_description/joint_sim.py -> /home/bbhanda/scoutbot_ws/install/scoutbot_description/lib/python3.10/site-packages/scoutbot_description
[1.302s] byte-compiling /home/bbhanda/scoutbot_ws/install/scoutbot_description/lib/python3.10/site-packages/scoutbot_description/__init__.py to __init__.cpython-310.pyc
[1.302s] byte-compiling /home/bbhanda/scoutbot_ws/install/scoutbot_description/lib/python3.10/site-packages/scoutbot_description/joint_sim.py to joint_sim.cpython-310.pyc
[1.302s] running install_data
[1.302s] copying resource/scoutbot_description -> /home/bbhanda/scoutbot_ws/install/scoutbot_description/share/ament_index/resource_index/packages
[1.302s] copying package.xml -> /home/bbhanda/scoutbot_ws/install/scoutbot_description/share/scoutbot_description
[1.302s] copying launch/display.launch.py -> /home/bbhanda/scoutbot_ws/install/scoutbot_description/share/scoutbot_description/launch
[1.315s] copying urdf/arm.urdf.xacro -> /home/bbhanda/scoutbot_ws/install/scoutbot_description/share/scoutbot_description/urdf
[1.315s] copying meshes/Joint_1.stl -> /home/bbhanda/scoutbot_ws/install/scoutbot_description/share/scoutbot_description/meshes
[1.316s] copying meshes/Base_Cover.stl -> /home/bbhanda/scoutbot_ws/install/scoutbot_description/share/scoutbot_description/meshes
[1.316s] copying meshes/Base.stl -> /home/bbhanda/scoutbot_ws/install/scoutbot_description/share/scoutbot_description/meshes
[1.316s] copying meshes/Link_4-Joint_5.stl -> /home/bbhanda/scoutbot_ws/install/scoutbot_description/share/scoutbot_description/meshes
[1.337s] copying meshes/Link_2-Joint_3.stl -> /home/bbhanda/scoutbot_ws/install/scoutbot_description/share/scoutbot_description/meshes
[1.337s] copying meshes/Link_1-Joint_2.stl -> /home/bbhanda/scoutbot_ws/install/scoutbot_description/share/scoutbot_description/meshes
[1.339s] copying meshes/Link_3-Joint_4.stl -> /home/bbhanda/scoutbot_ws/install/scoutbot_description/share/scoutbot_description/meshes
[1.352s] copying meshes/Link_5-Joint_6.stl -> /home/bbhanda/scoutbot_ws/install/scoutbot_description/share/scoutbot_description/meshes
[1.368s] copying config/controller.yaml -> /home/bbhanda/scoutbot_ws/install/scoutbot_description/share/scoutbot_description/config
[1.377s] running install_egg_info
[1.382s] Copying ../../build/scoutbot_description/scoutbot_description.egg-info to /home/bbhanda/scoutbot_ws/install/scoutbot_description/lib/python3.10/site-packages/scoutbot_description-0.0.0-py3.10.egg-info
[1.390s] running install_scripts
[1.407s] Installing joint_sim script to /home/bbhanda/scoutbot_ws/install/scoutbot_description/lib/scoutbot_description
[1.408s] writing list of installed files to '/home/bbhanda/scoutbot_ws/build/scoutbot_description/install.log'
[1.432s] Invoked command in '/home/bbhanda/scoutbot_ws/src/scoutbot_description' returned '0': PYTHONPATH=/home/bbhanda/scoutbot_ws/build/scoutbot_description/prefix_override:/usr/lib/python3/dist-packages/colcon_core/task/python/colcon_distutils_commands:/home/bbhanda/scoutbot_ws/install/scoutbot_description/lib/python3.10/site-packages:${PYTHONPATH} /usr/bin/python3 -W ignore:setup.py install is deprecated -W ignore:easy_install command is deprecated setup.py egg_info --egg-base ../../build/scoutbot_description build --build-base /home/bbhanda/scoutbot_ws/build/scoutbot_description/build install --record /home/bbhanda/scoutbot_ws/build/scoutbot_description/install.log --single-version-externally-managed install_data --force
