[0.102s] DEBUG:colcon:Command line arguments: ['/usr/bin/colcon', 'build', '--packages-select', 'scoutbot_description']
[0.103s] DEBUG:colcon:Parsed command line arguments: Namespace(log_base=None, log_level=None, verb_name='build', build_base='build', install_base='install', merge_install=False, symlink_install=False, test_result_base=None, continue_on_error=False, executor='parallel', parallel_workers=8, event_handlers=None, ignore_user_meta=False, metas=['./colcon.meta'], base_paths=['.'], packages_ignore=None, packages_ignore_regex=None, paths=None, packages_up_to=None, packages_up_to_regex=None, packages_above=None, packages_above_and_dependencies=None, packages_above_depth=None, packages_select_by_dep=None, packages_skip_by_dep=None, packages_skip_up_to=None, packages_select_build_failed=False, packages_skip_build_finished=False, packages_select_test_failures=False, packages_skip_test_passed=False, packages_select=['scoutbot_description'], packages_skip=None, packages_select_regex=None, packages_skip_regex=None, packages_start=None, packages_end=None, allow_overriding=[], cmake_args=None, cmake_target=None, cmake_target_skip_unavailable=False, cmake_clean_cache=False, cmake_clean_first=False, cmake_force_configure=False, ament_cmake_args=None, catkin_cmake_args=None, catkin_skip_building_tests=False, verb_parser=<colcon_defaults.argument_parser.defaults.DefaultArgumentsDecorator object at 0x751d6a52bbe0>, verb_extension=<colcon_core.verb.build.BuildVerb object at 0x751d6a6d88b0>, main=<bound method BuildVerb.main of <colcon_core.verb.build.BuildVerb object at 0x751d6a6d88b0>>)
[3.555s] Level 1:colcon.colcon_core.package_discovery:discover_packages(colcon_meta) check parameters
[3.556s] Level 1:colcon.colcon_core.package_discovery:discover_packages(recursive) check parameters
[3.556s] Level 1:colcon.colcon_core.package_discovery:discover_packages(ignore) check parameters
[3.556s] Level 1:colcon.colcon_core.package_discovery:discover_packages(path) check parameters
[3.556s] Level 1:colcon.colcon_core.package_discovery:discover_packages(colcon_meta) discover
[3.556s] Level 1:colcon.colcon_core.package_discovery:discover_packages(recursive) discover
[3.556s] INFO:colcon.colcon_core.package_discovery:Crawling recursively for packages in '/home/bbhanda/scoutbot_ws/src'
[3.556s] Level 1:colcon.colcon_core.package_identification:_identify(.) by extensions ['ignore', 'ignore_ament_install']
[3.556s] Level 1:colcon.colcon_core.package_identification:_identify(.) by extension 'ignore'
[3.556s] Level 1:colcon.colcon_core.package_identification:_identify(.) by extension 'ignore_ament_install'
[3.556s] Level 1:colcon.colcon_core.package_identification:_identify(.) by extensions ['colcon_pkg']
[3.556s] Level 1:colcon.colcon_core.package_identification:_identify(.) by extension 'colcon_pkg'
[3.556s] Level 1:colcon.colcon_core.package_identification:_identify(.) by extensions ['colcon_meta']
[3.556s] Level 1:colcon.colcon_core.package_identification:_identify(.) by extension 'colcon_meta'
[3.556s] Level 1:colcon.colcon_core.package_identification:_identify(.) by extensions ['ros']
[3.556s] Level 1:colcon.colcon_core.package_identification:_identify(.) by extension 'ros'
[3.675s] Level 1:colcon.colcon_core.package_identification:_identify(.) by extensions ['cmake', 'python']
[3.675s] Level 1:colcon.colcon_core.package_identification:_identify(.) by extension 'cmake'
[3.675s] Level 1:colcon.colcon_core.package_identification:_identify(.) by extension 'python'
[3.675s] Level 1:colcon.colcon_core.package_identification:_identify(.) by extensions ['python_setup_py']
[3.675s] Level 1:colcon.colcon_core.package_identification:_identify(.) by extension 'python_setup_py'
[3.675s] Level 1:colcon.colcon_core.package_identification:_identify(arm_controller) by extensions ['ignore', 'ignore_ament_install']
[3.676s] Level 1:colcon.colcon_core.package_identification:_identify(arm_controller) by extension 'ignore'
[3.676s] Level 1:colcon.colcon_core.package_identification:_identify(arm_controller) by extension 'ignore_ament_install'
[3.676s] Level 1:colcon.colcon_core.package_identification:_identify(arm_controller) by extensions ['colcon_pkg']
[3.676s] Level 1:colcon.colcon_core.package_identification:_identify(arm_controller) by extension 'colcon_pkg'
[3.676s] Level 1:colcon.colcon_core.package_identification:_identify(arm_controller) by extensions ['colcon_meta']
[3.676s] Level 1:colcon.colcon_core.package_identification:_identify(arm_controller) by extension 'colcon_meta'
[3.676s] Level 1:colcon.colcon_core.package_identification:_identify(arm_controller) by extensions ['ros']
[3.676s] Level 1:colcon.colcon_core.package_identification:_identify(arm_controller) by extension 'ros'
[3.731s] DEBUG:colcon.colcon_core.package_identification:Package 'arm_controller' with type 'ros.ament_python' and name 'arm_controller'
[3.732s] Level 1:colcon.colcon_core.package_identification:_identify(build) by extensions ['ignore', 'ignore_ament_install']
[3.732s] Level 1:colcon.colcon_core.package_identification:_identify(build) by extension 'ignore'
[3.732s] Level 1:colcon.colcon_core.package_identification:_identify(build) ignored
[3.734s] Level 1:colcon.colcon_core.package_identification:_identify(install) by extensions ['ignore', 'ignore_ament_install']
[3.734s] Level 1:colcon.colcon_core.package_identification:_identify(install) by extension 'ignore'
[3.734s] Level 1:colcon.colcon_core.package_identification:_identify(install) ignored
[3.734s] Level 1:colcon.colcon_core.package_identification:_identify(log) by extensions ['ignore', 'ignore_ament_install']
[3.734s] Level 1:colcon.colcon_core.package_identification:_identify(log) by extension 'ignore'
[3.734s] Level 1:colcon.colcon_core.package_identification:_identify(log) ignored
[3.734s] Level 1:colcon.colcon_core.package_identification:_identify(scoutbot_description) by extensions ['ignore', 'ignore_ament_install']
[3.734s] Level 1:colcon.colcon_core.package_identification:_identify(scoutbot_description) by extension 'ignore'
[3.734s] Level 1:colcon.colcon_core.package_identification:_identify(scoutbot_description) by extension 'ignore_ament_install'
[3.734s] Level 1:colcon.colcon_core.package_identification:_identify(scoutbot_description) by extensions ['colcon_pkg']
[3.734s] Level 1:colcon.colcon_core.package_identification:_identify(scoutbot_description) by extension 'colcon_pkg'
[3.735s] Level 1:colcon.colcon_core.package_identification:_identify(scoutbot_description) by extensions ['colcon_meta']
[3.735s] Level 1:colcon.colcon_core.package_identification:_identify(scoutbot_description) by extension 'colcon_meta'
[3.735s] Level 1:colcon.colcon_core.package_identification:_identify(scoutbot_description) by extensions ['ros']
[3.735s] Level 1:colcon.colcon_core.package_identification:_identify(scoutbot_description) by extension 'ros'
[3.762s] DEBUG:colcon.colcon_core.package_identification:Package 'scoutbot_description' with type 'ros.ament_python' and name 'scoutbot_description'
[3.763s] Level 1:colcon.colcon_core.package_identification:_identify(scoutbot_sim) by extensions ['ignore', 'ignore_ament_install']
[3.763s] Level 1:colcon.colcon_core.package_identification:_identify(scoutbot_sim) by extension 'ignore'
[3.763s] Level 1:colcon.colcon_core.package_identification:_identify(scoutbot_sim) by extension 'ignore_ament_install'
[3.764s] Level 1:colcon.colcon_core.package_identification:_identify(scoutbot_sim) by extensions ['colcon_pkg']
[3.764s] Level 1:colcon.colcon_core.package_identification:_identify(scoutbot_sim) by extension 'colcon_pkg'
[3.764s] Level 1:colcon.colcon_core.package_identification:_identify(scoutbot_sim) by extensions ['colcon_meta']
[3.764s] Level 1:colcon.colcon_core.package_identification:_identify(scoutbot_sim) by extension 'colcon_meta'
[3.764s] Level 1:colcon.colcon_core.package_identification:_identify(scoutbot_sim) by extensions ['ros']
[3.765s] Level 1:colcon.colcon_core.package_identification:_identify(scoutbot_sim) by extension 'ros'
[3.803s] DEBUG:colcon.colcon_core.package_identification:Package 'scoutbot_sim' with type 'ros.ament_cmake' and name 'scoutbot_sim'
[3.803s] Level 1:colcon.colcon_core.package_discovery:discover_packages(recursive) using defaults
[3.803s] Level 1:colcon.colcon_core.package_discovery:discover_packages(ignore) discover
[3.803s] Level 1:colcon.colcon_core.package_discovery:discover_packages(ignore) using defaults
[3.803s] Level 1:colcon.colcon_core.package_discovery:discover_packages(path) discover
[3.803s] Level 1:colcon.colcon_core.package_discovery:discover_packages(path) using defaults
[4.161s] INFO:colcon.colcon_core.package_selection:Skipping not selected package 'arm_controller' in 'arm_controller'
[4.161s] INFO:colcon.colcon_core.package_selection:Skipping not selected package 'scoutbot_sim' in 'scoutbot_sim'
[4.176s] Level 1:colcon.colcon_core.package_discovery:discover_packages(prefix_path) check parameters
[4.176s] Level 1:colcon.colcon_core.package_discovery:discover_packages(prefix_path) discover
[4.253s] DEBUG:colcon.colcon_installed_package_information.package_discovery:Found 304 installed packages in /opt/ros/humble
[4.267s] Level 1:colcon.colcon_core.package_discovery:discover_packages(prefix_path) using defaults
[4.339s] Level 5:colcon.colcon_core.verb:set package 'scoutbot_description' build argument 'cmake_args' from command line to 'None'
[4.340s] Level 5:colcon.colcon_core.verb:set package 'scoutbot_description' build argument 'cmake_target' from command line to 'None'
[4.340s] Level 5:colcon.colcon_core.verb:set package 'scoutbot_description' build argument 'cmake_target_skip_unavailable' from command line to 'False'
[4.340s] Level 5:colcon.colcon_core.verb:set package 'scoutbot_description' build argument 'cmake_clean_cache' from command line to 'False'
[4.340s] Level 5:colcon.colcon_core.verb:set package 'scoutbot_description' build argument 'cmake_clean_first' from command line to 'False'
[4.340s] Level 5:colcon.colcon_core.verb:set package 'scoutbot_description' build argument 'cmake_force_configure' from command line to 'False'
[4.340s] Level 5:colcon.colcon_core.verb:set package 'scoutbot_description' build argument 'ament_cmake_args' from command line to 'None'
[4.340s] Level 5:colcon.colcon_core.verb:set package 'scoutbot_description' build argument 'catkin_cmake_args' from command line to 'None'
[4.340s] Level 5:colcon.colcon_core.verb:set package 'scoutbot_description' build argument 'catkin_skip_building_tests' from command line to 'False'
[4.340s] DEBUG:colcon.colcon_core.verb:Building package 'scoutbot_description' with the following arguments: {'ament_cmake_args': None, 'build_base': '/home/bbhanda/scoutbot_ws/src/build/scoutbot_description', 'catkin_cmake_args': None, 'catkin_skip_building_tests': False, 'cmake_args': None, 'cmake_clean_cache': False, 'cmake_clean_first': False, 'cmake_force_configure': False, 'cmake_target': None, 'cmake_target_skip_unavailable': False, 'install_base': '/home/bbhanda/scoutbot_ws/src/install/scoutbot_description', 'merge_install': False, 'path': '/home/bbhanda/scoutbot_ws/src/scoutbot_description', 'symlink_install': False, 'test_result_base': None}
[4.340s] INFO:colcon.colcon_core.executor:Executing jobs using 'parallel' executor
[4.341s] DEBUG:colcon.colcon_parallel_executor.executor.parallel:run_until_complete
[4.343s] INFO:colcon.colcon_ros.task.ament_python.build:Building ROS package in '/home/bbhanda/scoutbot_ws/src/scoutbot_description' with build type 'ament_python'
[4.343s] Level 1:colcon.colcon_core.shell:create_environment_hook('scoutbot_description', 'ament_prefix_path')
[4.401s] INFO:colcon.colcon_core.plugin_system:Skipping extension 'colcon_core.shell.bat': Not used on non-Windows systems
[4.401s] INFO:colcon.colcon_core.shell:Creating environment hook '/home/bbhanda/scoutbot_ws/src/install/scoutbot_description/share/scoutbot_description/hook/ament_prefix_path.ps1'
[4.421s] INFO:colcon.colcon_core.shell:Creating environment descriptor '/home/bbhanda/scoutbot_ws/src/install/scoutbot_description/share/scoutbot_description/hook/ament_prefix_path.dsv'
[4.447s] INFO:colcon.colcon_core.shell:Creating environment hook '/home/bbhanda/scoutbot_ws/src/install/scoutbot_description/share/scoutbot_description/hook/ament_prefix_path.sh'
[4.473s] INFO:colcon.colcon_core.shell:Skip shell extension 'powershell' for command environment: Not usable outside of PowerShell
[4.474s] DEBUG:colcon.colcon_core.shell:Skip shell extension 'dsv' for command environment
[4.849s] INFO:colcon.colcon_core.task.python.build:Building Python package in '/home/bbhanda/scoutbot_ws/src/scoutbot_description'
[4.850s] INFO:colcon.colcon_core.shell:Skip shell extension 'powershell' for command environment: Not usable outside of PowerShell
[4.850s] DEBUG:colcon.colcon_core.shell:Skip shell extension 'dsv' for command environment
[12.099s] DEBUG:colcon.colcon_core.event_handler.log_command:Invoking command in '/home/bbhanda/scoutbot_ws/src/scoutbot_description': PYTHONPATH=/home/bbhanda/scoutbot_ws/src/build/scoutbot_description/prefix_override:/usr/lib/python3/dist-packages/colcon_core/task/python/colcon_distutils_commands:/home/bbhanda/scoutbot_ws/src/install/scoutbot_description/lib/python3.10/site-packages:${PYTHONPATH} /usr/bin/python3 -W ignore:setup.py install is deprecated -W ignore:easy_install command is deprecated setup.py egg_info --egg-base ../build/scoutbot_description build --build-base /home/bbhanda/scoutbot_ws/src/build/scoutbot_description/build install --record /home/bbhanda/scoutbot_ws/src/build/scoutbot_description/install.log --single-version-externally-managed install_data
[12.528s] DEBUG:colcon.colcon_core.event_handler.log_command:Invoked command in '/home/bbhanda/scoutbot_ws/src/scoutbot_description' returned '0': PYTHONPATH=/home/bbhanda/scoutbot_ws/src/build/scoutbot_description/prefix_override:/usr/lib/python3/dist-packages/colcon_core/task/python/colcon_distutils_commands:/home/bbhanda/scoutbot_ws/src/install/scoutbot_description/lib/python3.10/site-packages:${PYTHONPATH} /usr/bin/python3 -W ignore:setup.py install is deprecated -W ignore:easy_install command is deprecated setup.py egg_info --egg-base ../build/scoutbot_description build --build-base /home/bbhanda/scoutbot_ws/src/build/scoutbot_description/build install --record /home/bbhanda/scoutbot_ws/src/build/scoutbot_description/install.log --single-version-externally-managed install_data
[13.290s] Level 1:colcon.colcon_core.environment:checking '/home/bbhanda/scoutbot_ws/src/install/scoutbot_description' for CMake module files
[13.290s] Level 1:colcon.colcon_core.environment:checking '/home/bbhanda/scoutbot_ws/src/install/scoutbot_description' for CMake config files
[13.291s] Level 1:colcon.colcon_core.environment:checking '/home/bbhanda/scoutbot_ws/src/install/scoutbot_description/lib'
[13.292s] Level 1:colcon.colcon_core.environment:checking '/home/bbhanda/scoutbot_ws/src/install/scoutbot_description/bin'
[13.292s] Level 1:colcon.colcon_core.environment:checking '/home/bbhanda/scoutbot_ws/src/install/scoutbot_description/lib/pkgconfig/scoutbot_description.pc'
[13.292s] Level 1:colcon.colcon_core.environment:checking '/home/bbhanda/scoutbot_ws/src/install/scoutbot_description/lib/python3.10/site-packages'
[13.292s] Level 1:colcon.colcon_core.shell:create_environment_hook('scoutbot_description', 'pythonpath')
[13.292s] INFO:colcon.colcon_core.shell:Creating environment hook '/home/bbhanda/scoutbot_ws/src/install/scoutbot_description/share/scoutbot_description/hook/pythonpath.ps1'
[13.293s] INFO:colcon.colcon_core.shell:Creating environment descriptor '/home/bbhanda/scoutbot_ws/src/install/scoutbot_description/share/scoutbot_description/hook/pythonpath.dsv'
[13.294s] INFO:colcon.colcon_core.shell:Creating environment hook '/home/bbhanda/scoutbot_ws/src/install/scoutbot_description/share/scoutbot_description/hook/pythonpath.sh'
[13.295s] Level 1:colcon.colcon_core.environment:checking '/home/bbhanda/scoutbot_ws/src/install/scoutbot_description/bin'
[13.295s] Level 1:colcon.colcon_core.environment:create_environment_scripts_only(scoutbot_description)
[13.296s] INFO:colcon.colcon_core.shell:Creating package script '/home/bbhanda/scoutbot_ws/src/install/scoutbot_description/share/scoutbot_description/package.ps1'
[13.595s] INFO:colcon.colcon_core.shell:Creating package descriptor '/home/bbhanda/scoutbot_ws/src/install/scoutbot_description/share/scoutbot_description/package.dsv'
[13.745s] INFO:colcon.colcon_core.shell:Creating package script '/home/bbhanda/scoutbot_ws/src/install/scoutbot_description/share/scoutbot_description/package.sh'
[13.753s] INFO:colcon.colcon_core.shell:Creating package script '/home/bbhanda/scoutbot_ws/src/install/scoutbot_description/share/scoutbot_description/package.bash'
[13.870s] INFO:colcon.colcon_core.shell:Creating package script '/home/bbhanda/scoutbot_ws/src/install/scoutbot_description/share/scoutbot_description/package.zsh'
[14.053s] Level 1:colcon.colcon_core.environment:create_file_with_runtime_dependencies(/home/bbhanda/scoutbot_ws/src/install/scoutbot_description/share/colcon-core/packages/scoutbot_description)
[14.054s] DEBUG:colcon.colcon_parallel_executor.executor.parallel:closing loop
[14.054s] DEBUG:colcon.colcon_parallel_executor.executor.parallel:loop closed
[14.054s] DEBUG:colcon.colcon_parallel_executor.executor.parallel:run_until_complete finished with '0'
[14.055s] DEBUG:colcon.colcon_core.event_reactor:joining thread
[14.362s] INFO:colcon.colcon_core.plugin_system:Skipping extension 'colcon_notification.desktop_notification.terminal_notifier': Not used on non-Darwin systems
[14.362s] INFO:colcon.colcon_core.plugin_system:Skipping extension 'colcon_notification.desktop_notification.win32': Not used on non-Windows systems
[14.362s] INFO:colcon.colcon_notification.desktop_notification:Sending desktop notification using 'notify2'
[14.403s] DEBUG:colcon.colcon_core.event_reactor:joined thread
[14.404s] INFO:colcon.colcon_core.shell:Creating prefix script '/home/bbhanda/scoutbot_ws/src/install/local_setup.ps1'
[14.588s] INFO:colcon.colcon_core.shell:Creating prefix util module '/home/bbhanda/scoutbot_ws/src/install/_local_setup_util_ps1.py'
[14.721s] INFO:colcon.colcon_core.shell:Creating prefix chain script '/home/bbhanda/scoutbot_ws/src/install/setup.ps1'
[14.755s] INFO:colcon.colcon_core.shell:Creating prefix script '/home/bbhanda/scoutbot_ws/src/install/local_setup.sh'
[14.759s] INFO:colcon.colcon_core.shell:Creating prefix util module '/home/bbhanda/scoutbot_ws/src/install/_local_setup_util_sh.py'
[14.760s] INFO:colcon.colcon_core.shell:Creating prefix chain script '/home/bbhanda/scoutbot_ws/src/install/setup.sh'
[14.766s] INFO:colcon.colcon_core.shell:Creating prefix script '/home/bbhanda/scoutbot_ws/src/install/local_setup.bash'
[14.770s] INFO:colcon.colcon_core.shell:Creating prefix chain script '/home/bbhanda/scoutbot_ws/src/install/setup.bash'
[14.774s] INFO:colcon.colcon_core.shell:Creating prefix script '/home/bbhanda/scoutbot_ws/src/install/local_setup.zsh'
[14.778s] INFO:colcon.colcon_core.shell:Creating prefix chain script '/home/bbhanda/scoutbot_ws/src/install/setup.zsh'
