[1.196s] Invoking command in '/home/bbhanda/scoutbot_ws/src/arm_controller': PYTHONPATH=/home/bbhanda/scoutbot_ws/build/arm_controller/prefix_override:/usr/lib/python3/dist-packages/colcon_core/task/python/colcon_distutils_commands:/home/bbhanda/scoutbot_ws/install/arm_controller/lib/python3.10/site-packages:${PYTHONPATH} /usr/bin/python3 -W ignore:setup.py install is deprecated -W ignore:easy_install command is deprecated setup.py egg_info --egg-base ../../build/arm_controller build --build-base /home/bbhanda/scoutbot_ws/build/arm_controller/build install --record /home/bbhanda/scoutbot_ws/build/arm_controller/install.log --single-version-externally-managed install_data
[1.514s] running egg_info
[1.514s] creating ../../build/arm_controller/arm_controller.egg-info
[1.514s] writing ../../build/arm_controller/arm_controller.egg-info/PKG-INFO
[1.514s] writing dependency_links to ../../build/arm_controller/arm_controller.egg-info/dependency_links.txt
[1.514s] writing entry points to ../../build/arm_controller/arm_controller.egg-info/entry_points.txt
[1.515s] writing requirements to ../../build/arm_controller/arm_controller.egg-info/requires.txt
[1.515s] writing top-level names to ../../build/arm_controller/arm_controller.egg-info/top_level.txt
[1.515s] writing manifest file '../../build/arm_controller/arm_controller.egg-info/SOURCES.txt'
[1.517s] reading manifest file '../../build/arm_controller/arm_controller.egg-info/SOURCES.txt'
[1.518s] writing manifest file '../../build/arm_controller/arm_controller.egg-info/SOURCES.txt'
[1.518s] running build
[1.518s] running build_py
[1.518s] creating /home/bbhanda/scoutbot_ws/build/arm_controller/build
[1.518s] creating /home/bbhanda/scoutbot_ws/build/arm_controller/build/lib
[1.518s] creating /home/bbhanda/scoutbot_ws/build/arm_controller/build/lib/arm_controller
[1.518s] copying arm_controller/joint_subscriber.py -> /home/bbhanda/scoutbot_ws/build/arm_controller/build/lib/arm_controller
[1.518s] copying arm_controller/__init__.py -> /home/bbhanda/scoutbot_ws/build/arm_controller/build/lib/arm_controller
[1.518s] copying arm_controller/joint_publisher.py -> /home/bbhanda/scoutbot_ws/build/arm_controller/build/lib/arm_controller
[1.519s] running install
[1.519s] running install_lib
[1.520s] creating /home/bbhanda/scoutbot_ws/install/arm_controller/lib/python3.10/site-packages/arm_controller
[1.520s] copying /home/bbhanda/scoutbot_ws/build/arm_controller/build/lib/arm_controller/joint_subscriber.py -> /home/bbhanda/scoutbot_ws/install/arm_controller/lib/python3.10/site-packages/arm_controller
[1.520s] copying /home/bbhanda/scoutbot_ws/build/arm_controller/build/lib/arm_controller/__init__.py -> /home/bbhanda/scoutbot_ws/install/arm_controller/lib/python3.10/site-packages/arm_controller
[1.520s] copying /home/bbhanda/scoutbot_ws/build/arm_controller/build/lib/arm_controller/joint_publisher.py -> /home/bbhanda/scoutbot_ws/install/arm_controller/lib/python3.10/site-packages/arm_controller
[1.521s] byte-compiling /home/bbhanda/scoutbot_ws/install/arm_controller/lib/python3.10/site-packages/arm_controller/joint_subscriber.py to joint_subscriber.cpython-310.pyc
[1.526s] byte-compiling /home/bbhanda/scoutbot_ws/install/arm_controller/lib/python3.10/site-packages/arm_controller/__init__.py to __init__.cpython-310.pyc
[1.526s] byte-compiling /home/bbhanda/scoutbot_ws/install/arm_controller/lib/python3.10/site-packages/arm_controller/joint_publisher.py to joint_publisher.cpython-310.pyc
[1.526s] running install_data
[1.526s] creating /home/bbhanda/scoutbot_ws/install/arm_controller/share/ament_index
[1.526s] creating /home/bbhanda/scoutbot_ws/install/arm_controller/share/ament_index/resource_index
[1.526s] creating /home/bbhanda/scoutbot_ws/install/arm_controller/share/ament_index/resource_index/packages
[1.527s] copying resource/arm_controller -> /home/bbhanda/scoutbot_ws/install/arm_controller/share/ament_index/resource_index/packages
[1.527s] copying package.xml -> /home/bbhanda/scoutbot_ws/install/arm_controller/share/arm_controller
[1.527s] running install_egg_info
[1.529s] Copying ../../build/arm_controller/arm_controller.egg-info to /home/bbhanda/scoutbot_ws/install/arm_controller/lib/python3.10/site-packages/arm_controller-0.0.0-py3.10.egg-info
[1.530s] running install_scripts
[1.555s] Installing joint_publisher script to /home/bbhanda/scoutbot_ws/install/arm_controller/lib/arm_controller
[1.556s] Installing joint_subscriber script to /home/bbhanda/scoutbot_ws/install/arm_controller/lib/arm_controller
[1.556s] writing list of installed files to '/home/bbhanda/scoutbot_ws/build/arm_controller/install.log'
[1.601s] Invoked command in '/home/bbhanda/scoutbot_ws/src/arm_controller' returned '0': PYTHONPATH=/home/bbhanda/scoutbot_ws/build/arm_controller/prefix_override:/usr/lib/python3/dist-packages/colcon_core/task/python/colcon_distutils_commands:/home/bbhanda/scoutbot_ws/install/arm_controller/lib/python3.10/site-packages:${PYTHONPATH} /usr/bin/python3 -W ignore:setup.py install is deprecated -W ignore:easy_install command is deprecated setup.py egg_info --egg-base ../../build/arm_controller build --build-base /home/bbhanda/scoutbot_ws/build/arm_controller/build install --record /home/bbhanda/scoutbot_ws/build/arm_controller/install.log --single-version-externally-managed install_data
