/home/bbhanda/scoutbot_ws/src/scoutbot_description/install/scoutbot_description/lib/python3.10/site-packages/scoutbot_description/__init__.py
/home/bbhanda/scoutbot_ws/src/scoutbot_description/install/scoutbot_description/lib/python3.10/site-packages/scoutbot_description/joint_sim.py
/home/bbhanda/scoutbot_ws/src/scoutbot_description/install/scoutbot_description/lib/python3.10/site-packages/scoutbot_description/__pycache__/__init__.cpython-310.pyc
/home/bbhanda/scoutbot_ws/src/scoutbot_description/install/scoutbot_description/lib/python3.10/site-packages/scoutbot_description/__pycache__/joint_sim.cpython-310.pyc
/home/bbhanda/scoutbot_ws/src/scoutbot_description/install/scoutbot_description/share/ament_index/resource_index/packages/scoutbot_description
/home/bbhanda/scoutbot_ws/src/scoutbot_description/install/scoutbot_description/share/scoutbot_description/package.xml
/home/bbhanda/scoutbot_ws/src/scoutbot_description/install/scoutbot_description/share/scoutbot_description/launch/display.launch.py
/home/bbhanda/scoutbot_ws/src/scoutbot_description/install/scoutbot_description/share/scoutbot_description/launch/gazebo.launch.py
/home/bbhanda/scoutbot_ws/src/scoutbot_description/install/scoutbot_description/share/scoutbot_description/urdf/arm.urdf.xacro
/home/bbhanda/scoutbot_ws/src/scoutbot_description/install/scoutbot_description/share/scoutbot_description/meshes/Joint_1.stl
/home/bbhanda/scoutbot_ws/src/scoutbot_description/install/scoutbot_description/share/scoutbot_description/meshes/Base_Cover.stl
/home/bbhanda/scoutbot_ws/src/scoutbot_description/install/scoutbot_description/share/scoutbot_description/meshes/Base.stl
/home/bbhanda/scoutbot_ws/src/scoutbot_description/install/scoutbot_description/share/scoutbot_description/meshes/Link_4-Joint_5.stl
/home/bbhanda/scoutbot_ws/src/scoutbot_description/install/scoutbot_description/share/scoutbot_description/meshes/Link_2-Joint_3.stl
/home/bbhanda/scoutbot_ws/src/scoutbot_description/install/scoutbot_description/share/scoutbot_description/meshes/Link_1-Joint_2.stl
/home/bbhanda/scoutbot_ws/src/scoutbot_description/install/scoutbot_description/share/scoutbot_description/meshes/Link_3-Joint_4.stl
/home/bbhanda/scoutbot_ws/src/scoutbot_description/install/scoutbot_description/share/scoutbot_description/meshes/Link_5-Joint_6.stl
/home/bbhanda/scoutbot_ws/src/scoutbot_description/install/scoutbot_description/share/scoutbot_description/config/controller.yaml
/home/bbhanda/scoutbot_ws/src/scoutbot_description/install/scoutbot_description/lib/python3.10/site-packages/scoutbot_description-0.0.0-py3.10.egg-info/dependency_links.txt
/home/bbhanda/scoutbot_ws/src/scoutbot_description/install/scoutbot_description/lib/python3.10/site-packages/scoutbot_description-0.0.0-py3.10.egg-info/top_level.txt
/home/bbhanda/scoutbot_ws/src/scoutbot_description/install/scoutbot_description/lib/python3.10/site-packages/scoutbot_description-0.0.0-py3.10.egg-info/requires.txt
/home/bbhanda/scoutbot_ws/src/scoutbot_description/install/scoutbot_description/lib/python3.10/site-packages/scoutbot_description-0.0.0-py3.10.egg-info/zip-safe
/home/bbhanda/scoutbot_ws/src/scoutbot_description/install/scoutbot_description/lib/python3.10/site-packages/scoutbot_description-0.0.0-py3.10.egg-info/PKG-INFO
/home/bbhanda/scoutbot_ws/src/scoutbot_description/install/scoutbot_description/lib/python3.10/site-packages/scoutbot_description-0.0.0-py3.10.egg-info/SOURCES.txt
/home/bbhanda/scoutbot_ws/src/scoutbot_description/install/scoutbot_description/lib/python3.10/site-packages/scoutbot_description-0.0.0-py3.10.egg-info/entry_points.txt
/home/bbhanda/scoutbot_ws/src/scoutbot_description/install/scoutbot_description/lib/scoutbot_description/joint_sim
