[0.258s] DEBUG:colcon:Command line arguments: ['/usr/bin/colcon', 'build', '--packages-select', 'scoutbot_sim']
[0.258s] DEBUG:colcon:Parsed command line arguments: Namespace(log_base=None, log_level=None, verb_name='build', build_base='build', install_base='install', merge_install=False, symlink_install=False, test_result_base=None, continue_on_error=False, executor='parallel', parallel_workers=8, event_handlers=None, ignore_user_meta=False, metas=['./colcon.meta'], base_paths=['.'], packages_ignore=None, packages_ignore_regex=None, paths=None, packages_up_to=None, packages_up_to_regex=None, packages_above=None, packages_above_and_dependencies=None, packages_above_depth=None, packages_select_by_dep=None, packages_skip_by_dep=None, packages_skip_up_to=None, packages_select_build_failed=False, packages_skip_build_finished=False, packages_select_test_failures=False, packages_skip_test_passed=False, packages_select=['scoutbot_sim'], packages_skip=None, packages_select_regex=None, packages_skip_regex=None, packages_start=None, packages_end=None, allow_overriding=[], cmake_args=None, cmake_target=None, cmake_target_skip_unavailable=False, cmake_clean_cache=False, cmake_clean_first=False, cmake_force_configure=False, ament_cmake_args=None, catkin_cmake_args=None, catkin_skip_building_tests=False, verb_parser=<colcon_defaults.argument_parser.defaults.DefaultArgumentsDecorator object at 0x7054cbd37460>, verb_extension=<colcon_core.verb.build.BuildVerb object at 0x7054cbee4250>, main=<bound method BuildVerb.main of <colcon_core.verb.build.BuildVerb object at 0x7054cbee4250>>)
[2.935s] Level 1:colcon.colcon_core.package_discovery:discover_packages(colcon_meta) check parameters
[2.935s] Level 1:colcon.colcon_core.package_discovery:discover_packages(recursive) check parameters
[2.935s] Level 1:colcon.colcon_core.package_discovery:discover_packages(ignore) check parameters
[2.935s] Level 1:colcon.colcon_core.package_discovery:discover_packages(path) check parameters
[2.936s] Level 1:colcon.colcon_core.package_discovery:discover_packages(colcon_meta) discover
[2.936s] Level 1:colcon.colcon_core.package_discovery:discover_packages(recursive) discover
[2.936s] INFO:colcon.colcon_core.package_discovery:Crawling recursively for packages in '/home/bbhanda/scoutbot_ws/src'
[2.936s] Level 1:colcon.colcon_core.package_identification:_identify(.) by extensions ['ignore', 'ignore_ament_install']
[2.936s] Level 1:colcon.colcon_core.package_identification:_identify(.) by extension 'ignore'
[2.936s] Level 1:colcon.colcon_core.package_identification:_identify(.) by extension 'ignore_ament_install'
[2.936s] Level 1:colcon.colcon_core.package_identification:_identify(.) by extensions ['colcon_pkg']
[2.936s] Level 1:colcon.colcon_core.package_identification:_identify(.) by extension 'colcon_pkg'
[2.936s] Level 1:colcon.colcon_core.package_identification:_identify(.) by extensions ['colcon_meta']
[2.936s] Level 1:colcon.colcon_core.package_identification:_identify(.) by extension 'colcon_meta'
[2.936s] Level 1:colcon.colcon_core.package_identification:_identify(.) by extensions ['ros']
[2.936s] Level 1:colcon.colcon_core.package_identification:_identify(.) by extension 'ros'
[2.959s] Level 1:colcon.colcon_core.package_identification:_identify(.) by extensions ['cmake', 'python']
[2.960s] Level 1:colcon.colcon_core.package_identification:_identify(.) by extension 'cmake'
[2.960s] Level 1:colcon.colcon_core.package_identification:_identify(.) by extension 'python'
[2.961s] Level 1:colcon.colcon_core.package_identification:_identify(.) by extensions ['python_setup_py']
[2.961s] Level 1:colcon.colcon_core.package_identification:_identify(.) by extension 'python_setup_py'
[2.961s] Level 1:colcon.colcon_core.package_identification:_identify(arm_controller) by extensions ['ignore', 'ignore_ament_install']
[2.961s] Level 1:colcon.colcon_core.package_identification:_identify(arm_controller) by extension 'ignore'
[2.961s] Level 1:colcon.colcon_core.package_identification:_identify(arm_controller) by extension 'ignore_ament_install'
[2.961s] Level 1:colcon.colcon_core.package_identification:_identify(arm_controller) by extensions ['colcon_pkg']
[2.962s] Level 1:colcon.colcon_core.package_identification:_identify(arm_controller) by extension 'colcon_pkg'
[2.962s] Level 1:colcon.colcon_core.package_identification:_identify(arm_controller) by extensions ['colcon_meta']
[2.962s] Level 1:colcon.colcon_core.package_identification:_identify(arm_controller) by extension 'colcon_meta'
[2.962s] Level 1:colcon.colcon_core.package_identification:_identify(arm_controller) by extensions ['ros']
[2.962s] Level 1:colcon.colcon_core.package_identification:_identify(arm_controller) by extension 'ros'
[2.979s] DEBUG:colcon.colcon_core.package_identification:Package 'arm_controller' with type 'ros.ament_python' and name 'arm_controller'
[2.980s] Level 1:colcon.colcon_core.package_identification:_identify(build) by extensions ['ignore', 'ignore_ament_install']
[2.980s] Level 1:colcon.colcon_core.package_identification:_identify(build) by extension 'ignore'
[2.980s] Level 1:colcon.colcon_core.package_identification:_identify(build) ignored
[2.980s] Level 1:colcon.colcon_core.package_identification:_identify(install) by extensions ['ignore', 'ignore_ament_install']
[2.980s] Level 1:colcon.colcon_core.package_identification:_identify(install) by extension 'ignore'
[2.980s] Level 1:colcon.colcon_core.package_identification:_identify(install) ignored
[2.980s] Level 1:colcon.colcon_core.package_identification:_identify(log) by extensions ['ignore', 'ignore_ament_install']
[2.981s] Level 1:colcon.colcon_core.package_identification:_identify(log) by extension 'ignore'
[2.981s] Level 1:colcon.colcon_core.package_identification:_identify(log) ignored
[2.981s] Level 1:colcon.colcon_core.package_identification:_identify(scoutbot_description) by extensions ['ignore', 'ignore_ament_install']
[2.981s] Level 1:colcon.colcon_core.package_identification:_identify(scoutbot_description) by extension 'ignore'
[2.981s] Level 1:colcon.colcon_core.package_identification:_identify(scoutbot_description) by extension 'ignore_ament_install'
[2.981s] Level 1:colcon.colcon_core.package_identification:_identify(scoutbot_description) by extensions ['colcon_pkg']
[2.982s] Level 1:colcon.colcon_core.package_identification:_identify(scoutbot_description) by extension 'colcon_pkg'
[2.982s] Level 1:colcon.colcon_core.package_identification:_identify(scoutbot_description) by extensions ['colcon_meta']
[2.982s] Level 1:colcon.colcon_core.package_identification:_identify(scoutbot_description) by extension 'colcon_meta'
[2.982s] Level 1:colcon.colcon_core.package_identification:_identify(scoutbot_description) by extensions ['ros']
[2.982s] Level 1:colcon.colcon_core.package_identification:_identify(scoutbot_description) by extension 'ros'
[3.002s] DEBUG:colcon.colcon_core.package_identification:Package 'scoutbot_description' with type 'ros.ament_python' and name 'scoutbot_description'
[3.003s] Level 1:colcon.colcon_core.package_identification:_identify(scoutbot_sim) by extensions ['ignore', 'ignore_ament_install']
[3.003s] Level 1:colcon.colcon_core.package_identification:_identify(scoutbot_sim) by extension 'ignore'
[3.004s] Level 1:colcon.colcon_core.package_identification:_identify(scoutbot_sim) by extension 'ignore_ament_install'
[3.004s] Level 1:colcon.colcon_core.package_identification:_identify(scoutbot_sim) by extensions ['colcon_pkg']
[3.004s] Level 1:colcon.colcon_core.package_identification:_identify(scoutbot_sim) by extension 'colcon_pkg'
[3.004s] Level 1:colcon.colcon_core.package_identification:_identify(scoutbot_sim) by extensions ['colcon_meta']
[3.004s] Level 1:colcon.colcon_core.package_identification:_identify(scoutbot_sim) by extension 'colcon_meta'
[3.004s] Level 1:colcon.colcon_core.package_identification:_identify(scoutbot_sim) by extensions ['ros']
[3.005s] Level 1:colcon.colcon_core.package_identification:_identify(scoutbot_sim) by extension 'ros'
[3.010s] DEBUG:colcon.colcon_core.package_identification:Package 'scoutbot_sim' with type 'ros.ament_cmake' and name 'scoutbot_sim'
[3.010s] Level 1:colcon.colcon_core.package_discovery:discover_packages(recursive) using defaults
[3.010s] Level 1:colcon.colcon_core.package_discovery:discover_packages(ignore) discover
[3.010s] Level 1:colcon.colcon_core.package_discovery:discover_packages(ignore) using defaults
[3.010s] Level 1:colcon.colcon_core.package_discovery:discover_packages(path) discover
[3.010s] Level 1:colcon.colcon_core.package_discovery:discover_packages(path) using defaults
[3.133s] INFO:colcon.colcon_core.package_selection:Skipping not selected package 'arm_controller' in 'arm_controller'
[3.133s] INFO:colcon.colcon_core.package_selection:Skipping not selected package 'scoutbot_description' in 'scoutbot_description'
[3.134s] Level 1:colcon.colcon_core.package_discovery:discover_packages(prefix_path) check parameters
[3.134s] Level 1:colcon.colcon_core.package_discovery:discover_packages(prefix_path) discover
[3.142s] DEBUG:colcon.colcon_installed_package_information.package_discovery:Found 284 installed packages in /opt/ros/humble
[3.155s] Level 1:colcon.colcon_core.package_discovery:discover_packages(prefix_path) using defaults
[3.201s] Level 5:colcon.colcon_core.verb:set package 'scoutbot_sim' build argument 'cmake_args' from command line to 'None'
[3.201s] Level 5:colcon.colcon_core.verb:set package 'scoutbot_sim' build argument 'cmake_target' from command line to 'None'
[3.201s] Level 5:colcon.colcon_core.verb:set package 'scoutbot_sim' build argument 'cmake_target_skip_unavailable' from command line to 'False'
[3.201s] Level 5:colcon.colcon_core.verb:set package 'scoutbot_sim' build argument 'cmake_clean_cache' from command line to 'False'
[3.201s] Level 5:colcon.colcon_core.verb:set package 'scoutbot_sim' build argument 'cmake_clean_first' from command line to 'False'
[3.202s] Level 5:colcon.colcon_core.verb:set package 'scoutbot_sim' build argument 'cmake_force_configure' from command line to 'False'
[3.202s] Level 5:colcon.colcon_core.verb:set package 'scoutbot_sim' build argument 'ament_cmake_args' from command line to 'None'
[3.202s] Level 5:colcon.colcon_core.verb:set package 'scoutbot_sim' build argument 'catkin_cmake_args' from command line to 'None'
[3.202s] Level 5:colcon.colcon_core.verb:set package 'scoutbot_sim' build argument 'catkin_skip_building_tests' from command line to 'False'
[3.202s] DEBUG:colcon.colcon_core.verb:Building package 'scoutbot_sim' with the following arguments: {'ament_cmake_args': None, 'build_base': '/home/bbhanda/scoutbot_ws/src/build/scoutbot_sim', 'catkin_cmake_args': None, 'catkin_skip_building_tests': False, 'cmake_args': None, 'cmake_clean_cache': False, 'cmake_clean_first': False, 'cmake_force_configure': False, 'cmake_target': None, 'cmake_target_skip_unavailable': False, 'install_base': '/home/bbhanda/scoutbot_ws/src/install/scoutbot_sim', 'merge_install': False, 'path': '/home/bbhanda/scoutbot_ws/src/scoutbot_sim', 'symlink_install': False, 'test_result_base': None}
[3.202s] INFO:colcon.colcon_core.executor:Executing jobs using 'parallel' executor
[3.205s] DEBUG:colcon.colcon_parallel_executor.executor.parallel:run_until_complete
[3.205s] INFO:colcon.colcon_ros.task.ament_cmake.build:Building ROS package in '/home/bbhanda/scoutbot_ws/src/scoutbot_sim' with build type 'ament_cmake'
[3.205s] INFO:colcon.colcon_cmake.task.cmake.build:Building CMake package in '/home/bbhanda/scoutbot_ws/src/scoutbot_sim'
[3.213s] INFO:colcon.colcon_core.plugin_system:Skipping extension 'colcon_core.shell.bat': Not used on non-Windows systems
[3.214s] INFO:colcon.colcon_core.shell:Skip shell extension 'powershell' for command environment: Not usable outside of PowerShell
[3.214s] DEBUG:colcon.colcon_core.shell:Skip shell extension 'dsv' for command environment
[3.291s] DEBUG:colcon.colcon_core.event_handler.log_command:Invoking command in '/home/bbhanda/scoutbot_ws/src/build/scoutbot_sim': CMAKE_PREFIX_PATH=/opt/ros/humble /usr/bin/cmake --build /home/bbhanda/scoutbot_ws/src/build/scoutbot_sim -- -j8 -l8
[7.854s] DEBUG:colcon.colcon_core.event_handler.log_command:Invoked command in '/home/bbhanda/scoutbot_ws/src/build/scoutbot_sim' returned '0': CMAKE_PREFIX_PATH=/opt/ros/humble /usr/bin/cmake --build /home/bbhanda/scoutbot_ws/src/build/scoutbot_sim -- -j8 -l8
[7.882s] DEBUG:colcon.colcon_core.event_handler.log_command:Invoking command in '/home/bbhanda/scoutbot_ws/src/build/scoutbot_sim': CMAKE_PREFIX_PATH=/opt/ros/humble /usr/bin/cmake --install /home/bbhanda/scoutbot_ws/src/build/scoutbot_sim
[7.917s] Level 1:colcon.colcon_core.environment:create_environment_scripts_only(scoutbot_sim)
[7.918s] DEBUG:colcon.colcon_core.event_handler.log_command:Invoked command in '/home/bbhanda/scoutbot_ws/src/build/scoutbot_sim' returned '0': CMAKE_PREFIX_PATH=/opt/ros/humble /usr/bin/cmake --install /home/bbhanda/scoutbot_ws/src/build/scoutbot_sim
[7.949s] Level 1:colcon.colcon_core.environment:checking '/home/bbhanda/scoutbot_ws/src/install/scoutbot_sim' for CMake module files
[7.949s] Level 1:colcon.colcon_core.environment:checking '/home/bbhanda/scoutbot_ws/src/install/scoutbot_sim' for CMake config files
[7.949s] Level 1:colcon.colcon_core.shell:create_environment_hook('scoutbot_sim', 'cmake_prefix_path')
[7.950s] INFO:colcon.colcon_core.shell:Creating environment hook '/home/bbhanda/scoutbot_ws/src/install/scoutbot_sim/share/scoutbot_sim/hook/cmake_prefix_path.ps1'
[7.955s] INFO:colcon.colcon_core.shell:Creating environment descriptor '/home/bbhanda/scoutbot_ws/src/install/scoutbot_sim/share/scoutbot_sim/hook/cmake_prefix_path.dsv'
[7.962s] INFO:colcon.colcon_core.shell:Creating environment hook '/home/bbhanda/scoutbot_ws/src/install/scoutbot_sim/share/scoutbot_sim/hook/cmake_prefix_path.sh'
[7.964s] Level 1:colcon.colcon_core.environment:checking '/home/bbhanda/scoutbot_ws/src/install/scoutbot_sim/bin'
[7.965s] Level 1:colcon.colcon_core.environment:checking '/home/bbhanda/scoutbot_ws/src/install/scoutbot_sim/lib/pkgconfig/scoutbot_sim.pc'
[7.965s] Level 1:colcon.colcon_core.environment:checking '/home/bbhanda/scoutbot_ws/src/install/scoutbot_sim/lib/python3.10/site-packages'
[7.965s] Level 1:colcon.colcon_core.environment:checking '/home/bbhanda/scoutbot_ws/src/install/scoutbot_sim/bin'
[7.965s] INFO:colcon.colcon_core.shell:Creating package script '/home/bbhanda/scoutbot_ws/src/install/scoutbot_sim/share/scoutbot_sim/package.ps1'
[7.968s] INFO:colcon.colcon_core.shell:Creating package descriptor '/home/bbhanda/scoutbot_ws/src/install/scoutbot_sim/share/scoutbot_sim/package.dsv'
[7.970s] INFO:colcon.colcon_core.shell:Creating package script '/home/bbhanda/scoutbot_ws/src/install/scoutbot_sim/share/scoutbot_sim/package.sh'
[7.972s] INFO:colcon.colcon_core.shell:Creating package script '/home/bbhanda/scoutbot_ws/src/install/scoutbot_sim/share/scoutbot_sim/package.bash'
[7.974s] INFO:colcon.colcon_core.shell:Creating package script '/home/bbhanda/scoutbot_ws/src/install/scoutbot_sim/share/scoutbot_sim/package.zsh'
[7.987s] Level 1:colcon.colcon_core.environment:create_file_with_runtime_dependencies(/home/bbhanda/scoutbot_ws/src/install/scoutbot_sim/share/colcon-core/packages/scoutbot_sim)
[7.989s] Level 1:colcon.colcon_core.environment:create_environment_scripts_only(scoutbot_sim)
[7.989s] Level 1:colcon.colcon_core.environment:checking '/home/bbhanda/scoutbot_ws/src/install/scoutbot_sim' for CMake module files
[7.990s] Level 1:colcon.colcon_core.environment:checking '/home/bbhanda/scoutbot_ws/src/install/scoutbot_sim' for CMake config files
[7.990s] Level 1:colcon.colcon_core.shell:create_environment_hook('scoutbot_sim', 'cmake_prefix_path')
[7.990s] INFO:colcon.colcon_core.shell:Creating environment hook '/home/bbhanda/scoutbot_ws/src/install/scoutbot_sim/share/scoutbot_sim/hook/cmake_prefix_path.ps1'
[7.991s] INFO:colcon.colcon_core.shell:Creating environment descriptor '/home/bbhanda/scoutbot_ws/src/install/scoutbot_sim/share/scoutbot_sim/hook/cmake_prefix_path.dsv'
[7.991s] INFO:colcon.colcon_core.shell:Creating environment hook '/home/bbhanda/scoutbot_ws/src/install/scoutbot_sim/share/scoutbot_sim/hook/cmake_prefix_path.sh'
[7.992s] Level 1:colcon.colcon_core.environment:checking '/home/bbhanda/scoutbot_ws/src/install/scoutbot_sim/bin'
[7.992s] Level 1:colcon.colcon_core.environment:checking '/home/bbhanda/scoutbot_ws/src/install/scoutbot_sim/lib/pkgconfig/scoutbot_sim.pc'
[7.993s] Level 1:colcon.colcon_core.environment:checking '/home/bbhanda/scoutbot_ws/src/install/scoutbot_sim/lib/python3.10/site-packages'
[7.993s] Level 1:colcon.colcon_core.environment:checking '/home/bbhanda/scoutbot_ws/src/install/scoutbot_sim/bin'
[7.993s] INFO:colcon.colcon_core.shell:Creating package script '/home/bbhanda/scoutbot_ws/src/install/scoutbot_sim/share/scoutbot_sim/package.ps1'
[7.994s] INFO:colcon.colcon_core.shell:Creating package descriptor '/home/bbhanda/scoutbot_ws/src/install/scoutbot_sim/share/scoutbot_sim/package.dsv'
[7.995s] INFO:colcon.colcon_core.shell:Creating package script '/home/bbhanda/scoutbot_ws/src/install/scoutbot_sim/share/scoutbot_sim/package.sh'
[7.996s] INFO:colcon.colcon_core.shell:Creating package script '/home/bbhanda/scoutbot_ws/src/install/scoutbot_sim/share/scoutbot_sim/package.bash'
[7.996s] INFO:colcon.colcon_core.shell:Creating package script '/home/bbhanda/scoutbot_ws/src/install/scoutbot_sim/share/scoutbot_sim/package.zsh'
[7.997s] Level 1:colcon.colcon_core.environment:create_file_with_runtime_dependencies(/home/bbhanda/scoutbot_ws/src/install/scoutbot_sim/share/colcon-core/packages/scoutbot_sim)
[7.998s] DEBUG:colcon.colcon_parallel_executor.executor.parallel:closing loop
[8.000s] DEBUG:colcon.colcon_parallel_executor.executor.parallel:loop closed
[8.000s] DEBUG:colcon.colcon_parallel_executor.executor.parallel:run_until_complete finished with '0'
[8.000s] DEBUG:colcon.colcon_core.event_reactor:joining thread
[8.010s] INFO:colcon.colcon_core.plugin_system:Skipping extension 'colcon_notification.desktop_notification.terminal_notifier': Not used on non-Darwin systems
[8.011s] INFO:colcon.colcon_core.plugin_system:Skipping extension 'colcon_notification.desktop_notification.win32': Not used on non-Windows systems
[8.011s] INFO:colcon.colcon_notification.desktop_notification:Sending desktop notification using 'notify2'
[8.040s] DEBUG:colcon.colcon_core.event_reactor:joined thread
[8.041s] INFO:colcon.colcon_core.shell:Creating prefix script '/home/bbhanda/scoutbot_ws/src/install/local_setup.ps1'
[8.054s] INFO:colcon.colcon_core.shell:Creating prefix util module '/home/bbhanda/scoutbot_ws/src/install/_local_setup_util_ps1.py'
[8.058s] INFO:colcon.colcon_core.shell:Creating prefix chain script '/home/bbhanda/scoutbot_ws/src/install/setup.ps1'
[8.065s] INFO:colcon.colcon_core.shell:Creating prefix script '/home/bbhanda/scoutbot_ws/src/install/local_setup.sh'
[8.069s] INFO:colcon.colcon_core.shell:Creating prefix util module '/home/bbhanda/scoutbot_ws/src/install/_local_setup_util_sh.py'
[8.070s] INFO:colcon.colcon_core.shell:Creating prefix chain script '/home/bbhanda/scoutbot_ws/src/install/setup.sh'
[8.072s] INFO:colcon.colcon_core.shell:Creating prefix script '/home/bbhanda/scoutbot_ws/src/install/local_setup.bash'
[8.075s] INFO:colcon.colcon_core.shell:Creating prefix chain script '/home/bbhanda/scoutbot_ws/src/install/setup.bash'
[8.078s] INFO:colcon.colcon_core.shell:Creating prefix script '/home/bbhanda/scoutbot_ws/src/install/local_setup.zsh'
[8.080s] INFO:colcon.colcon_core.shell:Creating prefix chain script '/home/bbhanda/scoutbot_ws/src/install/setup.zsh'
