running develop
running egg_info
writing scoutbot_description.egg-info/PKG-INFO
writing dependency_links to scoutbot_description.egg-info/dependency_links.txt
writing entry points to scoutbot_description.egg-info/entry_points.txt
writing requirements to scoutbot_description.egg-info/requires.txt
writing top-level names to scoutbot_description.egg-info/top_level.txt
reading manifest file 'scoutbot_description.egg-info/SOURCES.txt'
writing manifest file 'scoutbot_description.egg-info/SOURCES.txt'
running build_ext
Creating /home/bbhanda/scoutbot_ws/src/install/scoutbot_description/lib/python3.10/site-packages/scoutbot-description.egg-link (link to .)
Installing joint_sim script to /home/bbhanda/scoutbot_ws/src/install/scoutbot_description/lib/scoutbot_description

Installed /home/bbhanda/scoutbot_ws/src/build/scoutbot_description
running symlink_data
symbolically linking /home/bbhanda/scoutbot_ws/src/build/scoutbot_description/resource/scoutbot_description -> /home/bbhanda/scoutbot_ws/src/install/scoutbot_description/share/ament_index/resource_index/packages
symbolically linking /home/bbhanda/scoutbot_ws/src/build/scoutbot_description/package.xml -> /home/bbhanda/scoutbot_ws/src/install/scoutbot_description/share/scoutbot_description
symbolically linking /home/bbhanda/scoutbot_ws/src/build/scoutbot_description/launch/display.launch.py -> /home/bbhanda/scoutbot_ws/src/install/scoutbot_description/share/scoutbot_description/launch
symbolically linking /home/bbhanda/scoutbot_ws/src/build/scoutbot_description/urdf/arm.urdf.xacro -> /home/bbhanda/scoutbot_ws/src/install/scoutbot_description/share/scoutbot_description/urdf
symbolically linking /home/bbhanda/scoutbot_ws/src/build/scoutbot_description/meshes/Joint_1.stl -> /home/bbhanda/scoutbot_ws/src/install/scoutbot_description/share/scoutbot_description/meshes
symbolically linking /home/bbhanda/scoutbot_ws/src/build/scoutbot_description/meshes/Base_Cover.stl -> /home/bbhanda/scoutbot_ws/src/install/scoutbot_description/share/scoutbot_description/meshes
symbolically linking /home/bbhanda/scoutbot_ws/src/build/scoutbot_description/meshes/Base.stl -> /home/bbhanda/scoutbot_ws/src/install/scoutbot_description/share/scoutbot_description/meshes
symbolically linking /home/bbhanda/scoutbot_ws/src/build/scoutbot_description/meshes/Link_4-Joint_5.stl -> /home/bbhanda/scoutbot_ws/src/install/scoutbot_description/share/scoutbot_description/meshes
symbolically linking /home/bbhanda/scoutbot_ws/src/build/scoutbot_description/meshes/Link_2-Joint_3.stl -> /home/bbhanda/scoutbot_ws/src/install/scoutbot_description/share/scoutbot_description/meshes
symbolically linking /home/bbhanda/scoutbot_ws/src/build/scoutbot_description/meshes/Link_1-Joint_2.stl -> /home/bbhanda/scoutbot_ws/src/install/scoutbot_description/share/scoutbot_description/meshes
symbolically linking /home/bbhanda/scoutbot_ws/src/build/scoutbot_description/meshes/Link_3-Joint_4.stl -> /home/bbhanda/scoutbot_ws/src/install/scoutbot_description/share/scoutbot_description/meshes
symbolically linking /home/bbhanda/scoutbot_ws/src/build/scoutbot_description/meshes/Link_5-Joint_6.stl -> /home/bbhanda/scoutbot_ws/src/install/scoutbot_description/share/scoutbot_description/meshes
symbolically linking /home/bbhanda/scoutbot_ws/src/build/scoutbot_description/config/controller.yaml -> /home/bbhanda/scoutbot_ws/src/install/scoutbot_description/share/scoutbot_description/config
